[ 2017-09-22T09:55:40+08:00 ] ::1 /index.php/Home/Index/index.html
INFO: [ app_init ] --START--
INFO: Run Behavior\BuildLiteBehavior [ RunTime:0.000000s ]
INFO: [ app_init ] --END-- [ RunTime:0.000000s ]
INFO: [ app_begin ] --START--
INFO: Run Behavior\ReadHtmlCacheBehavior [ RunTime:0.001000s ]
INFO: [ app_begin ] --END-- [ RunTime:0.001000s ]
SQL: SHOW COLUMNS FROM `xlr_menus` [ RunTime:0.0030s ]
SQL: SELECT * FROM `xlr_menus` WHERE `display` = 1 AND `is_home` = 1 ORDER BY `order` asc  [ RunTime:0.0010s ]
INFO: [ view_parse ] --START--
INFO: [ template_filter ] --START--
INFO: Run Behavior\ContentReplaceBehavior [ RunTime:0.000000s ]
INFO: [ template_filter ] --END-- [ RunTime:0.000000s ]
NOTIC: [8] Use of undefined constant en - assumed 'en' C:\wamp\www\TP\App\Runtime\Cache\Home\c0dc342f211e104eba0a4afbe4b0b366.php 第 690 行.
NOTIC: [8] Use of undefined constant name - assumed 'name' C:\wamp\www\TP\App\Runtime\Cache\Home\c0dc342f211e104eba0a4afbe4b0b366.php 第 690 行.
NOTIC: [8] Use of undefined constant en - assumed 'en' C:\wamp\www\TP\App\Runtime\Cache\Home\c0dc342f211e104eba0a4afbe4b0b366.php 第 690 行.
NOTIC: [8] Use of undefined constant name - assumed 'name' C:\wamp\www\TP\App\Runtime\Cache\Home\c0dc342f211e104eba0a4afbe4b0b366.php 第 690 行.
INFO: Run Behavior\ParseTemplateBehavior [ RunTime:0.079004s ]
INFO: [ view_parse ] --END-- [ RunTime:0.079004s ]
INFO: [ view_filter ] --START--
INFO: Run Behavior\WriteHtmlCacheBehavior [ RunTime:0.004000s ]
INFO: [ view_filter ] --END-- [ RunTime:0.005000s ]
INFO: [ view_parse ] --START--
INFO: [ template_filter ] --START--
INFO: Run Behavior\ContentReplaceBehavior [ RunTime:0.002000s ]
INFO: [ template_filter ] --END-- [ RunTime:-0.064004s ]
INFO: Run Behavior\ParseTemplateBehavior [ RunTime:0.059004s ]
INFO: [ view_parse ] --END-- [ RunTime:-0.005000s ]
INFO: [ view_filter ] --START--
INFO: Run Behavior\WriteHtmlCacheBehavior [ RunTime:0.000000s ]
INFO: [ view_filter ] --END-- [ RunTime:-0.060004s ]
INFO: [ app_end ] --START--
INFO: Run Behavior\ShowPageTraceBehavior [ RunTime:0.001000s ]
INFO: [ app_end ] --END-- [ RunTime:0.001000s ]

[ 2017-09-22T10:02:45+08:00 ] ::1 /index.php/Home/Index/index.html
INFO: [ app_init ] --START--
INFO: Run Behavior\BuildLiteBehavior [ RunTime:0.000000s ]
INFO: [ app_init ] --END-- [ RunTime:0.001000s ]
INFO: [ app_begin ] --START--
INFO: Run Behavior\ReadHtmlCacheBehavior [ RunTime:0.001000s ]
INFO: [ app_begin ] --END-- [ RunTime:0.002000s ]
SQL: SHOW COLUMNS FROM `xlr_menus` [ RunTime:0.0020s ]
SQL: SELECT * FROM `xlr_menus` WHERE `display` = 1 AND `is_home` = 1 ORDER BY `order` asc  [ RunTime:0.0010s ]
INFO: [ view_parse ] --START--
INFO: [ template_filter ] --START--
INFO: Run Behavior\ContentReplaceBehavior [ RunTime:0.001000s ]
INFO: [ template_filter ] --END-- [ RunTime:0.001000s ]
NOTIC: [8] Use of undefined constant en - assumed 'en' C:\wamp\www\TP\App\Runtime\Cache\Home\c0dc342f211e104eba0a4afbe4b0b366.php 第 690 行.
NOTIC: [8] Use of undefined constant name - assumed 'name' C:\wamp\www\TP\App\Runtime\Cache\Home\c0dc342f211e104eba0a4afbe4b0b366.php 第 690 行.
NOTIC: [8] Use of undefined constant en - assumed 'en' C:\wamp\www\TP\App\Runtime\Cache\Home\c0dc342f211e104eba0a4afbe4b0b366.php 第 690 行.
NOTIC: [8] Use of undefined constant name - assumed 'name' C:\wamp\www\TP\App\Runtime\Cache\Home\c0dc342f211e104eba0a4afbe4b0b366.php 第 690 行.
INFO: Run Behavior\ParseTemplateBehavior [ RunTime:0.060003s ]
INFO: [ view_parse ] --END-- [ RunTime:0.061003s ]
INFO: [ view_filter ] --START--
INFO: Run Behavior\WriteHtmlCacheBehavior [ RunTime:0.000000s ]
INFO: [ view_filter ] --END-- [ RunTime:0.000000s ]
INFO: [ view_parse ] --START--
INFO: [ template_filter ] --START--
INFO: Run Behavior\ContentReplaceBehavior [ RunTime:0.001000s ]
INFO: [ template_filter ] --END-- [ RunTime:-0.066004s ]
INFO: Run Behavior\ParseTemplateBehavior [ RunTime:0.065004s ]
INFO: [ view_parse ] --END-- [ RunTime:-0.001000s ]
INFO: [ view_filter ] --START--
INFO: Run Behavior\WriteHtmlCacheBehavior [ RunTime:0.000000s ]
INFO: [ view_filter ] --END-- [ RunTime:-0.066004s ]
INFO: [ app_end ] --START--
INFO: Run Behavior\ShowPageTraceBehavior [ RunTime:0.001000s ]
INFO: [ app_end ] --END-- [ RunTime:0.001000s ]

[ 2017-09-22T10:02:49+08:00 ] ::1 /index.php/Home/Index/index.html
INFO: [ app_init ] --START--
INFO: Run Behavior\BuildLiteBehavior [ RunTime:0.000000s ]
INFO: [ app_init ] --END-- [ RunTime:0.001000s ]
INFO: [ app_begin ] --START--
INFO: Run Behavior\ReadHtmlCacheBehavior [ RunTime:0.001000s ]
INFO: [ app_begin ] --END-- [ RunTime:0.002000s ]
SQL: SHOW COLUMNS FROM `xlr_menus` [ RunTime:0.0030s ]
SQL: SELECT * FROM `xlr_menus` WHERE `display` = 1 AND `is_home` = 1 ORDER BY `order` asc  [ RunTime:0.0000s ]
INFO: [ view_parse ] --START--
INFO: [ template_filter ] --START--
INFO: Run Behavior\ContentReplaceBehavior [ RunTime:0.000000s ]
INFO: [ template_filter ] --END-- [ RunTime:0.001000s ]
NOTIC: [8] Use of undefined constant en - assumed 'en' C:\wamp\www\TP\App\Runtime\Cache\Home\c0dc342f211e104eba0a4afbe4b0b366.php 第 690 行.
NOTIC: [8] Use of undefined constant name - assumed 'name' C:\wamp\www\TP\App\Runtime\Cache\Home\c0dc342f211e104eba0a4afbe4b0b366.php 第 690 行.
NOTIC: [8] Use of undefined constant en - assumed 'en' C:\wamp\www\TP\App\Runtime\Cache\Home\c0dc342f211e104eba0a4afbe4b0b366.php 第 690 行.
NOTIC: [8] Use of undefined constant name - assumed 'name' C:\wamp\www\TP\App\Runtime\Cache\Home\c0dc342f211e104eba0a4afbe4b0b366.php 第 690 行.
INFO: Run Behavior\ParseTemplateBehavior [ RunTime:0.023002s ]
INFO: [ view_parse ] --END-- [ RunTime:0.023002s ]
INFO: [ view_filter ] --START--
INFO: Run Behavior\WriteHtmlCacheBehavior [ RunTime:0.001000s ]
INFO: [ view_filter ] --END-- [ RunTime:0.001000s ]
INFO: [ view_parse ] --START--
INFO: [ template_filter ] --START--
INFO: Run Behavior\ContentReplaceBehavior [ RunTime:0.001000s ]
INFO: [ template_filter ] --END-- [ RunTime:-0.059004s ]
INFO: Run Behavior\ParseTemplateBehavior [ RunTime:0.058003s ]
INFO: [ view_parse ] --END-- [ RunTime:-0.002000s ]
INFO: [ view_filter ] --START--
INFO: Run Behavior\WriteHtmlCacheBehavior [ RunTime:0.000000s ]
INFO: [ view_filter ] --END-- [ RunTime:-0.059003s ]
INFO: [ app_end ] --START--
INFO: Run Behavior\ShowPageTraceBehavior [ RunTime:0.001000s ]
INFO: [ app_end ] --END-- [ RunTime:0.001000s ]

[ 2017-09-22T10:02:50+08:00 ] ::1 /index.php/Home/Index/index.html
INFO: [ app_init ] --START--
INFO: Run Behavior\BuildLiteBehavior [ RunTime:0.001000s ]
INFO: [ app_init ] --END-- [ RunTime:0.001000s ]
INFO: [ app_begin ] --START--
INFO: Run Behavior\ReadHtmlCacheBehavior [ RunTime:0.001000s ]
INFO: [ app_begin ] --END-- [ RunTime:0.001000s ]
SQL: SHOW COLUMNS FROM `xlr_menus` [ RunTime:0.0020s ]
SQL: SELECT * FROM `xlr_menus` WHERE `display` = 1 AND `is_home` = 1 ORDER BY `order` asc  [ RunTime:0.0000s ]
INFO: [ view_parse ] --START--
INFO: [ template_filter ] --START--
INFO: Run Behavior\ContentReplaceBehavior [ RunTime:0.000000s ]
INFO: [ template_filter ] --END-- [ RunTime:0.000000s ]
NOTIC: [8] Use of undefined constant en - assumed 'en' C:\wamp\www\TP\App\Runtime\Cache\Home\c0dc342f211e104eba0a4afbe4b0b366.php 第 690 行.
NOTIC: [8] Use of undefined constant name - assumed 'name' C:\wamp\www\TP\App\Runtime\Cache\Home\c0dc342f211e104eba0a4afbe4b0b366.php 第 690 行.
NOTIC: [8] Use of undefined constant en - assumed 'en' C:\wamp\www\TP\App\Runtime\Cache\Home\c0dc342f211e104eba0a4afbe4b0b366.php 第 690 行.
NOTIC: [8] Use of undefined constant name - assumed 'name' C:\wamp\www\TP\App\Runtime\Cache\Home\c0dc342f211e104eba0a4afbe4b0b366.php 第 690 行.
INFO: Run Behavior\ParseTemplateBehavior [ RunTime:0.016001s ]
INFO: [ view_parse ] --END-- [ RunTime:0.017001s ]
INFO: [ view_filter ] --START--
INFO: Run Behavior\WriteHtmlCacheBehavior [ RunTime:0.000000s ]
INFO: [ view_filter ] --END-- [ RunTime:0.000000s ]
INFO: [ view_parse ] --START--
INFO: [ template_filter ] --START--
INFO: Run Behavior\ContentReplaceBehavior [ RunTime:0.001000s ]
INFO: [ template_filter ] --END-- [ RunTime:-0.048002s ]
INFO: Run Behavior\ParseTemplateBehavior [ RunTime:0.048003s ]
INFO: [ view_parse ] --END-- [ RunTime:-0.001000s ]
INFO: [ view_filter ] --START--
INFO: Run Behavior\WriteHtmlCacheBehavior [ RunTime:0.000000s ]
INFO: [ view_filter ] --END-- [ RunTime:-0.049003s ]
INFO: [ app_end ] --START--
INFO: Run Behavior\ShowPageTraceBehavior [ RunTime:0.000000s ]
INFO: [ app_end ] --END-- [ RunTime:0.001000s ]

[ 2017-09-22T10:02:50+08:00 ] ::1 /index.php/Home/Index/index.html
INFO: [ app_init ] --START--
INFO: Run Behavior\BuildLiteBehavior [ RunTime:0.000000s ]
INFO: [ app_init ] --END-- [ RunTime:0.000000s ]
INFO: [ app_begin ] --START--
INFO: Run Behavior\ReadHtmlCacheBehavior [ RunTime:0.001000s ]
INFO: [ app_begin ] --END-- [ RunTime:0.001000s ]
SQL: SHOW COLUMNS FROM `xlr_menus` [ RunTime:0.0020s ]
SQL: SELECT * FROM `xlr_menus` WHERE `display` = 1 AND `is_home` = 1 ORDER BY `order` asc  [ RunTime:0.0000s ]
INFO: [ view_parse ] --START--
INFO: [ template_filter ] --START--
INFO: Run Behavior\ContentReplaceBehavior [ RunTime:0.000000s ]
INFO: [ template_filter ] --END-- [ RunTime:0.000000s ]
NOTIC: [8] Use of undefined constant en - assumed 'en' C:\wamp\www\TP\App\Runtime\Cache\Home\c0dc342f211e104eba0a4afbe4b0b366.php 第 690 行.
NOTIC: [8] Use of undefined constant name - assumed 'name' C:\wamp\www\TP\App\Runtime\Cache\Home\c0dc342f211e104eba0a4afbe4b0b366.php 第 690 行.
NOTIC: [8] Use of undefined constant en - assumed 'en' C:\wamp\www\TP\App\Runtime\Cache\Home\c0dc342f211e104eba0a4afbe4b0b366.php 第 690 行.
NOTIC: [8] Use of undefined constant name - assumed 'name' C:\wamp\www\TP\App\Runtime\Cache\Home\c0dc342f211e104eba0a4afbe4b0b366.php 第 690 行.
INFO: Run Behavior\ParseTemplateBehavior [ RunTime:0.017001s ]
INFO: [ view_parse ] --END-- [ RunTime:0.017001s ]
INFO: [ view_filter ] --START--
INFO: Run Behavior\WriteHtmlCacheBehavior [ RunTime:0.000000s ]
INFO: [ view_filter ] --END-- [ RunTime:0.000000s ]
INFO: [ view_parse ] --START--
INFO: [ template_filter ] --START--
INFO: Run Behavior\ContentReplaceBehavior [ RunTime:0.001000s ]
INFO: [ template_filter ] --END-- [ RunTime:-0.049003s ]
INFO: Run Behavior\ParseTemplateBehavior [ RunTime:0.049003s ]
INFO: [ view_parse ] --END-- [ RunTime:-0.001000s ]
INFO: [ view_filter ] --START--
INFO: Run Behavior\WriteHtmlCacheBehavior [ RunTime:0.000000s ]
INFO: [ view_filter ] --END-- [ RunTime:-0.050003s ]
INFO: [ app_end ] --START--
INFO: Run Behavior\ShowPageTraceBehavior [ RunTime:0.000000s ]
INFO: [ app_end ] --END-- [ RunTime:0.001000s ]

[ 2017-09-22T10:02:50+08:00 ] ::1 /index.php/Home/Index/index.html
INFO: [ app_init ] --START--
INFO: Run Behavior\BuildLiteBehavior [ RunTime:0.000000s ]
INFO: [ app_init ] --END-- [ RunTime:0.000000s ]
INFO: [ app_begin ] --START--
INFO: Run Behavior\ReadHtmlCacheBehavior [ RunTime:0.001000s ]
INFO: [ app_begin ] --END-- [ RunTime:0.001000s ]
SQL: SHOW COLUMNS FROM `xlr_menus` [ RunTime:0.0020s ]
SQL: SELECT * FROM `xlr_menus` WHERE `display` = 1 AND `is_home` = 1 ORDER BY `order` asc  [ RunTime:0.0000s ]
INFO: [ view_parse ] --START--
INFO: [ template_filter ] --START--
INFO: Run Behavior\ContentReplaceBehavior [ RunTime:0.001000s ]
INFO: [ template_filter ] --END-- [ RunTime:0.001000s ]
NOTIC: [8] Use of undefined constant en - assumed 'en' C:\wamp\www\TP\App\Runtime\Cache\Home\c0dc342f211e104eba0a4afbe4b0b366.php 第 690 行.
NOTIC: [8] Use of undefined constant name - assumed 'name' C:\wamp\www\TP\App\Runtime\Cache\Home\c0dc342f211e104eba0a4afbe4b0b366.php 第 690 行.
NOTIC: [8] Use of undefined constant en - assumed 'en' C:\wamp\www\TP\App\Runtime\Cache\Home\c0dc342f211e104eba0a4afbe4b0b366.php 第 690 行.
NOTIC: [8] Use of undefined constant name - assumed 'name' C:\wamp\www\TP\App\Runtime\Cache\Home\c0dc342f211e104eba0a4afbe4b0b366.php 第 690 行.
INFO: Run Behavior\ParseTemplateBehavior [ RunTime:0.017001s ]
INFO: [ view_parse ] --END-- [ RunTime:0.017001s ]
INFO: [ view_filter ] --START--
INFO: Run Behavior\WriteHtmlCacheBehavior [ RunTime:0.001001s ]
INFO: [ view_filter ] --END-- [ RunTime:0.001001s ]
INFO: [ view_parse ] --START--
INFO: [ template_filter ] --START--
INFO: Run Behavior\ContentReplaceBehavior [ RunTime:0.001000s ]
INFO: [ template_filter ] --END-- [ RunTime:-0.052003s ]
INFO: Run Behavior\ParseTemplateBehavior [ RunTime:0.053003s ]
INFO: [ view_parse ] --END-- [ RunTime:-0.001001s ]
INFO: [ view_filter ] --START--
INFO: Run Behavior\WriteHtmlCacheBehavior [ RunTime:0.000000s ]
INFO: [ view_filter ] --END-- [ RunTime:-0.053003s ]
INFO: [ app_end ] --START--
INFO: Run Behavior\ShowPageTraceBehavior [ RunTime:0.000000s ]
INFO: [ app_end ] --END-- [ RunTime:0.000000s ]

[ 2017-09-22T10:02:51+08:00 ] ::1 /index.php/Home/Index/index.html
INFO: [ app_init ] --START--
INFO: Run Behavior\BuildLiteBehavior [ RunTime:0.000000s ]
INFO: [ app_init ] --END-- [ RunTime:0.001000s ]
INFO: [ app_begin ] --START--
INFO: Run Behavior\ReadHtmlCacheBehavior [ RunTime:0.001000s ]
INFO: [ app_begin ] --END-- [ RunTime:0.001000s ]
SQL: SHOW COLUMNS FROM `xlr_menus` [ RunTime:0.0020s ]
SQL: SELECT * FROM `xlr_menus` WHERE `display` = 1 AND `is_home` = 1 ORDER BY `order` asc  [ RunTime:0.0000s ]
INFO: [ view_parse ] --START--
INFO: [ template_filter ] --START--
INFO: Run Behavior\ContentReplaceBehavior [ RunTime:0.000000s ]
INFO: [ template_filter ] --END-- [ RunTime:0.000000s ]
NOTIC: [8] Use of undefined constant en - assumed 'en' C:\wamp\www\TP\App\Runtime\Cache\Home\c0dc342f211e104eba0a4afbe4b0b366.php 第 690 行.
NOTIC: [8] Use of undefined constant name - assumed 'name' C:\wamp\www\TP\App\Runtime\Cache\Home\c0dc342f211e104eba0a4afbe4b0b366.php 第 690 行.
NOTIC: [8] Use of undefined constant en - assumed 'en' C:\wamp\www\TP\App\Runtime\Cache\Home\c0dc342f211e104eba0a4afbe4b0b366.php 第 690 行.
NOTIC: [8] Use of undefined constant name - assumed 'name' C:\wamp\www\TP\App\Runtime\Cache\Home\c0dc342f211e104eba0a4afbe4b0b366.php 第 690 行.
INFO: Run Behavior\ParseTemplateBehavior [ RunTime:0.016001s ]
INFO: [ view_parse ] --END-- [ RunTime:0.016001s ]
INFO: [ view_filter ] --START--
INFO: Run Behavior\WriteHtmlCacheBehavior [ RunTime:0.000000s ]
INFO: [ view_filter ] --END-- [ RunTime:0.000000s ]
INFO: [ view_parse ] --START--
INFO: [ template_filter ] --START--
INFO: Run Behavior\ContentReplaceBehavior [ RunTime:0.001000s ]
INFO: [ template_filter ] --END-- [ RunTime:-0.049003s ]
INFO: Run Behavior\ParseTemplateBehavior [ RunTime:0.048003s ]
INFO: [ view_parse ] --END-- [ RunTime:0.000000s ]
INFO: [ view_filter ] --START--
INFO: Run Behavior\WriteHtmlCacheBehavior [ RunTime:0.000000s ]
INFO: [ view_filter ] --END-- [ RunTime:-0.050003s ]
INFO: [ app_end ] --START--
INFO: Run Behavior\ShowPageTraceBehavior [ RunTime:0.001000s ]
INFO: [ app_end ] --END-- [ RunTime:0.001000s ]

[ 2017-09-22T10:02:51+08:00 ] ::1 /index.php/Home/Index/index.html
INFO: [ app_init ] --START--
INFO: Run Behavior\BuildLiteBehavior [ RunTime:0.000000s ]
INFO: [ app_init ] --END-- [ RunTime:0.001000s ]
INFO: [ app_begin ] --START--
INFO: Run Behavior\ReadHtmlCacheBehavior [ RunTime:0.000000s ]
INFO: [ app_begin ] --END-- [ RunTime:0.001000s ]
SQL: SHOW COLUMNS FROM `xlr_menus` [ RunTime:0.0020s ]
SQL: SELECT * FROM `xlr_menus` WHERE `display` = 1 AND `is_home` = 1 ORDER BY `order` asc  [ RunTime:0.0010s ]
INFO: [ view_parse ] --START--
INFO: [ template_filter ] --START--
INFO: Run Behavior\ContentReplaceBehavior [ RunTime:0.001000s ]
INFO: [ template_filter ] --END-- [ RunTime:0.001000s ]
NOTIC: [8] Use of undefined constant en - assumed 'en' C:\wamp\www\TP\App\Runtime\Cache\Home\c0dc342f211e104eba0a4afbe4b0b366.php 第 690 行.
NOTIC: [8] Use of undefined constant name - assumed 'name' C:\wamp\www\TP\App\Runtime\Cache\Home\c0dc342f211e104eba0a4afbe4b0b366.php 第 690 行.
NOTIC: [8] Use of undefined constant en - assumed 'en' C:\wamp\www\TP\App\Runtime\Cache\Home\c0dc342f211e104eba0a4afbe4b0b366.php 第 690 行.
NOTIC: [8] Use of undefined constant name - assumed 'name' C:\wamp\www\TP\App\Runtime\Cache\Home\c0dc342f211e104eba0a4afbe4b0b366.php 第 690 行.
INFO: Run Behavior\ParseTemplateBehavior [ RunTime:0.016001s ]
INFO: [ view_parse ] --END-- [ RunTime:0.017001s ]
INFO: [ view_filter ] --START--
INFO: Run Behavior\WriteHtmlCacheBehavior [ RunTime:0.000000s ]
INFO: [ view_filter ] --END-- [ RunTime:0.000000s ]
INFO: [ view_parse ] --START--
INFO: [ template_filter ] --START--
INFO: Run Behavior\ContentReplaceBehavior [ RunTime:0.001000s ]
INFO: [ template_filter ] --END-- [ RunTime:-0.053003s ]
INFO: Run Behavior\ParseTemplateBehavior [ RunTime:0.053003s ]
INFO: [ view_parse ] --END-- [ RunTime:-0.001000s ]
INFO: [ view_filter ] --START--
INFO: Run Behavior\WriteHtmlCacheBehavior [ RunTime:0.000000s ]
INFO: [ view_filter ] --END-- [ RunTime:-0.054003s ]
INFO: [ app_end ] --START--
INFO: Run Behavior\ShowPageTraceBehavior [ RunTime:0.001000s ]
INFO: [ app_end ] --END-- [ RunTime:0.001000s ]

[ 2017-09-22T10:02:51+08:00 ] ::1 /index.php/Home/Index/index.html
INFO: [ app_init ] --START--
INFO: Run Behavior\BuildLiteBehavior [ RunTime:0.000000s ]
INFO: [ app_init ] --END-- [ RunTime:0.000000s ]
INFO: [ app_begin ] --START--
INFO: Run Behavior\ReadHtmlCacheBehavior [ RunTime:0.001000s ]
INFO: [ app_begin ] --END-- [ RunTime:0.001000s ]
SQL: SHOW COLUMNS FROM `xlr_menus` [ RunTime:0.0020s ]
SQL: SELECT * FROM `xlr_menus` WHERE `display` = 1 AND `is_home` = 1 ORDER BY `order` asc  [ RunTime:0.0010s ]
INFO: [ view_parse ] --START--
INFO: [ template_filter ] --START--
INFO: Run Behavior\ContentReplaceBehavior [ RunTime:0.000000s ]
INFO: [ template_filter ] --END-- [ RunTime:0.000000s ]
NOTIC: [8] Use of undefined constant en - assumed 'en' C:\wamp\www\TP\App\Runtime\Cache\Home\c0dc342f211e104eba0a4afbe4b0b366.php 第 690 行.
NOTIC: [8] Use of undefined constant name - assumed 'name' C:\wamp\www\TP\App\Runtime\Cache\Home\c0dc342f211e104eba0a4afbe4b0b366.php 第 690 行.
NOTIC: [8] Use of undefined constant en - assumed 'en' C:\wamp\www\TP\App\Runtime\Cache\Home\c0dc342f211e104eba0a4afbe4b0b366.php 第 690 行.
NOTIC: [8] Use of undefined constant name - assumed 'name' C:\wamp\www\TP\App\Runtime\Cache\Home\c0dc342f211e104eba0a4afbe4b0b366.php 第 690 行.
INFO: Run Behavior\ParseTemplateBehavior [ RunTime:0.016001s ]
INFO: [ view_parse ] --END-- [ RunTime:0.016001s ]
INFO: [ view_filter ] --START--
INFO: Run Behavior\WriteHtmlCacheBehavior [ RunTime:0.000000s ]
INFO: [ view_filter ] --END-- [ RunTime:0.001000s ]
INFO: [ view_parse ] --START--
INFO: [ template_filter ] --START--
INFO: Run Behavior\ContentReplaceBehavior [ RunTime:0.001000s ]
INFO: [ template_filter ] --END-- [ RunTime:-0.049003s ]
INFO: Run Behavior\ParseTemplateBehavior [ RunTime:0.048003s ]
INFO: [ view_parse ] --END-- [ RunTime:-0.001000s ]
INFO: [ view_filter ] --START--
INFO: Run Behavior\WriteHtmlCacheBehavior [ RunTime:0.000000s ]
INFO: [ view_filter ] --END-- [ RunTime:-0.049003s ]
INFO: [ app_end ] --START--
INFO: Run Behavior\ShowPageTraceBehavior [ RunTime:0.001000s ]
INFO: [ app_end ] --END-- [ RunTime:0.001000s ]

[ 2017-09-22T10:02:51+08:00 ] ::1 /index.php/Home/Index/index.html
INFO: [ app_init ] --START--
INFO: Run Behavior\BuildLiteBehavior [ RunTime:0.000000s ]
INFO: [ app_init ] --END-- [ RunTime:0.000000s ]
INFO: [ app_begin ] --START--
INFO: Run Behavior\ReadHtmlCacheBehavior [ RunTime:0.000000s ]
INFO: [ app_begin ] --END-- [ RunTime:0.000000s ]
SQL: SHOW COLUMNS FROM `xlr_menus` [ RunTime:0.0020s ]
SQL: SELECT * FROM `xlr_menus` WHERE `display` = 1 AND `is_home` = 1 ORDER BY `order` asc  [ RunTime:0.0000s ]
INFO: [ view_parse ] --START--
INFO: [ template_filter ] --START--
INFO: Run Behavior\ContentReplaceBehavior [ RunTime:0.001000s ]
INFO: [ template_filter ] --END-- [ RunTime:0.001000s ]
NOTIC: [8] Use of undefined constant en - assumed 'en' C:\wamp\www\TP\App\Runtime\Cache\Home\c0dc342f211e104eba0a4afbe4b0b366.php 第 690 行.
NOTIC: [8] Use of undefined constant name - assumed 'name' C:\wamp\www\TP\App\Runtime\Cache\Home\c0dc342f211e104eba0a4afbe4b0b366.php 第 690 行.
NOTIC: [8] Use of undefined constant en - assumed 'en' C:\wamp\www\TP\App\Runtime\Cache\Home\c0dc342f211e104eba0a4afbe4b0b366.php 第 690 行.
NOTIC: [8] Use of undefined constant name - assumed 'name' C:\wamp\www\TP\App\Runtime\Cache\Home\c0dc342f211e104eba0a4afbe4b0b366.php 第 690 行.
INFO: Run Behavior\ParseTemplateBehavior [ RunTime:0.015001s ]
INFO: [ view_parse ] --END-- [ RunTime:0.016001s ]
INFO: [ view_filter ] --START--
INFO: Run Behavior\WriteHtmlCacheBehavior [ RunTime:0.001000s ]
INFO: [ view_filter ] --END-- [ RunTime:0.001000s ]
INFO: [ view_parse ] --START--
INFO: [ template_filter ] --START--
INFO: Run Behavior\ContentReplaceBehavior [ RunTime:0.002000s ]
INFO: [ template_filter ] --END-- [ RunTime:-0.049003s ]
INFO: Run Behavior\ParseTemplateBehavior [ RunTime:0.052003s ]
INFO: [ view_parse ] --END-- [ RunTime:-0.001000s ]
INFO: [ view_filter ] --START--
INFO: Run Behavior\WriteHtmlCacheBehavior [ RunTime:0.000000s ]
INFO: [ view_filter ] --END-- [ RunTime:-0.052003s ]
INFO: [ app_end ] --START--
INFO: Run Behavior\ShowPageTraceBehavior [ RunTime:0.001000s ]
INFO: [ app_end ] --END-- [ RunTime:0.001000s ]

[ 2017-09-22T10:02:51+08:00 ] ::1 /index.php/Home/Index/index.html
INFO: [ app_init ] --START--
INFO: Run Behavior\BuildLiteBehavior [ RunTime:0.000000s ]
INFO: [ app_init ] --END-- [ RunTime:0.000000s ]
INFO: [ app_begin ] --START--
INFO: Run Behavior\ReadHtmlCacheBehavior [ RunTime:0.001000s ]
INFO: [ app_begin ] --END-- [ RunTime:0.001000s ]
SQL: SHOW COLUMNS FROM `xlr_menus` [ RunTime:0.0020s ]
SQL: SELECT * FROM `xlr_menus` WHERE `display` = 1 AND `is_home` = 1 ORDER BY `order` asc  [ RunTime:0.0000s ]
INFO: [ view_parse ] --START--
INFO: [ template_filter ] --START--
INFO: Run Behavior\ContentReplaceBehavior [ RunTime:0.001000s ]
INFO: [ template_filter ] --END-- [ RunTime:0.001000s ]
NOTIC: [8] Use of undefined constant en - assumed 'en' C:\wamp\www\TP\App\Runtime\Cache\Home\c0dc342f211e104eba0a4afbe4b0b366.php 第 690 行.
NOTIC: [8] Use of undefined constant name - assumed 'name' C:\wamp\www\TP\App\Runtime\Cache\Home\c0dc342f211e104eba0a4afbe4b0b366.php 第 690 行.
NOTIC: [8] Use of undefined constant en - assumed 'en' C:\wamp\www\TP\App\Runtime\Cache\Home\c0dc342f211e104eba0a4afbe4b0b366.php 第 690 行.
NOTIC: [8] Use of undefined constant name - assumed 'name' C:\wamp\www\TP\App\Runtime\Cache\Home\c0dc342f211e104eba0a4afbe4b0b366.php 第 690 行.
INFO: Run Behavior\ParseTemplateBehavior [ RunTime:0.015001s ]
INFO: [ view_parse ] --END-- [ RunTime:0.016001s ]
INFO: [ view_filter ] --START--
INFO: Run Behavior\WriteHtmlCacheBehavior [ RunTime:0.000000s ]
INFO: [ view_filter ] --END-- [ RunTime:0.000000s ]
INFO: [ view_parse ] --START--
INFO: [ template_filter ] --START--
INFO: Run Behavior\ContentReplaceBehavior [ RunTime:0.001000s ]
INFO: [ template_filter ] --END-- [ RunTime:-0.049003s ]
INFO: Run Behavior\ParseTemplateBehavior [ RunTime:0.049003s ]
INFO: [ view_parse ] --END-- [ RunTime:-0.001000s ]
INFO: [ view_filter ] --START--
INFO: Run Behavior\WriteHtmlCacheBehavior [ RunTime:0.000000s ]
INFO: [ view_filter ] --END-- [ RunTime:-0.051003s ]
INFO: [ app_end ] --START--
INFO: Run Behavior\ShowPageTraceBehavior [ RunTime:0.000000s ]
INFO: [ app_end ] --END-- [ RunTime:0.001000s ]

[ 2017-09-22T10:02:54+08:00 ] ::1 /index.php/Home/Index/index.html
INFO: [ app_init ] --START--
INFO: Run Behavior\BuildLiteBehavior [ RunTime:0.000000s ]
INFO: [ app_init ] --END-- [ RunTime:0.001001s ]
INFO: [ app_begin ] --START--
INFO: Run Behavior\ReadHtmlCacheBehavior [ RunTime:0.001000s ]
INFO: [ app_begin ] --END-- [ RunTime:0.002000s ]
SQL: SHOW COLUMNS FROM `xlr_menus` [ RunTime:0.0020s ]
SQL: SELECT * FROM `xlr_menus` WHERE `display` = 1 AND `is_home` = 1 ORDER BY `order` asc  [ RunTime:0.0000s ]
INFO: [ view_parse ] --START--
INFO: [ template_filter ] --START--
INFO: Run Behavior\ContentReplaceBehavior [ RunTime:0.000000s ]
INFO: [ template_filter ] --END-- [ RunTime:0.000000s ]
NOTIC: [8] Use of undefined constant en - assumed 'en' C:\wamp\www\TP\App\Runtime\Cache\Home\c0dc342f211e104eba0a4afbe4b0b366.php 第 690 行.
NOTIC: [8] Use of undefined constant name - assumed 'name' C:\wamp\www\TP\App\Runtime\Cache\Home\c0dc342f211e104eba0a4afbe4b0b366.php 第 690 行.
NOTIC: [8] Use of undefined constant en - assumed 'en' C:\wamp\www\TP\App\Runtime\Cache\Home\c0dc342f211e104eba0a4afbe4b0b366.php 第 690 行.
NOTIC: [8] Use of undefined constant name - assumed 'name' C:\wamp\www\TP\App\Runtime\Cache\Home\c0dc342f211e104eba0a4afbe4b0b366.php 第 690 行.
INFO: Run Behavior\ParseTemplateBehavior [ RunTime:0.018001s ]
INFO: [ view_parse ] --END-- [ RunTime:0.019001s ]
INFO: [ view_filter ] --START--
INFO: Run Behavior\WriteHtmlCacheBehavior [ RunTime:0.000000s ]
INFO: [ view_filter ] --END-- [ RunTime:0.000000s ]
INFO: [ view_parse ] --START--
INFO: [ template_filter ] --START--
INFO: Run Behavior\ContentReplaceBehavior [ RunTime:0.002000s ]
INFO: [ template_filter ] --END-- [ RunTime:-0.054004s ]
INFO: Run Behavior\ParseTemplateBehavior [ RunTime:0.053003s ]
INFO: [ view_parse ] --END-- [ RunTime:-0.001000s ]
INFO: [ view_filter ] --START--
INFO: Run Behavior\WriteHtmlCacheBehavior [ RunTime:0.000000s ]
INFO: [ view_filter ] --END-- [ RunTime:-0.054003s ]
INFO: [ app_end ] --START--
INFO: Run Behavior\ShowPageTraceBehavior [ RunTime:0.001000s ]
INFO: [ app_end ] --END-- [ RunTime:0.001000s ]

[ 2017-09-22T10:05:00+08:00 ] ::1 /index.php/Home/Index/index.html
INFO: [ app_init ] --START--
INFO: Run Behavior\BuildLiteBehavior [ RunTime:0.000000s ]
INFO: [ app_init ] --END-- [ RunTime:0.001000s ]
INFO: [ app_begin ] --START--
INFO: Run Behavior\ReadHtmlCacheBehavior [ RunTime:0.002000s ]
INFO: [ app_begin ] --END-- [ RunTime:0.002000s ]
SQL: SHOW COLUMNS FROM `xlr_menus` [ RunTime:0.0020s ]
SQL: SELECT * FROM `xlr_menus` WHERE `display` = 1 AND `is_home` = 1 ORDER BY `order` asc  [ RunTime:0.0000s ]
INFO: [ view_parse ] --START--
INFO: [ template_filter ] --START--
INFO: Run Behavior\ContentReplaceBehavior [ RunTime:0.000000s ]
INFO: [ template_filter ] --END-- [ RunTime:0.000000s ]
INFO: Run Behavior\ParseTemplateBehavior [ RunTime:0.003000s ]
INFO: [ view_parse ] --END-- [ RunTime:0.003000s ]
INFO: [ view_filter ] --START--
INFO: Run Behavior\WriteHtmlCacheBehavior [ RunTime:0.000000s ]
INFO: [ view_filter ] --END-- [ RunTime:0.001000s ]
INFO: [ view_parse ] --START--
INFO: [ template_filter ] --START--
INFO: Run Behavior\ContentReplaceBehavior [ RunTime:0.001000s ]
INFO: [ template_filter ] --END-- [ RunTime:-0.050003s ]
INFO: Run Behavior\ParseTemplateBehavior [ RunTime:0.051003s ]
INFO: [ view_parse ] --END-- [ RunTime:-0.001000s ]
INFO: [ view_filter ] --START--
INFO: Run Behavior\WriteHtmlCacheBehavior [ RunTime:0.000000s ]
INFO: [ view_filter ] --END-- [ RunTime:-0.051003s ]
INFO: [ app_end ] --START--
INFO: Run Behavior\ShowPageTraceBehavior [ RunTime:0.000000s ]
INFO: [ app_end ] --END-- [ RunTime:0.001000s ]

[ 2017-09-22T10:05:08+08:00 ] ::1 /index.php/Home/Index/index.html
INFO: [ app_init ] --START--
INFO: Run Behavior\BuildLiteBehavior [ RunTime:0.000000s ]
INFO: [ app_init ] --END-- [ RunTime:0.002000s ]
INFO: [ app_begin ] --START--
INFO: Run Behavior\ReadHtmlCacheBehavior [ RunTime:0.001000s ]
INFO: [ app_begin ] --END-- [ RunTime:0.002000s ]
SQL: SHOW COLUMNS FROM `xlr_menus` [ RunTime:0.0030s ]
SQL: SELECT * FROM `xlr_menus` WHERE `display` = 1 AND `is_home` = 1 ORDER BY `order` asc  [ RunTime:0.0000s ]
INFO: [ view_parse ] --START--
INFO: [ template_filter ] --START--
INFO: Run Behavior\ContentReplaceBehavior [ RunTime:0.000000s ]
INFO: [ template_filter ] --END-- [ RunTime:0.000000s ]
INFO: Run Behavior\ParseTemplateBehavior [ RunTime:0.003000s ]
INFO: [ view_parse ] --END-- [ RunTime:0.003000s ]
INFO: [ view_filter ] --START--
INFO: Run Behavior\WriteHtmlCacheBehavior [ RunTime:0.001000s ]
INFO: [ view_filter ] --END-- [ RunTime:0.001000s ]
INFO: [ view_parse ] --START--
INFO: [ template_filter ] --START--
INFO: Run Behavior\ContentReplaceBehavior [ RunTime:0.001000s ]
INFO: [ template_filter ] --END-- [ RunTime:-0.056003s ]
INFO: Run Behavior\ParseTemplateBehavior [ RunTime:0.058004s ]
INFO: [ view_parse ] --END-- [ RunTime:-0.001000s ]
INFO: [ view_filter ] --START--
INFO: Run Behavior\WriteHtmlCacheBehavior [ RunTime:0.000000s ]
INFO: [ view_filter ] --END-- [ RunTime:-0.058004s ]
INFO: [ app_end ] --START--
INFO: Run Behavior\ShowPageTraceBehavior [ RunTime:0.000000s ]
INFO: [ app_end ] --END-- [ RunTime:0.000000s ]

[ 2017-09-22T10:05:09+08:00 ] ::1 /index.php/Home/Index/index.html
INFO: [ app_init ] --START--
INFO: Run Behavior\BuildLiteBehavior [ RunTime:0.000000s ]
INFO: [ app_init ] --END-- [ RunTime:0.001000s ]
INFO: [ app_begin ] --START--
INFO: Run Behavior\ReadHtmlCacheBehavior [ RunTime:0.001000s ]
INFO: [ app_begin ] --END-- [ RunTime:0.002000s ]
SQL: SHOW COLUMNS FROM `xlr_menus` [ RunTime:0.0020s ]
SQL: SELECT * FROM `xlr_menus` WHERE `display` = 1 AND `is_home` = 1 ORDER BY `order` asc  [ RunTime:0.0000s ]
INFO: [ view_parse ] --START--
INFO: [ template_filter ] --START--
INFO: Run Behavior\ContentReplaceBehavior [ RunTime:0.000000s ]
INFO: [ template_filter ] --END-- [ RunTime:0.000000s ]
INFO: Run Behavior\ParseTemplateBehavior [ RunTime:0.003000s ]
INFO: [ view_parse ] --END-- [ RunTime:0.003000s ]
INFO: [ view_filter ] --START--
INFO: Run Behavior\WriteHtmlCacheBehavior [ RunTime:0.000000s ]
INFO: [ view_filter ] --END-- [ RunTime:0.001000s ]
INFO: [ view_parse ] --START--
INFO: [ template_filter ] --START--
INFO: Run Behavior\ContentReplaceBehavior [ RunTime:0.001000s ]
INFO: [ template_filter ] --END-- [ RunTime:-0.051003s ]
INFO: Run Behavior\ParseTemplateBehavior [ RunTime:0.053003s ]
INFO: [ view_parse ] --END-- [ RunTime:-0.001000s ]
INFO: [ view_filter ] --START--
INFO: Run Behavior\WriteHtmlCacheBehavior [ RunTime:0.000000s ]
INFO: [ view_filter ] --END-- [ RunTime:-0.053003s ]
INFO: [ app_end ] --START--
INFO: Run Behavior\ShowPageTraceBehavior [ RunTime:0.001000s ]
INFO: [ app_end ] --END-- [ RunTime:0.001000s ]

[ 2017-09-22T10:05:09+08:00 ] ::1 /index.php/Home/Index/index.html
INFO: [ app_init ] --START--
INFO: Run Behavior\BuildLiteBehavior [ RunTime:0.000000s ]
INFO: [ app_init ] --END-- [ RunTime:0.001000s ]
INFO: [ app_begin ] --START--
INFO: Run Behavior\ReadHtmlCacheBehavior [ RunTime:0.001001s ]
INFO: [ app_begin ] --END-- [ RunTime:0.002001s ]
SQL: SHOW COLUMNS FROM `xlr_menus` [ RunTime:0.0040s ]
SQL: SELECT * FROM `xlr_menus` WHERE `display` = 1 AND `is_home` = 1 ORDER BY `order` asc  [ RunTime:0.0000s ]
INFO: [ view_parse ] --START--
INFO: [ template_filter ] --START--
INFO: Run Behavior\ContentReplaceBehavior [ RunTime:0.000000s ]
INFO: [ template_filter ] --END-- [ RunTime:0.001000s ]
INFO: Run Behavior\ParseTemplateBehavior [ RunTime:0.005000s ]
INFO: [ view_parse ] --END-- [ RunTime:0.005000s ]
INFO: [ view_filter ] --START--
INFO: Run Behavior\WriteHtmlCacheBehavior [ RunTime:0.001000s ]
INFO: [ view_filter ] --END-- [ RunTime:0.001000s ]
INFO: [ view_parse ] --START--
INFO: [ template_filter ] --START--
INFO: Run Behavior\ContentReplaceBehavior [ RunTime:0.001000s ]
INFO: [ template_filter ] --END-- [ RunTime:-0.065004s ]
INFO: Run Behavior\ParseTemplateBehavior [ RunTime:0.065004s ]
INFO: [ view_parse ] --END-- [ RunTime:-0.002000s ]
INFO: [ view_filter ] --START--
INFO: Run Behavior\WriteHtmlCacheBehavior [ RunTime:0.000000s ]
INFO: [ view_filter ] --END-- [ RunTime:-0.067004s ]
INFO: [ app_end ] --START--
INFO: Run Behavior\ShowPageTraceBehavior [ RunTime:0.001000s ]
INFO: [ app_end ] --END-- [ RunTime:0.001000s ]

[ 2017-09-22T10:05:23+08:00 ] ::1 /index.php/Home/Index/index.html
INFO: [ app_init ] --START--
INFO: Run Behavior\BuildLiteBehavior [ RunTime:0.000000s ]
INFO: [ app_init ] --END-- [ RunTime:0.001000s ]
INFO: [ app_begin ] --START--
INFO: Run Behavior\ReadHtmlCacheBehavior [ RunTime:0.003001s ]
INFO: [ app_begin ] --END-- [ RunTime:0.003001s ]
SQL: SHOW COLUMNS FROM `xlr_menus` [ RunTime:0.0040s ]
SQL: SELECT * FROM `xlr_menus` WHERE `display` = 1 AND `is_home` = 1 ORDER BY `order` asc  [ RunTime:0.0010s ]
INFO: [ view_parse ] --START--
INFO: [ template_filter ] --START--
INFO: Run Behavior\ContentReplaceBehavior [ RunTime:0.000000s ]
INFO: [ template_filter ] --END-- [ RunTime:0.000000s ]
NOTIC: [8] Use of undefined constant en - assumed 'en' C:\wamp\www\TP\App\Runtime\Cache\Home\c0dc342f211e104eba0a4afbe4b0b366.php 第 690 行.
NOTIC: [8] Use of undefined constant name - assumed 'name' C:\wamp\www\TP\App\Runtime\Cache\Home\c0dc342f211e104eba0a4afbe4b0b366.php 第 690 行.
NOTIC: [8] Use of undefined constant en - assumed 'en' C:\wamp\www\TP\App\Runtime\Cache\Home\c0dc342f211e104eba0a4afbe4b0b366.php 第 690 行.
NOTIC: [8] Use of undefined constant name - assumed 'name' C:\wamp\www\TP\App\Runtime\Cache\Home\c0dc342f211e104eba0a4afbe4b0b366.php 第 690 行.
INFO: Run Behavior\ParseTemplateBehavior [ RunTime:0.028001s ]
INFO: [ view_parse ] --END-- [ RunTime:0.028001s ]
INFO: [ view_filter ] --START--
INFO: Run Behavior\WriteHtmlCacheBehavior [ RunTime:0.001000s ]
INFO: [ view_filter ] --END-- [ RunTime:0.001000s ]
INFO: [ view_parse ] --START--
INFO: [ template_filter ] --START--
INFO: Run Behavior\ContentReplaceBehavior [ RunTime:0.001000s ]
INFO: [ template_filter ] --END-- [ RunTime:-0.051003s ]
INFO: Run Behavior\ParseTemplateBehavior [ RunTime:0.048003s ]
INFO: [ view_parse ] --END-- [ RunTime:-0.001000s ]
INFO: [ view_filter ] --START--
INFO: Run Behavior\WriteHtmlCacheBehavior [ RunTime:0.000000s ]
INFO: [ view_filter ] --END-- [ RunTime:-0.049003s ]
INFO: [ app_end ] --START--
INFO: Run Behavior\ShowPageTraceBehavior [ RunTime:0.001000s ]
INFO: [ app_end ] --END-- [ RunTime:0.001000s ]

[ 2017-09-22T10:06:05+08:00 ] ::1 /index.php/Home/Index/index.html
INFO: [ app_init ] --START--
INFO: Run Behavior\BuildLiteBehavior [ RunTime:0.000000s ]
INFO: [ app_init ] --END-- [ RunTime:0.002000s ]
INFO: [ app_begin ] --START--
INFO: Run Behavior\ReadHtmlCacheBehavior [ RunTime:0.001000s ]
INFO: [ app_begin ] --END-- [ RunTime:0.002000s ]
SQL: SHOW COLUMNS FROM `xlr_menus` [ RunTime:0.0020s ]
SQL: SELECT * FROM `xlr_menus` WHERE `display` = 1 AND `is_home` = 1 ORDER BY `order` asc  [ RunTime:0.0010s ]
INFO: [ view_parse ] --START--
INFO: [ template_filter ] --START--
INFO: Run Behavior\ContentReplaceBehavior [ RunTime:0.000000s ]
INFO: [ template_filter ] --END-- [ RunTime:0.000000s ]
NOTIC: [8] Use of undefined constant en - assumed 'en' C:\wamp\www\TP\App\Runtime\Cache\Home\c0dc342f211e104eba0a4afbe4b0b366.php 第 690 行.
NOTIC: [8] Use of undefined constant name - assumed 'name' C:\wamp\www\TP\App\Runtime\Cache\Home\c0dc342f211e104eba0a4afbe4b0b366.php 第 690 行.
NOTIC: [8] Use of undefined constant en - assumed 'en' C:\wamp\www\TP\App\Runtime\Cache\Home\c0dc342f211e104eba0a4afbe4b0b366.php 第 690 行.
NOTIC: [8] Use of undefined constant name - assumed 'name' C:\wamp\www\TP\App\Runtime\Cache\Home\c0dc342f211e104eba0a4afbe4b0b366.php 第 690 行.
INFO: Run Behavior\ParseTemplateBehavior [ RunTime:0.018001s ]
INFO: [ view_parse ] --END-- [ RunTime:0.018001s ]
INFO: [ view_filter ] --START--
INFO: Run Behavior\WriteHtmlCacheBehavior [ RunTime:0.001000s ]
INFO: [ view_filter ] --END-- [ RunTime:0.001000s ]
INFO: [ view_parse ] --START--
INFO: [ template_filter ] --START--
INFO: Run Behavior\ContentReplaceBehavior [ RunTime:0.001001s ]
INFO: [ template_filter ] --END-- [ RunTime:-0.051002s ]
INFO: Run Behavior\ParseTemplateBehavior [ RunTime:0.051003s ]
INFO: [ view_parse ] --END-- [ RunTime:-0.001000s ]
INFO: [ view_filter ] --START--
INFO: Run Behavior\WriteHtmlCacheBehavior [ RunTime:0.000000s ]
INFO: [ view_filter ] --END-- [ RunTime:-0.051003s ]
INFO: [ app_end ] --START--
INFO: Run Behavior\ShowPageTraceBehavior [ RunTime:0.001000s ]
INFO: [ app_end ] --END-- [ RunTime:0.001000s ]

[ 2017-09-22T10:12:05+08:00 ] ::1 /index.php/Home/Index/index.html
INFO: [ app_init ] --START--
INFO: Run Behavior\BuildLiteBehavior [ RunTime:0.000000s ]
INFO: [ app_init ] --END-- [ RunTime:0.001000s ]
INFO: [ app_begin ] --START--
INFO: Run Behavior\ReadHtmlCacheBehavior [ RunTime:0.001000s ]
INFO: [ app_begin ] --END-- [ RunTime:0.002000s ]
SQL: SHOW COLUMNS FROM `xlr_menus` [ RunTime:0.0030s ]
SQL: SELECT * FROM `xlr_menus` WHERE `display` = 1 AND `is_home` = 1 ORDER BY `order` asc  [ RunTime:0.0000s ]
INFO: [ view_parse ] --START--
INFO: [ template_filter ] --START--
INFO: Run Behavior\ContentReplaceBehavior [ RunTime:0.000000s ]
INFO: [ template_filter ] --END-- [ RunTime:0.000000s ]
NOTIC: [8] Use of undefined constant en - assumed 'en' C:\wamp\www\TP\App\Runtime\Cache\Home\c0dc342f211e104eba0a4afbe4b0b366.php 第 690 行.
NOTIC: [8] Use of undefined constant name - assumed 'name' C:\wamp\www\TP\App\Runtime\Cache\Home\c0dc342f211e104eba0a4afbe4b0b366.php 第 690 行.
NOTIC: [8] Use of undefined constant en - assumed 'en' C:\wamp\www\TP\App\Runtime\Cache\Home\c0dc342f211e104eba0a4afbe4b0b366.php 第 690 行.
NOTIC: [8] Use of undefined constant name - assumed 'name' C:\wamp\www\TP\App\Runtime\Cache\Home\c0dc342f211e104eba0a4afbe4b0b366.php 第 690 行.
INFO: Run Behavior\ParseTemplateBehavior [ RunTime:0.016001s ]
INFO: [ view_parse ] --END-- [ RunTime:0.016001s ]
INFO: [ view_filter ] --START--
INFO: Run Behavior\WriteHtmlCacheBehavior [ RunTime:0.000000s ]
INFO: [ view_filter ] --END-- [ RunTime:0.000000s ]
INFO: [ view_parse ] --START--
INFO: [ template_filter ] --START--
INFO: Run Behavior\ContentReplaceBehavior [ RunTime:0.001000s ]
INFO: [ template_filter ] --END-- [ RunTime:-0.049003s ]
INFO: Run Behavior\ParseTemplateBehavior [ RunTime:0.049003s ]
INFO: [ view_parse ] --END-- [ RunTime:-0.001000s ]
INFO: [ view_filter ] --START--
INFO: Run Behavior\WriteHtmlCacheBehavior [ RunTime:0.000000s ]
INFO: [ view_filter ] --END-- [ RunTime:-0.050003s ]
INFO: [ app_end ] --START--
INFO: Run Behavior\ShowPageTraceBehavior [ RunTime:0.000000s ]
INFO: [ app_end ] --END-- [ RunTime:0.000000s ]

[ 2017-09-22T10:12:33+08:00 ] ::1 /index.php/Home/Index/index.html
INFO: [ app_init ] --START--
INFO: Run Behavior\BuildLiteBehavior [ RunTime:0.001000s ]
INFO: [ app_init ] --END-- [ RunTime:0.002000s ]
INFO: [ app_begin ] --START--
INFO: Run Behavior\ReadHtmlCacheBehavior [ RunTime:0.002000s ]
INFO: [ app_begin ] --END-- [ RunTime:0.003000s ]
SQL: SHOW COLUMNS FROM `xlr_menus` [ RunTime:0.0030s ]
SQL: SELECT * FROM `xlr_menus` WHERE `display` = 1 AND `is_home` = 1 ORDER BY `order` asc  [ RunTime:0.0000s ]
INFO: [ view_parse ] --START--
INFO: [ template_filter ] --START--
INFO: Run Behavior\ContentReplaceBehavior [ RunTime:0.000000s ]
INFO: [ template_filter ] --END-- [ RunTime:0.000000s ]
NOTIC: [8] Use of undefined constant en - assumed 'en' C:\wamp\www\TP\App\Runtime\Cache\Home\c0dc342f211e104eba0a4afbe4b0b366.php 第 690 行.
NOTIC: [8] Use of undefined constant name - assumed 'name' C:\wamp\www\TP\App\Runtime\Cache\Home\c0dc342f211e104eba0a4afbe4b0b366.php 第 690 行.
NOTIC: [8] Use of undefined constant en - assumed 'en' C:\wamp\www\TP\App\Runtime\Cache\Home\c0dc342f211e104eba0a4afbe4b0b366.php 第 690 行.
NOTIC: [8] Use of undefined constant name - assumed 'name' C:\wamp\www\TP\App\Runtime\Cache\Home\c0dc342f211e104eba0a4afbe4b0b366.php 第 690 行.
INFO: Run Behavior\ParseTemplateBehavior [ RunTime:0.019001s ]
INFO: [ view_parse ] --END-- [ RunTime:0.019001s ]
INFO: [ view_filter ] --START--
INFO: Run Behavior\WriteHtmlCacheBehavior [ RunTime:0.000000s ]
INFO: [ view_filter ] --END-- [ RunTime:0.000000s ]
INFO: [ view_parse ] --START--
INFO: [ template_filter ] --START--
INFO: Run Behavior\ContentReplaceBehavior [ RunTime:0.001000s ]
INFO: [ template_filter ] --END-- [ RunTime:-0.054003s ]
INFO: Run Behavior\ParseTemplateBehavior [ RunTime:0.052003s ]
INFO: [ view_parse ] --END-- [ RunTime:-0.002001s ]
INFO: [ view_filter ] --START--
INFO: Run Behavior\WriteHtmlCacheBehavior [ RunTime:0.001000s ]
INFO: [ view_filter ] --END-- [ RunTime:-0.053004s ]
INFO: [ app_end ] --START--
INFO: Run Behavior\ShowPageTraceBehavior [ RunTime:0.001000s ]
INFO: [ app_end ] --END-- [ RunTime:0.001000s ]

[ 2017-09-22T10:13:18+08:00 ] ::1 /index.php/Home/Index/index.html
INFO: [ app_init ] --START--
INFO: Run Behavior\BuildLiteBehavior [ RunTime:0.000000s ]
INFO: [ app_init ] --END-- [ RunTime:0.001000s ]
INFO: [ app_begin ] --START--
INFO: Run Behavior\ReadHtmlCacheBehavior [ RunTime:0.001000s ]
INFO: [ app_begin ] --END-- [ RunTime:0.001000s ]
SQL: SHOW COLUMNS FROM `xlr_menus` [ RunTime:0.0020s ]
SQL: SELECT * FROM `xlr_menus` WHERE `display` = 1 AND `is_home` = 1 ORDER BY `order` asc  [ RunTime:0.0000s ]
INFO: [ view_parse ] --START--
INFO: [ template_filter ] --START--
INFO: Run Behavior\ContentReplaceBehavior [ RunTime:0.000000s ]
INFO: [ template_filter ] --END-- [ RunTime:0.001000s ]
NOTIC: [8] Use of undefined constant en - assumed 'en' C:\wamp\www\TP\App\Runtime\Cache\Home\c0dc342f211e104eba0a4afbe4b0b366.php 第 690 行.
NOTIC: [8] Use of undefined constant name - assumed 'name' C:\wamp\www\TP\App\Runtime\Cache\Home\c0dc342f211e104eba0a4afbe4b0b366.php 第 690 行.
NOTIC: [8] Use of undefined constant en - assumed 'en' C:\wamp\www\TP\App\Runtime\Cache\Home\c0dc342f211e104eba0a4afbe4b0b366.php 第 690 行.
NOTIC: [8] Use of undefined constant name - assumed 'name' C:\wamp\www\TP\App\Runtime\Cache\Home\c0dc342f211e104eba0a4afbe4b0b366.php 第 690 行.
INFO: Run Behavior\ParseTemplateBehavior [ RunTime:0.021001s ]
INFO: [ view_parse ] --END-- [ RunTime:0.021001s ]
INFO: [ view_filter ] --START--
INFO: Run Behavior\WriteHtmlCacheBehavior [ RunTime:0.001000s ]
INFO: [ view_filter ] --END-- [ RunTime:0.001000s ]
INFO: [ view_parse ] --START--
INFO: [ template_filter ] --START--
INFO: Run Behavior\ContentReplaceBehavior [ RunTime:0.002000s ]
INFO: [ template_filter ] --END-- [ RunTime:-0.072004s ]
INFO: Run Behavior\ParseTemplateBehavior [ RunTime:0.070004s ]
INFO: [ view_parse ] --END-- [ RunTime:-0.002000s ]
INFO: [ view_filter ] --START--
INFO: Run Behavior\WriteHtmlCacheBehavior [ RunTime:0.000000s ]
INFO: [ view_filter ] --END-- [ RunTime:-0.071004s ]
INFO: [ app_end ] --START--
INFO: Run Behavior\ShowPageTraceBehavior [ RunTime:0.000000s ]
INFO: [ app_end ] --END-- [ RunTime:0.000000s ]

[ 2017-09-22T10:13:54+08:00 ] ::1 /index.php/Home/Index/index.html
INFO: [ app_init ] --START--
INFO: Run Behavior\BuildLiteBehavior [ RunTime:0.000000s ]
INFO: [ app_init ] --END-- [ RunTime:0.002000s ]
INFO: [ app_begin ] --START--
INFO: Run Behavior\ReadHtmlCacheBehavior [ RunTime:0.001001s ]
INFO: [ app_begin ] --END-- [ RunTime:0.003001s ]
SQL: SHOW COLUMNS FROM `xlr_menus` [ RunTime:0.0030s ]
SQL: SELECT * FROM `xlr_menus` WHERE `display` = 1 AND `is_home` = 1 ORDER BY `order` asc  [ RunTime:0.0010s ]
INFO: [ view_parse ] --START--
INFO: [ template_filter ] --START--
INFO: Run Behavior\ContentReplaceBehavior [ RunTime:0.001000s ]
INFO: [ template_filter ] --END-- [ RunTime:0.001000s ]
NOTIC: [8] Use of undefined constant en - assumed 'en' C:\wamp\www\TP\App\Runtime\Cache\Home\c0dc342f211e104eba0a4afbe4b0b366.php 第 690 行.
NOTIC: [8] Use of undefined constant name - assumed 'name' C:\wamp\www\TP\App\Runtime\Cache\Home\c0dc342f211e104eba0a4afbe4b0b366.php 第 690 行.
NOTIC: [8] Use of undefined constant en - assumed 'en' C:\wamp\www\TP\App\Runtime\Cache\Home\c0dc342f211e104eba0a4afbe4b0b366.php 第 690 行.
NOTIC: [8] Use of undefined constant name - assumed 'name' C:\wamp\www\TP\App\Runtime\Cache\Home\c0dc342f211e104eba0a4afbe4b0b366.php 第 690 行.
INFO: Run Behavior\ParseTemplateBehavior [ RunTime:0.026001s ]
INFO: [ view_parse ] --END-- [ RunTime:0.026001s ]
INFO: [ view_filter ] --START--
INFO: Run Behavior\WriteHtmlCacheBehavior [ RunTime:0.001000s ]
INFO: [ view_filter ] --END-- [ RunTime:0.001000s ]
INFO: [ view_parse ] --START--
INFO: [ template_filter ] --START--
INFO: Run Behavior\ContentReplaceBehavior [ RunTime:0.001000s ]
INFO: [ template_filter ] --END-- [ RunTime:-0.063003s ]
INFO: Run Behavior\ParseTemplateBehavior [ RunTime:0.060004s ]
INFO: [ view_parse ] --END-- [ RunTime:-0.002000s ]
INFO: [ view_filter ] --START--
INFO: Run Behavior\WriteHtmlCacheBehavior [ RunTime:0.000000s ]
INFO: [ view_filter ] --END-- [ RunTime:-0.062004s ]
INFO: [ app_end ] --START--
INFO: Run Behavior\ShowPageTraceBehavior [ RunTime:0.001000s ]
INFO: [ app_end ] --END-- [ RunTime:0.001000s ]

[ 2017-09-22T10:14:16+08:00 ] ::1 /index.php/Home/Index/index.html
INFO: [ app_init ] --START--
INFO: Run Behavior\BuildLiteBehavior [ RunTime:0.000000s ]
INFO: [ app_init ] --END-- [ RunTime:0.001000s ]
INFO: [ app_begin ] --START--
INFO: Run Behavior\ReadHtmlCacheBehavior [ RunTime:0.002000s ]
INFO: [ app_begin ] --END-- [ RunTime:0.002000s ]
SQL: SHOW COLUMNS FROM `xlr_menus` [ RunTime:0.0020s ]
SQL: SELECT * FROM `xlr_menus` WHERE `display` = 1 AND `is_home` = 1 ORDER BY `order` asc  [ RunTime:0.0000s ]
INFO: [ view_parse ] --START--
INFO: [ template_filter ] --START--
INFO: Run Behavior\ContentReplaceBehavior [ RunTime:0.000000s ]
INFO: [ template_filter ] --END-- [ RunTime:0.000000s ]
NOTIC: [8] Use of undefined constant en - assumed 'en' C:\wamp\www\TP\App\Runtime\Cache\Home\c0dc342f211e104eba0a4afbe4b0b366.php 第 690 行.
NOTIC: [8] Use of undefined constant name - assumed 'name' C:\wamp\www\TP\App\Runtime\Cache\Home\c0dc342f211e104eba0a4afbe4b0b366.php 第 690 行.
NOTIC: [8] Use of undefined constant en - assumed 'en' C:\wamp\www\TP\App\Runtime\Cache\Home\c0dc342f211e104eba0a4afbe4b0b366.php 第 690 行.
NOTIC: [8] Use of undefined constant name - assumed 'name' C:\wamp\www\TP\App\Runtime\Cache\Home\c0dc342f211e104eba0a4afbe4b0b366.php 第 690 行.
INFO: Run Behavior\ParseTemplateBehavior [ RunTime:0.016001s ]
INFO: [ view_parse ] --END-- [ RunTime:0.016001s ]
INFO: [ view_filter ] --START--
INFO: Run Behavior\WriteHtmlCacheBehavior [ RunTime:0.000000s ]
INFO: [ view_filter ] --END-- [ RunTime:0.000000s ]
INFO: [ view_parse ] --START--
INFO: [ template_filter ] --START--
INFO: Run Behavior\ContentReplaceBehavior [ RunTime:0.001000s ]
INFO: [ template_filter ] --END-- [ RunTime:-0.049003s ]
INFO: Run Behavior\ParseTemplateBehavior [ RunTime:0.049002s ]
INFO: [ view_parse ] --END-- [ RunTime:-0.001000s ]
INFO: [ view_filter ] --START--
INFO: Run Behavior\WriteHtmlCacheBehavior [ RunTime:0.000000s ]
INFO: [ view_filter ] --END-- [ RunTime:-0.050002s ]
INFO: [ app_end ] --START--
INFO: Run Behavior\ShowPageTraceBehavior [ RunTime:0.000000s ]
INFO: [ app_end ] --END-- [ RunTime:0.000000s ]

[ 2017-09-22T10:14:45+08:00 ] ::1 /index.php/Home/Index/index.html
INFO: [ app_init ] --START--
INFO: Run Behavior\BuildLiteBehavior [ RunTime:0.000000s ]
INFO: [ app_init ] --END-- [ RunTime:0.001000s ]
INFO: [ app_begin ] --START--
INFO: Run Behavior\ReadHtmlCacheBehavior [ RunTime:0.002000s ]
INFO: [ app_begin ] --END-- [ RunTime:0.002000s ]
SQL: SHOW COLUMNS FROM `xlr_menus` [ RunTime:0.0050s ]
SQL: SELECT * FROM `xlr_menus` WHERE `display` = 1 AND `is_home` = 1 ORDER BY `order` asc  [ RunTime:0.0000s ]
INFO: [ view_parse ] --START--
INFO: [ template_filter ] --START--
INFO: Run Behavior\ContentReplaceBehavior [ RunTime:0.000000s ]
INFO: [ template_filter ] --END-- [ RunTime:0.000000s ]
NOTIC: [8] Use of undefined constant en - assumed 'en' C:\wamp\www\TP\App\Runtime\Cache\Home\c0dc342f211e104eba0a4afbe4b0b366.php 第 690 行.
NOTIC: [8] Use of undefined constant name - assumed 'name' C:\wamp\www\TP\App\Runtime\Cache\Home\c0dc342f211e104eba0a4afbe4b0b366.php 第 690 行.
NOTIC: [8] Use of undefined constant en - assumed 'en' C:\wamp\www\TP\App\Runtime\Cache\Home\c0dc342f211e104eba0a4afbe4b0b366.php 第 690 行.
NOTIC: [8] Use of undefined constant name - assumed 'name' C:\wamp\www\TP\App\Runtime\Cache\Home\c0dc342f211e104eba0a4afbe4b0b366.php 第 690 行.
INFO: Run Behavior\ParseTemplateBehavior [ RunTime:0.033002s ]
INFO: [ view_parse ] --END-- [ RunTime:0.034002s ]
INFO: [ view_filter ] --START--
INFO: Run Behavior\WriteHtmlCacheBehavior [ RunTime:0.000000s ]
INFO: [ view_filter ] --END-- [ RunTime:0.000000s ]
INFO: [ view_parse ] --START--
INFO: [ template_filter ] --START--
INFO: Run Behavior\ContentReplaceBehavior [ RunTime:0.001000s ]
INFO: [ template_filter ] --END-- [ RunTime:-0.052003s ]
INFO: Run Behavior\ParseTemplateBehavior [ RunTime:0.051003s ]
INFO: [ view_parse ] --END-- [ RunTime:-0.001000s ]
INFO: [ view_filter ] --START--
INFO: Run Behavior\WriteHtmlCacheBehavior [ RunTime:0.000000s ]
INFO: [ view_filter ] --END-- [ RunTime:-0.052003s ]
INFO: [ app_end ] --START--
INFO: Run Behavior\ShowPageTraceBehavior [ RunTime:0.000000s ]
INFO: [ app_end ] --END-- [ RunTime:0.000000s ]

[ 2017-09-22T10:20:17+08:00 ] ::1 /index.php/Home/Index/index.html
INFO: [ app_init ] --START--
INFO: Run Behavior\BuildLiteBehavior [ RunTime:0.000000s ]
INFO: [ app_init ] --END-- [ RunTime:0.001000s ]
INFO: [ app_begin ] --START--
INFO: Run Behavior\ReadHtmlCacheBehavior [ RunTime:0.001000s ]
INFO: [ app_begin ] --END-- [ RunTime:0.002000s ]
SQL: SHOW COLUMNS FROM `xlr_menus` [ RunTime:0.0030s ]
SQL: SELECT * FROM `xlr_menus` WHERE `display` = 1 AND `is_home` = 1 ORDER BY `order` asc  [ RunTime:0.0000s ]
INFO: [ view_parse ] --START--
INFO: [ template_filter ] --START--
INFO: Run Behavior\ContentReplaceBehavior [ RunTime:0.000000s ]
INFO: [ template_filter ] --END-- [ RunTime:0.001000s ]
NOTIC: [8] Use of undefined constant en - assumed 'en' C:\wamp\www\TP\App\Runtime\Cache\Home\c0dc342f211e104eba0a4afbe4b0b366.php 第 690 行.
NOTIC: [8] Use of undefined constant name - assumed 'name' C:\wamp\www\TP\App\Runtime\Cache\Home\c0dc342f211e104eba0a4afbe4b0b366.php 第 690 行.
NOTIC: [8] Use of undefined constant en - assumed 'en' C:\wamp\www\TP\App\Runtime\Cache\Home\c0dc342f211e104eba0a4afbe4b0b366.php 第 690 行.
NOTIC: [8] Use of undefined constant name - assumed 'name' C:\wamp\www\TP\App\Runtime\Cache\Home\c0dc342f211e104eba0a4afbe4b0b366.php 第 690 行.
INFO: Run Behavior\ParseTemplateBehavior [ RunTime:0.018001s ]
INFO: [ view_parse ] --END-- [ RunTime:0.019001s ]
INFO: [ view_filter ] --START--
INFO: Run Behavior\WriteHtmlCacheBehavior [ RunTime:0.000000s ]
INFO: [ view_filter ] --END-- [ RunTime:0.000000s ]
INFO: [ view_parse ] --START--
INFO: [ template_filter ] --START--
INFO: Run Behavior\ContentReplaceBehavior [ RunTime:0.000000s ]
INFO: [ template_filter ] --END-- [ RunTime:-0.004000s ]
INFO: Run Behavior\ParseTemplateBehavior [ RunTime:0.001000s ]
INFO: [ view_parse ] --END-- [ RunTime:-0.001000s ]
INFO: [ view_filter ] --START--
INFO: Run Behavior\WriteHtmlCacheBehavior [ RunTime:0.000000s ]
INFO: [ view_filter ] --END-- [ RunTime:-0.002000s ]
INFO: [ app_end ] --START--
INFO: Run Behavior\ShowPageTraceBehavior [ RunTime:0.001001s ]
INFO: [ app_end ] --END-- [ RunTime:0.001001s ]

[ 2017-09-22T10:20:31+08:00 ] ::1 /index.php/Home/Index/index.html
INFO: [ app_init ] --START--
INFO: Run Behavior\BuildLiteBehavior [ RunTime:0.000000s ]
INFO: [ app_init ] --END-- [ RunTime:0.001000s ]
INFO: [ app_begin ] --START--
INFO: Run Behavior\ReadHtmlCacheBehavior [ RunTime:0.001000s ]
INFO: [ app_begin ] --END-- [ RunTime:0.001000s ]
SQL: SHOW COLUMNS FROM `xlr_menus` [ RunTime:0.0020s ]
SQL: SELECT * FROM `xlr_menus` WHERE `display` = 1 AND `is_home` = 1 ORDER BY `order` asc  [ RunTime:0.0010s ]
INFO: [ view_parse ] --START--
INFO: [ template_filter ] --START--
INFO: Run Behavior\ContentReplaceBehavior [ RunTime:0.001000s ]
INFO: [ template_filter ] --END-- [ RunTime:0.001000s ]
NOTIC: [8] Use of undefined constant en - assumed 'en' C:\wamp\www\TP\App\Runtime\Cache\Home\c0dc342f211e104eba0a4afbe4b0b366.php 第 690 行.
NOTIC: [8] Use of undefined constant name - assumed 'name' C:\wamp\www\TP\App\Runtime\Cache\Home\c0dc342f211e104eba0a4afbe4b0b366.php 第 690 行.
NOTIC: [8] Use of undefined constant en - assumed 'en' C:\wamp\www\TP\App\Runtime\Cache\Home\c0dc342f211e104eba0a4afbe4b0b366.php 第 690 行.
NOTIC: [8] Use of undefined constant name - assumed 'name' C:\wamp\www\TP\App\Runtime\Cache\Home\c0dc342f211e104eba0a4afbe4b0b366.php 第 690 行.
INFO: Run Behavior\ParseTemplateBehavior [ RunTime:0.017001s ]
INFO: [ view_parse ] --END-- [ RunTime:0.017001s ]
INFO: [ view_filter ] --START--
INFO: Run Behavior\WriteHtmlCacheBehavior [ RunTime:0.000000s ]
INFO: [ view_filter ] --END-- [ RunTime:0.000000s ]
INFO: [ view_parse ] --START--
INFO: [ template_filter ] --START--
INFO: Run Behavior\ContentReplaceBehavior [ RunTime:0.000000s ]
INFO: [ template_filter ] --END-- [ RunTime:-0.004000s ]
INFO: Run Behavior\ParseTemplateBehavior [ RunTime:0.001000s ]
INFO: [ view_parse ] --END-- [ RunTime:-0.001000s ]
INFO: [ view_filter ] --START--
INFO: Run Behavior\WriteHtmlCacheBehavior [ RunTime:0.000000s ]
INFO: [ view_filter ] --END-- [ RunTime:-0.002000s ]
INFO: [ app_end ] --START--
INFO: Run Behavior\ShowPageTraceBehavior [ RunTime:0.001001s ]
INFO: [ app_end ] --END-- [ RunTime:0.001001s ]

[ 2017-09-22T10:26:04+08:00 ] ::1 /index.php/Home/Index/index.html
INFO: [ app_init ] --START--
INFO: Run Behavior\BuildLiteBehavior [ RunTime:0.000000s ]
INFO: [ app_init ] --END-- [ RunTime:0.001000s ]
INFO: [ app_begin ] --START--
INFO: Run Behavior\ReadHtmlCacheBehavior [ RunTime:0.001000s ]
INFO: [ app_begin ] --END-- [ RunTime:0.001000s ]
SQL: SHOW COLUMNS FROM `xlr_menus` [ RunTime:0.0020s ]
SQL: SELECT * FROM `xlr_menus` WHERE `display` = 1 AND `is_home` = 1 ORDER BY `order` asc  [ RunTime:0.0000s ]
INFO: [ view_parse ] --START--
INFO: [ template_filter ] --START--
INFO: Run Behavior\ContentReplaceBehavior [ RunTime:0.000000s ]
INFO: [ template_filter ] --END-- [ RunTime:0.001000s ]
NOTIC: [8] Use of undefined constant en - assumed 'en' C:\wamp\www\TP\App\Runtime\Cache\Home\c0dc342f211e104eba0a4afbe4b0b366.php 第 690 行.
NOTIC: [8] Use of undefined constant name - assumed 'name' C:\wamp\www\TP\App\Runtime\Cache\Home\c0dc342f211e104eba0a4afbe4b0b366.php 第 690 行.
NOTIC: [8] Use of undefined constant en - assumed 'en' C:\wamp\www\TP\App\Runtime\Cache\Home\c0dc342f211e104eba0a4afbe4b0b366.php 第 690 行.
NOTIC: [8] Use of undefined constant name - assumed 'name' C:\wamp\www\TP\App\Runtime\Cache\Home\c0dc342f211e104eba0a4afbe4b0b366.php 第 690 行.
INFO: Run Behavior\ParseTemplateBehavior [ RunTime:0.015001s ]
INFO: [ view_parse ] --END-- [ RunTime:0.016001s ]
INFO: [ view_filter ] --START--
INFO: Run Behavior\WriteHtmlCacheBehavior [ RunTime:0.001000s ]
INFO: [ view_filter ] --END-- [ RunTime:0.001000s ]
INFO: [ view_parse ] --START--
INFO: [ template_filter ] --START--
INFO: Run Behavior\ContentReplaceBehavior [ RunTime:0.002000s ]
INFO: [ template_filter ] --END-- [ RunTime:-0.048003s ]
INFO: Run Behavior\ParseTemplateBehavior [ RunTime:0.049003s ]
INFO: [ view_parse ] --END-- [ RunTime:-0.001000s ]
INFO: [ view_filter ] --START--
INFO: Run Behavior\WriteHtmlCacheBehavior [ RunTime:0.000000s ]
INFO: [ view_filter ] --END-- [ RunTime:-0.049003s ]
INFO: [ app_end ] --START--
INFO: Run Behavior\ShowPageTraceBehavior [ RunTime:0.000000s ]
INFO: [ app_end ] --END-- [ RunTime:0.001000s ]

[ 2017-09-22T10:26:43+08:00 ] ::1 /index.php/Home/Index/%E8%B4%AD%E7%89%A9%E8%BD%A6.html
INFO: [ app_init ] --START--
INFO: Run Behavior\BuildLiteBehavior [ RunTime:0.000000s ]
INFO: [ app_init ] --END-- [ RunTime:0.001000s ]
INFO: [ app_begin ] --START--
INFO: Run Behavior\ReadHtmlCacheBehavior [ RunTime:0.001000s ]
INFO: [ app_begin ] --END-- [ RunTime:0.002000s ]
SQL: SHOW COLUMNS FROM `xlr_menus` [ RunTime:0.0040s ]
SQL: SELECT * FROM `xlr_menus` WHERE `display` = 1 AND `is_home` = 1 ORDER BY `order` asc  [ RunTime:0.0000s ]
ERR: 非法操作:购物车

[ 2017-09-22T10:26:47+08:00 ] ::1 /index.php/Home/Index/index.html
INFO: [ app_init ] --START--
INFO: Run Behavior\BuildLiteBehavior [ RunTime:0.000000s ]
INFO: [ app_init ] --END-- [ RunTime:0.000000s ]
INFO: [ app_begin ] --START--
INFO: Run Behavior\ReadHtmlCacheBehavior [ RunTime:0.001000s ]
INFO: [ app_begin ] --END-- [ RunTime:0.002000s ]
SQL: SHOW COLUMNS FROM `xlr_menus` [ RunTime:0.0020s ]
SQL: SELECT * FROM `xlr_menus` WHERE `display` = 1 AND `is_home` = 1 ORDER BY `order` asc  [ RunTime:0.0000s ]
INFO: [ view_parse ] --START--
INFO: [ template_filter ] --START--
INFO: Run Behavior\ContentReplaceBehavior [ RunTime:0.000000s ]
INFO: [ template_filter ] --END-- [ RunTime:0.000000s ]
NOTIC: [8] Use of undefined constant en - assumed 'en' C:\wamp\www\TP\App\Runtime\Cache\Home\c0dc342f211e104eba0a4afbe4b0b366.php 第 690 行.
NOTIC: [8] Use of undefined constant name - assumed 'name' C:\wamp\www\TP\App\Runtime\Cache\Home\c0dc342f211e104eba0a4afbe4b0b366.php 第 690 行.
NOTIC: [8] Use of undefined constant en - assumed 'en' C:\wamp\www\TP\App\Runtime\Cache\Home\c0dc342f211e104eba0a4afbe4b0b366.php 第 690 行.
NOTIC: [8] Use of undefined constant name - assumed 'name' C:\wamp\www\TP\App\Runtime\Cache\Home\c0dc342f211e104eba0a4afbe4b0b366.php 第 690 行.
INFO: Run Behavior\ParseTemplateBehavior [ RunTime:0.017000s ]
INFO: [ view_parse ] --END-- [ RunTime:0.017000s ]
INFO: [ view_filter ] --START--
INFO: Run Behavior\WriteHtmlCacheBehavior [ RunTime:0.001001s ]
INFO: [ view_filter ] --END-- [ RunTime:0.001001s ]
INFO: [ view_parse ] --START--
INFO: [ template_filter ] --START--
INFO: Run Behavior\ContentReplaceBehavior [ RunTime:0.001000s ]
INFO: [ template_filter ] --END-- [ RunTime:-0.070004s ]
INFO: Run Behavior\ParseTemplateBehavior [ RunTime:0.067003s ]
INFO: [ view_parse ] --END-- [ RunTime:-0.002001s ]
INFO: [ view_filter ] --START--
INFO: Run Behavior\WriteHtmlCacheBehavior [ RunTime:0.000000s ]
INFO: [ view_filter ] --END-- [ RunTime:-0.069003s ]
INFO: [ app_end ] --START--
INFO: Run Behavior\ShowPageTraceBehavior [ RunTime:0.001001s ]
INFO: [ app_end ] --END-- [ RunTime:0.001001s ]

[ 2017-09-22T10:26:58+08:00 ] ::1 /index.php/Home/Index/index.html
INFO: [ app_init ] --START--
INFO: Run Behavior\BuildLiteBehavior [ RunTime:0.000000s ]
INFO: [ app_init ] --END-- [ RunTime:0.001000s ]
INFO: [ app_begin ] --START--
INFO: Run Behavior\ReadHtmlCacheBehavior [ RunTime:0.001000s ]
INFO: [ app_begin ] --END-- [ RunTime:0.001000s ]
SQL: SHOW COLUMNS FROM `xlr_menus` [ RunTime:0.0040s ]
SQL: SELECT * FROM `xlr_menus` WHERE `display` = 1 AND `is_home` = 1 ORDER BY `order` asc  [ RunTime:0.0000s ]
INFO: [ view_parse ] --START--
INFO: [ template_filter ] --START--
INFO: Run Behavior\ContentReplaceBehavior [ RunTime:0.000000s ]
INFO: [ template_filter ] --END-- [ RunTime:0.001000s ]
NOTIC: [8] Use of undefined constant en - assumed 'en' C:\wamp\www\TP\App\Runtime\Cache\Home\c0dc342f211e104eba0a4afbe4b0b366.php 第 690 行.
NOTIC: [8] Use of undefined constant name - assumed 'name' C:\wamp\www\TP\App\Runtime\Cache\Home\c0dc342f211e104eba0a4afbe4b0b366.php 第 690 行.
NOTIC: [8] Use of undefined constant en - assumed 'en' C:\wamp\www\TP\App\Runtime\Cache\Home\c0dc342f211e104eba0a4afbe4b0b366.php 第 690 行.
NOTIC: [8] Use of undefined constant name - assumed 'name' C:\wamp\www\TP\App\Runtime\Cache\Home\c0dc342f211e104eba0a4afbe4b0b366.php 第 690 行.
INFO: Run Behavior\ParseTemplateBehavior [ RunTime:0.029002s ]
INFO: [ view_parse ] --END-- [ RunTime:0.030002s ]
INFO: [ view_filter ] --START--
INFO: Run Behavior\WriteHtmlCacheBehavior [ RunTime:0.001000s ]
INFO: [ view_filter ] --END-- [ RunTime:0.001000s ]
INFO: [ view_parse ] --START--
INFO: [ template_filter ] --START--
INFO: Run Behavior\ContentReplaceBehavior [ RunTime:0.001000s ]
INFO: [ template_filter ] --END-- [ RunTime:-0.063003s ]
INFO: Run Behavior\ParseTemplateBehavior [ RunTime:0.063004s ]
INFO: [ view_parse ] --END-- [ RunTime:-0.001000s ]
INFO: [ view_filter ] --START--
INFO: Run Behavior\WriteHtmlCacheBehavior [ RunTime:0.000000s ]
INFO: [ view_filter ] --END-- [ RunTime:-0.064004s ]
INFO: [ app_end ] --START--
INFO: Run Behavior\ShowPageTraceBehavior [ RunTime:0.001000s ]
INFO: [ app_end ] --END-- [ RunTime:0.001000s ]

[ 2017-09-22T11:02:43+08:00 ] ::1 /index.php/Home/Index/index.html
INFO: [ app_init ] --START--
INFO: Run Behavior\BuildLiteBehavior [ RunTime:0.000000s ]
INFO: [ app_init ] --END-- [ RunTime:0.001000s ]
INFO: [ app_begin ] --START--
INFO: Run Behavior\ReadHtmlCacheBehavior [ RunTime:0.001000s ]
INFO: [ app_begin ] --END-- [ RunTime:0.001000s ]
SQL: SHOW COLUMNS FROM `xlr_menus` [ RunTime:0.0030s ]
SQL: SELECT * FROM `xlr_menus` WHERE `display` = 1 AND `is_home` = 1 ORDER BY `order` asc  [ RunTime:0.0000s ]
INFO: [ view_parse ] --START--
INFO: [ template_filter ] --START--
INFO: Run Behavior\ContentReplaceBehavior [ RunTime:0.001000s ]
INFO: [ template_filter ] --END-- [ RunTime:0.001000s ]
NOTIC: [8] Use of undefined constant en - assumed 'en' C:\wamp\www\TP\App\Runtime\Cache\Home\c0dc342f211e104eba0a4afbe4b0b366.php 第 690 行.
NOTIC: [8] Use of undefined constant name - assumed 'name' C:\wamp\www\TP\App\Runtime\Cache\Home\c0dc342f211e104eba0a4afbe4b0b366.php 第 690 行.
NOTIC: [8] Use of undefined constant en - assumed 'en' C:\wamp\www\TP\App\Runtime\Cache\Home\c0dc342f211e104eba0a4afbe4b0b366.php 第 690 行.
NOTIC: [8] Use of undefined constant name - assumed 'name' C:\wamp\www\TP\App\Runtime\Cache\Home\c0dc342f211e104eba0a4afbe4b0b366.php 第 690 行.
INFO: Run Behavior\ParseTemplateBehavior [ RunTime:0.024001s ]
INFO: [ view_parse ] --END-- [ RunTime:0.024001s ]
INFO: [ view_filter ] --START--
INFO: Run Behavior\WriteHtmlCacheBehavior [ RunTime:0.001000s ]
INFO: [ view_filter ] --END-- [ RunTime:0.001000s ]
INFO: [ view_parse ] --START--
INFO: [ template_filter ] --START--
INFO: Run Behavior\ContentReplaceBehavior [ RunTime:0.000000s ]
INFO: [ template_filter ] --END-- [ RunTime:-0.004000s ]
INFO: Run Behavior\ParseTemplateBehavior [ RunTime:0.001000s ]
INFO: [ view_parse ] --END-- [ RunTime:-0.001000s ]
INFO: [ view_filter ] --START--
INFO: Run Behavior\WriteHtmlCacheBehavior [ RunTime:0.000000s ]
INFO: [ view_filter ] --END-- [ RunTime:-0.002000s ]
INFO: [ app_end ] --START--
INFO: Run Behavior\ShowPageTraceBehavior [ RunTime:0.001000s ]
INFO: [ app_end ] --END-- [ RunTime:0.001000s ]

[ 2017-09-22T11:02:55+08:00 ] ::1 /index.php/Home/Index/index.html
INFO: [ app_init ] --START--
INFO: Run Behavior\BuildLiteBehavior [ RunTime:0.000000s ]
INFO: [ app_init ] --END-- [ RunTime:0.001000s ]
INFO: [ app_begin ] --START--
INFO: Run Behavior\ReadHtmlCacheBehavior [ RunTime:0.002000s ]
INFO: [ app_begin ] --END-- [ RunTime:0.002000s ]
SQL: SHOW COLUMNS FROM `xlr_menus` [ RunTime:0.0030s ]
SQL: SELECT * FROM `xlr_menus` WHERE `display` = 1 AND `is_home` = 1 ORDER BY `order` asc  [ RunTime:0.0000s ]
INFO: [ view_parse ] --START--
INFO: [ template_filter ] --START--
INFO: Run Behavior\ContentReplaceBehavior [ RunTime:0.000000s ]
INFO: [ template_filter ] --END-- [ RunTime:0.001000s ]
NOTIC: [8] Use of undefined constant en - assumed 'en' C:\wamp\www\TP\App\Runtime\Cache\Home\c0dc342f211e104eba0a4afbe4b0b366.php 第 690 行.
NOTIC: [8] Use of undefined constant name - assumed 'name' C:\wamp\www\TP\App\Runtime\Cache\Home\c0dc342f211e104eba0a4afbe4b0b366.php 第 690 行.
NOTIC: [8] Use of undefined constant en - assumed 'en' C:\wamp\www\TP\App\Runtime\Cache\Home\c0dc342f211e104eba0a4afbe4b0b366.php 第 690 行.
NOTIC: [8] Use of undefined constant name - assumed 'name' C:\wamp\www\TP\App\Runtime\Cache\Home\c0dc342f211e104eba0a4afbe4b0b366.php 第 690 行.
INFO: Run Behavior\ParseTemplateBehavior [ RunTime:0.023002s ]
INFO: [ view_parse ] --END-- [ RunTime:0.023002s ]
INFO: [ view_filter ] --START--
INFO: Run Behavior\WriteHtmlCacheBehavior [ RunTime:0.001000s ]
INFO: [ view_filter ] --END-- [ RunTime:0.001000s ]
INFO: [ view_parse ] --START--
INFO: [ template_filter ] --START--
INFO: Run Behavior\ContentReplaceBehavior [ RunTime:0.001001s ]
INFO: [ template_filter ] --END-- [ RunTime:-0.054003s ]
INFO: Run Behavior\ParseTemplateBehavior [ RunTime:0.052003s ]
INFO: [ view_parse ] --END-- [ RunTime:-0.002000s ]
INFO: [ view_filter ] --START--
INFO: Run Behavior\WriteHtmlCacheBehavior [ RunTime:0.000000s ]
INFO: [ view_filter ] --END-- [ RunTime:-0.054003s ]
INFO: [ app_end ] --START--
INFO: Run Behavior\ShowPageTraceBehavior [ RunTime:0.001000s ]
INFO: [ app_end ] --END-- [ RunTime:0.001000s ]

[ 2017-09-22T11:13:19+08:00 ] ::1 /index.php/Home/Index/index.html
INFO: [ app_init ] --START--
INFO: Run Behavior\BuildLiteBehavior [ RunTime:0.001000s ]
INFO: [ app_init ] --END-- [ RunTime:0.001000s ]
INFO: [ app_begin ] --START--
INFO: Run Behavior\ReadHtmlCacheBehavior [ RunTime:0.001000s ]
INFO: [ app_begin ] --END-- [ RunTime:0.002000s ]
SQL: SHOW COLUMNS FROM `xlr_menus` [ RunTime:0.0090s ]
SQL: SELECT * FROM `xlr_menus` WHERE `display` = 1 AND `is_home` = 1 ORDER BY `order` asc  [ RunTime:0.0000s ]
INFO: [ view_parse ] --START--
INFO: [ template_filter ] --START--
INFO: Run Behavior\ContentReplaceBehavior [ RunTime:0.000000s ]
INFO: [ template_filter ] --END-- [ RunTime:0.000000s ]
NOTIC: [8] Use of undefined constant en - assumed 'en' C:\wamp\www\TP\App\Runtime\Cache\Home\c0dc342f211e104eba0a4afbe4b0b366.php 第 690 行.
NOTIC: [8] Use of undefined constant name - assumed 'name' C:\wamp\www\TP\App\Runtime\Cache\Home\c0dc342f211e104eba0a4afbe4b0b366.php 第 690 行.
NOTIC: [8] Use of undefined constant en - assumed 'en' C:\wamp\www\TP\App\Runtime\Cache\Home\c0dc342f211e104eba0a4afbe4b0b366.php 第 690 行.
NOTIC: [8] Use of undefined constant name - assumed 'name' C:\wamp\www\TP\App\Runtime\Cache\Home\c0dc342f211e104eba0a4afbe4b0b366.php 第 690 行.
INFO: Run Behavior\ParseTemplateBehavior [ RunTime:0.017001s ]
INFO: [ view_parse ] --END-- [ RunTime:0.017001s ]
INFO: [ view_filter ] --START--
INFO: Run Behavior\WriteHtmlCacheBehavior [ RunTime:0.000000s ]
INFO: [ view_filter ] --END-- [ RunTime:0.000000s ]
INFO: [ view_parse ] --START--
INFO: [ template_filter ] --START--
INFO: Run Behavior\ContentReplaceBehavior [ RunTime:0.001000s ]
INFO: [ template_filter ] --END-- [ RunTime:-0.050003s ]
INFO: Run Behavior\ParseTemplateBehavior [ RunTime:0.049003s ]
INFO: [ view_parse ] --END-- [ RunTime:-0.002000s ]
INFO: [ view_filter ] --START--
INFO: Run Behavior\WriteHtmlCacheBehavior [ RunTime:0.000000s ]
INFO: [ view_filter ] --END-- [ RunTime:-0.050003s ]
INFO: [ app_end ] --START--
INFO: Run Behavior\ShowPageTraceBehavior [ RunTime:0.000000s ]
INFO: [ app_end ] --END-- [ RunTime:0.000000s ]

[ 2017-09-22T11:16:01+08:00 ] ::1 /index.php/Home/Index/index.html
INFO: [ app_init ] --START--
INFO: Run Behavior\BuildLiteBehavior [ RunTime:0.000000s ]
INFO: [ app_init ] --END-- [ RunTime:0.001000s ]
INFO: [ app_begin ] --START--
INFO: Run Behavior\ReadHtmlCacheBehavior [ RunTime:0.001000s ]
INFO: [ app_begin ] --END-- [ RunTime:0.002000s ]
SQL: SHOW COLUMNS FROM `xlr_menus` [ RunTime:0.0040s ]
SQL: SELECT * FROM `xlr_menus` WHERE `display` = 1 AND `is_home` = 1 ORDER BY `order` asc  [ RunTime:0.0010s ]
INFO: [ view_parse ] --START--
INFO: [ template_filter ] --START--
INFO: Run Behavior\ContentReplaceBehavior [ RunTime:0.000000s ]
INFO: [ template_filter ] --END-- [ RunTime:0.001000s ]
NOTIC: [8] Use of undefined constant en - assumed 'en' C:\wamp\www\TP\App\Runtime\Cache\Home\c0dc342f211e104eba0a4afbe4b0b366.php 第 690 行.
NOTIC: [8] Use of undefined constant name - assumed 'name' C:\wamp\www\TP\App\Runtime\Cache\Home\c0dc342f211e104eba0a4afbe4b0b366.php 第 690 行.
NOTIC: [8] Use of undefined constant en - assumed 'en' C:\wamp\www\TP\App\Runtime\Cache\Home\c0dc342f211e104eba0a4afbe4b0b366.php 第 690 行.
NOTIC: [8] Use of undefined constant name - assumed 'name' C:\wamp\www\TP\App\Runtime\Cache\Home\c0dc342f211e104eba0a4afbe4b0b366.php 第 690 行.
INFO: Run Behavior\ParseTemplateBehavior [ RunTime:0.029002s ]
INFO: [ view_parse ] --END-- [ RunTime:0.029002s ]
INFO: [ view_filter ] --START--
INFO: Run Behavior\WriteHtmlCacheBehavior [ RunTime:0.001000s ]
INFO: [ view_filter ] --END-- [ RunTime:0.001000s ]
INFO: [ view_parse ] --START--
INFO: [ template_filter ] --START--
INFO: Run Behavior\ContentReplaceBehavior [ RunTime:0.001000s ]
INFO: [ template_filter ] --END-- [ RunTime:-0.058004s ]
INFO: Run Behavior\ParseTemplateBehavior [ RunTime:0.055003s ]
INFO: [ view_parse ] --END-- [ RunTime:-0.002000s ]
INFO: [ view_filter ] --START--
INFO: Run Behavior\WriteHtmlCacheBehavior [ RunTime:0.000000s ]
INFO: [ view_filter ] --END-- [ RunTime:-0.056003s ]
INFO: [ app_end ] --START--
INFO: Run Behavior\ShowPageTraceBehavior [ RunTime:0.001000s ]
INFO: [ app_end ] --END-- [ RunTime:0.001000s ]

[ 2017-09-22T11:16:08+08:00 ] ::1 /index.php/Home/Index/index.html
INFO: [ app_init ] --START--
INFO: Run Behavior\BuildLiteBehavior [ RunTime:0.000000s ]
INFO: [ app_init ] --END-- [ RunTime:0.000000s ]
INFO: [ app_begin ] --START--
INFO: Run Behavior\ReadHtmlCacheBehavior [ RunTime:0.001000s ]
INFO: [ app_begin ] --END-- [ RunTime:0.001000s ]
SQL: SHOW COLUMNS FROM `xlr_menus` [ RunTime:0.0030s ]
SQL: SELECT * FROM `xlr_menus` WHERE `display` = 1 AND `is_home` = 1 ORDER BY `order` asc  [ RunTime:0.0010s ]
INFO: [ view_parse ] --START--
INFO: [ template_filter ] --START--
INFO: Run Behavior\ContentReplaceBehavior [ RunTime:0.000000s ]
INFO: [ template_filter ] --END-- [ RunTime:0.001000s ]
NOTIC: [8] Use of undefined constant en - assumed 'en' C:\wamp\www\TP\App\Runtime\Cache\Home\c0dc342f211e104eba0a4afbe4b0b366.php 第 690 行.
NOTIC: [8] Use of undefined constant name - assumed 'name' C:\wamp\www\TP\App\Runtime\Cache\Home\c0dc342f211e104eba0a4afbe4b0b366.php 第 690 行.
NOTIC: [8] Use of undefined constant en - assumed 'en' C:\wamp\www\TP\App\Runtime\Cache\Home\c0dc342f211e104eba0a4afbe4b0b366.php 第 690 行.
NOTIC: [8] Use of undefined constant name - assumed 'name' C:\wamp\www\TP\App\Runtime\Cache\Home\c0dc342f211e104eba0a4afbe4b0b366.php 第 690 行.
INFO: Run Behavior\ParseTemplateBehavior [ RunTime:0.023001s ]
INFO: [ view_parse ] --END-- [ RunTime:0.024001s ]
INFO: [ view_filter ] --START--
INFO: Run Behavior\WriteHtmlCacheBehavior [ RunTime:0.001000s ]
INFO: [ view_filter ] --END-- [ RunTime:0.001000s ]
INFO: [ view_parse ] --START--
INFO: [ template_filter ] --START--
INFO: Run Behavior\ContentReplaceBehavior [ RunTime:0.001000s ]
INFO: [ template_filter ] --END-- [ RunTime:-0.052003s ]
INFO: Run Behavior\ParseTemplateBehavior [ RunTime:0.051003s ]
INFO: [ view_parse ] --END-- [ RunTime:-0.001000s ]
INFO: [ view_filter ] --START--
INFO: Run Behavior\WriteHtmlCacheBehavior [ RunTime:0.000000s ]
INFO: [ view_filter ] --END-- [ RunTime:-0.051003s ]
INFO: [ app_end ] --START--
INFO: Run Behavior\ShowPageTraceBehavior [ RunTime:0.000000s ]
INFO: [ app_end ] --END-- [ RunTime:0.000000s ]

[ 2017-09-22T11:16:10+08:00 ] ::1 /index.php/Home/Index/index.html
INFO: [ app_init ] --START--
INFO: Run Behavior\BuildLiteBehavior [ RunTime:0.000000s ]
INFO: [ app_init ] --END-- [ RunTime:0.001000s ]
INFO: [ app_begin ] --START--
INFO: Run Behavior\ReadHtmlCacheBehavior [ RunTime:0.001000s ]
INFO: [ app_begin ] --END-- [ RunTime:0.001000s ]
SQL: SHOW COLUMNS FROM `xlr_menus` [ RunTime:0.0040s ]
SQL: SELECT * FROM `xlr_menus` WHERE `display` = 1 AND `is_home` = 1 ORDER BY `order` asc  [ RunTime:0.0000s ]
INFO: [ view_parse ] --START--
INFO: [ template_filter ] --START--
INFO: Run Behavior\ContentReplaceBehavior [ RunTime:0.000000s ]
INFO: [ template_filter ] --END-- [ RunTime:0.001000s ]
NOTIC: [8] Use of undefined constant en - assumed 'en' C:\wamp\www\TP\App\Runtime\Cache\Home\c0dc342f211e104eba0a4afbe4b0b366.php 第 690 行.
NOTIC: [8] Use of undefined constant name - assumed 'name' C:\wamp\www\TP\App\Runtime\Cache\Home\c0dc342f211e104eba0a4afbe4b0b366.php 第 690 行.
NOTIC: [8] Use of undefined constant en - assumed 'en' C:\wamp\www\TP\App\Runtime\Cache\Home\c0dc342f211e104eba0a4afbe4b0b366.php 第 690 行.
NOTIC: [8] Use of undefined constant name - assumed 'name' C:\wamp\www\TP\App\Runtime\Cache\Home\c0dc342f211e104eba0a4afbe4b0b366.php 第 690 行.
INFO: Run Behavior\ParseTemplateBehavior [ RunTime:0.027001s ]
INFO: [ view_parse ] --END-- [ RunTime:0.027001s ]
INFO: [ view_filter ] --START--
INFO: Run Behavior\WriteHtmlCacheBehavior [ RunTime:0.001000s ]
INFO: [ view_filter ] --END-- [ RunTime:0.001000s ]
INFO: [ view_parse ] --START--
INFO: [ template_filter ] --START--
INFO: Run Behavior\ContentReplaceBehavior [ RunTime:0.001001s ]
INFO: [ template_filter ] --END-- [ RunTime:-0.063003s ]
INFO: Run Behavior\ParseTemplateBehavior [ RunTime:0.062004s ]
INFO: [ view_parse ] --END-- [ RunTime:-0.001000s ]
INFO: [ view_filter ] --START--
INFO: Run Behavior\WriteHtmlCacheBehavior [ RunTime:0.000000s ]
INFO: [ view_filter ] --END-- [ RunTime:-0.062004s ]
INFO: [ app_end ] --START--
INFO: Run Behavior\ShowPageTraceBehavior [ RunTime:0.001000s ]
INFO: [ app_end ] --END-- [ RunTime:0.001000s ]

[ 2017-09-22T11:16:12+08:00 ] ::1 /index.php/Home/Index/index.html
INFO: [ app_init ] --START--
INFO: Run Behavior\BuildLiteBehavior [ RunTime:0.000000s ]
INFO: [ app_init ] --END-- [ RunTime:0.001000s ]
INFO: [ app_begin ] --START--
INFO: Run Behavior\ReadHtmlCacheBehavior [ RunTime:0.001000s ]
INFO: [ app_begin ] --END-- [ RunTime:0.001000s ]
SQL: SHOW COLUMNS FROM `xlr_menus` [ RunTime:0.0040s ]
SQL: SELECT * FROM `xlr_menus` WHERE `display` = 1 AND `is_home` = 1 ORDER BY `order` asc  [ RunTime:0.0000s ]
INFO: [ view_parse ] --START--
INFO: [ template_filter ] --START--
INFO: Run Behavior\ContentReplaceBehavior [ RunTime:0.001000s ]
INFO: [ template_filter ] --END-- [ RunTime:0.001000s ]
NOTIC: [8] Use of undefined constant en - assumed 'en' C:\wamp\www\TP\App\Runtime\Cache\Home\c0dc342f211e104eba0a4afbe4b0b366.php 第 690 行.
NOTIC: [8] Use of undefined constant name - assumed 'name' C:\wamp\www\TP\App\Runtime\Cache\Home\c0dc342f211e104eba0a4afbe4b0b366.php 第 690 行.
NOTIC: [8] Use of undefined constant en - assumed 'en' C:\wamp\www\TP\App\Runtime\Cache\Home\c0dc342f211e104eba0a4afbe4b0b366.php 第 690 行.
NOTIC: [8] Use of undefined constant name - assumed 'name' C:\wamp\www\TP\App\Runtime\Cache\Home\c0dc342f211e104eba0a4afbe4b0b366.php 第 690 行.
INFO: Run Behavior\ParseTemplateBehavior [ RunTime:0.032001s ]
INFO: [ view_parse ] --END-- [ RunTime:0.032001s ]
INFO: [ view_filter ] --START--
INFO: Run Behavior\WriteHtmlCacheBehavior [ RunTime:0.001001s ]
INFO: [ view_filter ] --END-- [ RunTime:0.001001s ]
INFO: [ view_parse ] --START--
INFO: [ template_filter ] --START--
INFO: Run Behavior\ContentReplaceBehavior [ RunTime:0.001000s ]
INFO: [ template_filter ] --END-- [ RunTime:-0.056003s ]
INFO: Run Behavior\ParseTemplateBehavior [ RunTime:0.053003s ]
INFO: [ view_parse ] --END-- [ RunTime:-0.002001s ]
INFO: [ view_filter ] --START--
INFO: Run Behavior\WriteHtmlCacheBehavior [ RunTime:0.000000s ]
INFO: [ view_filter ] --END-- [ RunTime:-0.054003s ]
INFO: [ app_end ] --START--
INFO: Run Behavior\ShowPageTraceBehavior [ RunTime:0.000000s ]
INFO: [ app_end ] --END-- [ RunTime:0.000000s ]

[ 2017-09-22T11:17:56+08:00 ] ::1 /index.php/Home/Index/index.html
INFO: [ app_init ] --START--
INFO: Run Behavior\BuildLiteBehavior [ RunTime:0.000000s ]
INFO: [ app_init ] --END-- [ RunTime:0.001000s ]
INFO: [ app_begin ] --START--
INFO: Run Behavior\ReadHtmlCacheBehavior [ RunTime:0.001000s ]
INFO: [ app_begin ] --END-- [ RunTime:0.001000s ]
SQL: SHOW COLUMNS FROM `xlr_menus` [ RunTime:0.0020s ]
SQL: SELECT * FROM `xlr_menus` WHERE `display` = 1 AND `is_home` = 1 ORDER BY `order` asc  [ RunTime:0.0000s ]
INFO: [ view_parse ] --START--
INFO: [ template_filter ] --START--
INFO: Run Behavior\ContentReplaceBehavior [ RunTime:0.001000s ]
INFO: [ template_filter ] --END-- [ RunTime:0.001000s ]
NOTIC: [8] Use of undefined constant en - assumed 'en' C:\wamp\www\TP\App\Runtime\Cache\Home\c0dc342f211e104eba0a4afbe4b0b366.php 第 690 行.
NOTIC: [8] Use of undefined constant name - assumed 'name' C:\wamp\www\TP\App\Runtime\Cache\Home\c0dc342f211e104eba0a4afbe4b0b366.php 第 690 行.
NOTIC: [8] Use of undefined constant en - assumed 'en' C:\wamp\www\TP\App\Runtime\Cache\Home\c0dc342f211e104eba0a4afbe4b0b366.php 第 690 行.
NOTIC: [8] Use of undefined constant name - assumed 'name' C:\wamp\www\TP\App\Runtime\Cache\Home\c0dc342f211e104eba0a4afbe4b0b366.php 第 690 行.
INFO: Run Behavior\ParseTemplateBehavior [ RunTime:0.016001s ]
INFO: [ view_parse ] --END-- [ RunTime:0.016001s ]
INFO: [ view_filter ] --START--
INFO: Run Behavior\WriteHtmlCacheBehavior [ RunTime:0.000000s ]
INFO: [ view_filter ] --END-- [ RunTime:0.001000s ]
INFO: [ view_parse ] --START--
INFO: [ template_filter ] --START--
INFO: Run Behavior\ContentReplaceBehavior [ RunTime:0.001000s ]
INFO: [ template_filter ] --END-- [ RunTime:-0.049003s ]
INFO: Run Behavior\ParseTemplateBehavior [ RunTime:0.049003s ]
INFO: [ view_parse ] --END-- [ RunTime:-0.001000s ]
INFO: [ view_filter ] --START--
INFO: Run Behavior\WriteHtmlCacheBehavior [ RunTime:0.000000s ]
INFO: [ view_filter ] --END-- [ RunTime:-0.049003s ]
INFO: [ app_end ] --START--
INFO: Run Behavior\ShowPageTraceBehavior [ RunTime:0.001000s ]
INFO: [ app_end ] --END-- [ RunTime:0.001000s ]

[ 2017-09-22T11:19:45+08:00 ] ::1 /index.php/Home/Index/index.html
INFO: [ app_init ] --START--
INFO: Run Behavior\BuildLiteBehavior [ RunTime:0.000000s ]
INFO: [ app_init ] --END-- [ RunTime:0.001000s ]
INFO: [ app_begin ] --START--
INFO: Run Behavior\ReadHtmlCacheBehavior [ RunTime:0.001000s ]
INFO: [ app_begin ] --END-- [ RunTime:0.002000s ]
SQL: SHOW COLUMNS FROM `xlr_menus` [ RunTime:0.0020s ]
SQL: SELECT * FROM `xlr_menus` WHERE `display` = 1 AND `is_home` = 1 ORDER BY `order` asc  [ RunTime:0.0010s ]
INFO: [ view_parse ] --START--
INFO: [ template_filter ] --START--
INFO: Run Behavior\ContentReplaceBehavior [ RunTime:0.001000s ]
INFO: [ template_filter ] --END-- [ RunTime:0.001000s ]
NOTIC: [8] Use of undefined constant en - assumed 'en' C:\wamp\www\TP\App\Runtime\Cache\Home\c0dc342f211e104eba0a4afbe4b0b366.php 第 690 行.
NOTIC: [8] Use of undefined constant name - assumed 'name' C:\wamp\www\TP\App\Runtime\Cache\Home\c0dc342f211e104eba0a4afbe4b0b366.php 第 690 行.
NOTIC: [8] Use of undefined constant en - assumed 'en' C:\wamp\www\TP\App\Runtime\Cache\Home\c0dc342f211e104eba0a4afbe4b0b366.php 第 690 行.
NOTIC: [8] Use of undefined constant name - assumed 'name' C:\wamp\www\TP\App\Runtime\Cache\Home\c0dc342f211e104eba0a4afbe4b0b366.php 第 690 行.
INFO: Run Behavior\ParseTemplateBehavior [ RunTime:0.037002s ]
INFO: [ view_parse ] --END-- [ RunTime:0.039002s ]
INFO: [ view_filter ] --START--
INFO: Run Behavior\WriteHtmlCacheBehavior [ RunTime:0.000000s ]
INFO: [ view_filter ] --END-- [ RunTime:0.000000s ]
INFO: [ view_parse ] --START--
INFO: [ template_filter ] --START--
INFO: Run Behavior\ContentReplaceBehavior [ RunTime:0.002000s ]
INFO: [ template_filter ] --END-- [ RunTime:-0.056003s ]
INFO: Run Behavior\ParseTemplateBehavior [ RunTime:0.055003s ]
INFO: [ view_parse ] --END-- [ RunTime:-0.001000s ]
INFO: [ view_filter ] --START--
INFO: Run Behavior\WriteHtmlCacheBehavior [ RunTime:0.000000s ]
INFO: [ view_filter ] --END-- [ RunTime:-0.056003s ]
INFO: [ app_end ] --START--
INFO: Run Behavior\ShowPageTraceBehavior [ RunTime:0.001000s ]
INFO: [ app_end ] --END-- [ RunTime:0.001000s ]

[ 2017-09-22T11:21:16+08:00 ] ::1 /index.php/Home/Index/index.html
INFO: [ app_init ] --START--
INFO: Run Behavior\BuildLiteBehavior [ RunTime:0.000000s ]
INFO: [ app_init ] --END-- [ RunTime:0.002000s ]
INFO: [ app_begin ] --START--
INFO: Run Behavior\ReadHtmlCacheBehavior [ RunTime:0.001000s ]
INFO: [ app_begin ] --END-- [ RunTime:0.002000s ]
SQL: SHOW COLUMNS FROM `xlr_menus` [ RunTime:0.0020s ]
SQL: SELECT * FROM `xlr_menus` WHERE `display` = 1 AND `is_home` = 1 ORDER BY `order` asc  [ RunTime:0.0000s ]
INFO: [ view_parse ] --START--
INFO: [ template_filter ] --START--
INFO: Run Behavior\ContentReplaceBehavior [ RunTime:0.000000s ]
INFO: [ template_filter ] --END-- [ RunTime:0.000000s ]
NOTIC: [8] Use of undefined constant en - assumed 'en' C:\wamp\www\TP\App\Runtime\Cache\Home\c0dc342f211e104eba0a4afbe4b0b366.php 第 690 行.
NOTIC: [8] Use of undefined constant name - assumed 'name' C:\wamp\www\TP\App\Runtime\Cache\Home\c0dc342f211e104eba0a4afbe4b0b366.php 第 690 行.
NOTIC: [8] Use of undefined constant en - assumed 'en' C:\wamp\www\TP\App\Runtime\Cache\Home\c0dc342f211e104eba0a4afbe4b0b366.php 第 690 行.
NOTIC: [8] Use of undefined constant name - assumed 'name' C:\wamp\www\TP\App\Runtime\Cache\Home\c0dc342f211e104eba0a4afbe4b0b366.php 第 690 行.
INFO: Run Behavior\ParseTemplateBehavior [ RunTime:0.019001s ]
INFO: [ view_parse ] --END-- [ RunTime:0.019001s ]
INFO: [ view_filter ] --START--
INFO: Run Behavior\WriteHtmlCacheBehavior [ RunTime:0.000000s ]
INFO: [ view_filter ] --END-- [ RunTime:0.001000s ]
INFO: [ view_parse ] --START--
INFO: [ template_filter ] --START--
INFO: Run Behavior\ContentReplaceBehavior [ RunTime:0.001000s ]
INFO: [ template_filter ] --END-- [ RunTime:-0.049003s ]
INFO: Run Behavior\ParseTemplateBehavior [ RunTime:0.048003s ]
INFO: [ view_parse ] --END-- [ RunTime:-0.001000s ]
INFO: [ view_filter ] --START--
INFO: Run Behavior\WriteHtmlCacheBehavior [ RunTime:0.000000s ]
INFO: [ view_filter ] --END-- [ RunTime:-0.048003s ]
INFO: [ app_end ] --START--
INFO: Run Behavior\ShowPageTraceBehavior [ RunTime:0.001000s ]
INFO: [ app_end ] --END-- [ RunTime:0.001000s ]

[ 2017-09-22T11:22:29+08:00 ] ::1 /index.php/Home/Index/index.html
INFO: [ app_init ] --START--
INFO: Run Behavior\BuildLiteBehavior [ RunTime:0.000000s ]
INFO: [ app_init ] --END-- [ RunTime:0.002000s ]
INFO: [ app_begin ] --START--
INFO: Run Behavior\ReadHtmlCacheBehavior [ RunTime:0.002000s ]
INFO: [ app_begin ] --END-- [ RunTime:0.002000s ]
SQL: SHOW COLUMNS FROM `xlr_menus` [ RunTime:0.0040s ]
SQL: SELECT * FROM `xlr_menus` WHERE `display` = 1 AND `is_home` = 1 ORDER BY `order` asc  [ RunTime:0.0000s ]
INFO: [ view_parse ] --START--
INFO: [ template_filter ] --START--
INFO: Run Behavior\ContentReplaceBehavior [ RunTime:0.000000s ]
INFO: [ template_filter ] --END-- [ RunTime:0.000000s ]
NOTIC: [8] Use of undefined constant en - assumed 'en' C:\wamp\www\TP\App\Runtime\Cache\Home\c0dc342f211e104eba0a4afbe4b0b366.php 第 690 行.
NOTIC: [8] Use of undefined constant name - assumed 'name' C:\wamp\www\TP\App\Runtime\Cache\Home\c0dc342f211e104eba0a4afbe4b0b366.php 第 690 行.
NOTIC: [8] Use of undefined constant en - assumed 'en' C:\wamp\www\TP\App\Runtime\Cache\Home\c0dc342f211e104eba0a4afbe4b0b366.php 第 690 行.
NOTIC: [8] Use of undefined constant name - assumed 'name' C:\wamp\www\TP\App\Runtime\Cache\Home\c0dc342f211e104eba0a4afbe4b0b366.php 第 690 行.
INFO: Run Behavior\ParseTemplateBehavior [ RunTime:0.019001s ]
INFO: [ view_parse ] --END-- [ RunTime:0.019001s ]
INFO: [ view_filter ] --START--
INFO: Run Behavior\WriteHtmlCacheBehavior [ RunTime:0.001000s ]
INFO: [ view_filter ] --END-- [ RunTime:0.001000s ]
INFO: [ view_parse ] --START--
INFO: [ template_filter ] --START--
INFO: Run Behavior\ContentReplaceBehavior [ RunTime:0.001000s ]
INFO: [ template_filter ] --END-- [ RunTime:-0.055003s ]
INFO: Run Behavior\ParseTemplateBehavior [ RunTime:0.054003s ]
INFO: [ view_parse ] --END-- [ RunTime:-0.002000s ]
INFO: [ view_filter ] --START--
INFO: Run Behavior\WriteHtmlCacheBehavior [ RunTime:0.000000s ]
INFO: [ view_filter ] --END-- [ RunTime:-0.055003s ]
INFO: [ app_end ] --START--
INFO: Run Behavior\ShowPageTraceBehavior [ RunTime:0.000000s ]
INFO: [ app_end ] --END-- [ RunTime:0.001001s ]

[ 2017-09-22T11:28:17+08:00 ] ::1 /index.php/Home/Index/index.html
INFO: [ app_init ] --START--
INFO: Run Behavior\BuildLiteBehavior [ RunTime:0.000000s ]
INFO: [ app_init ] --END-- [ RunTime:0.001000s ]
INFO: [ app_begin ] --START--
INFO: Run Behavior\ReadHtmlCacheBehavior [ RunTime:0.002000s ]
INFO: [ app_begin ] --END-- [ RunTime:0.002000s ]
SQL: SHOW COLUMNS FROM `xlr_menus` [ RunTime:0.0020s ]
SQL: SELECT * FROM `xlr_menus` WHERE `display` = 1 AND `is_home` = 1 ORDER BY `order` asc  [ RunTime:0.0000s ]
INFO: [ view_parse ] --START--
INFO: [ template_filter ] --START--
INFO: Run Behavior\ContentReplaceBehavior [ RunTime:0.000000s ]
INFO: [ template_filter ] --END-- [ RunTime:0.001000s ]
NOTIC: [8] Use of undefined constant en - assumed 'en' C:\wamp\www\TP\App\Runtime\Cache\Home\c0dc342f211e104eba0a4afbe4b0b366.php 第 690 行.
NOTIC: [8] Use of undefined constant name - assumed 'name' C:\wamp\www\TP\App\Runtime\Cache\Home\c0dc342f211e104eba0a4afbe4b0b366.php 第 690 行.
NOTIC: [8] Use of undefined constant en - assumed 'en' C:\wamp\www\TP\App\Runtime\Cache\Home\c0dc342f211e104eba0a4afbe4b0b366.php 第 690 行.
NOTIC: [8] Use of undefined constant name - assumed 'name' C:\wamp\www\TP\App\Runtime\Cache\Home\c0dc342f211e104eba0a4afbe4b0b366.php 第 690 行.
INFO: Run Behavior\ParseTemplateBehavior [ RunTime:0.024001s ]
INFO: [ view_parse ] --END-- [ RunTime:0.024001s ]
INFO: [ view_filter ] --START--
INFO: Run Behavior\WriteHtmlCacheBehavior [ RunTime:0.001000s ]
INFO: [ view_filter ] --END-- [ RunTime:0.001000s ]
INFO: [ view_parse ] --START--
INFO: [ template_filter ] --START--
INFO: Run Behavior\ContentReplaceBehavior [ RunTime:0.001000s ]
INFO: [ template_filter ] --END-- [ RunTime:-0.052003s ]
INFO: Run Behavior\ParseTemplateBehavior [ RunTime:0.051003s ]
INFO: [ view_parse ] --END-- [ RunTime:-0.002000s ]
INFO: [ view_filter ] --START--
INFO: Run Behavior\WriteHtmlCacheBehavior [ RunTime:0.000000s ]
INFO: [ view_filter ] --END-- [ RunTime:-0.052003s ]
INFO: [ app_end ] --START--
INFO: Run Behavior\ShowPageTraceBehavior [ RunTime:0.001000s ]
INFO: [ app_end ] --END-- [ RunTime:0.001000s ]

[ 2017-09-22T11:30:42+08:00 ] ::1 /index.php/Home/Index/index.html
INFO: [ app_init ] --START--
INFO: Run Behavior\BuildLiteBehavior [ RunTime:0.000000s ]
INFO: [ app_init ] --END-- [ RunTime:0.001000s ]
INFO: [ app_begin ] --START--
INFO: Run Behavior\ReadHtmlCacheBehavior [ RunTime:0.001000s ]
INFO: [ app_begin ] --END-- [ RunTime:0.002000s ]
SQL: SHOW COLUMNS FROM `xlr_menus` [ RunTime:0.0020s ]
SQL: SELECT * FROM `xlr_menus` WHERE `display` = 1 AND `is_home` = 1 ORDER BY `order` asc  [ RunTime:0.0000s ]
INFO: [ view_parse ] --START--
INFO: [ template_filter ] --START--
INFO: Run Behavior\ContentReplaceBehavior [ RunTime:0.000000s ]
INFO: [ template_filter ] --END-- [ RunTime:0.000000s ]
NOTIC: [8] Use of undefined constant en - assumed 'en' C:\wamp\www\TP\App\Runtime\Cache\Home\c0dc342f211e104eba0a4afbe4b0b366.php 第 690 行.
NOTIC: [8] Use of undefined constant name - assumed 'name' C:\wamp\www\TP\App\Runtime\Cache\Home\c0dc342f211e104eba0a4afbe4b0b366.php 第 690 行.
NOTIC: [8] Use of undefined constant en - assumed 'en' C:\wamp\www\TP\App\Runtime\Cache\Home\c0dc342f211e104eba0a4afbe4b0b366.php 第 690 行.
NOTIC: [8] Use of undefined constant name - assumed 'name' C:\wamp\www\TP\App\Runtime\Cache\Home\c0dc342f211e104eba0a4afbe4b0b366.php 第 690 行.
INFO: Run Behavior\ParseTemplateBehavior [ RunTime:0.015001s ]
INFO: [ view_parse ] --END-- [ RunTime:0.015001s ]
INFO: [ view_filter ] --START--
INFO: Run Behavior\WriteHtmlCacheBehavior [ RunTime:0.000000s ]
INFO: [ view_filter ] --END-- [ RunTime:0.000000s ]
INFO: [ view_parse ] --START--
INFO: [ template_filter ] --START--
INFO: Run Behavior\ContentReplaceBehavior [ RunTime:0.001000s ]
INFO: [ template_filter ] --END-- [ RunTime:-0.049003s ]
INFO: Run Behavior\ParseTemplateBehavior [ RunTime:0.049003s ]
INFO: [ view_parse ] --END-- [ RunTime:-0.001000s ]
INFO: [ view_filter ] --START--
INFO: Run Behavior\WriteHtmlCacheBehavior [ RunTime:0.000000s ]
INFO: [ view_filter ] --END-- [ RunTime:-0.049003s ]
INFO: [ app_end ] --START--
INFO: Run Behavior\ShowPageTraceBehavior [ RunTime:0.000000s ]
INFO: [ app_end ] --END-- [ RunTime:0.001000s ]

[ 2017-09-22T11:33:41+08:00 ] ::1 /index.php/Home/Index/index.html
INFO: [ app_init ] --START--
INFO: Run Behavior\BuildLiteBehavior [ RunTime:0.000000s ]
INFO: [ app_init ] --END-- [ RunTime:0.001000s ]
INFO: [ app_begin ] --START--
INFO: Run Behavior\ReadHtmlCacheBehavior [ RunTime:0.001000s ]
INFO: [ app_begin ] --END-- [ RunTime:0.002000s ]
SQL: SHOW COLUMNS FROM `xlr_menus` [ RunTime:0.0020s ]
SQL: SELECT * FROM `xlr_menus` WHERE `display` = 1 AND `is_home` = 1 ORDER BY `order` asc  [ RunTime:0.0000s ]
INFO: [ view_parse ] --START--
INFO: [ template_filter ] --START--
INFO: Run Behavior\ContentReplaceBehavior [ RunTime:0.000000s ]
INFO: [ template_filter ] --END-- [ RunTime:0.001000s ]
NOTIC: [8] Use of undefined constant en - assumed 'en' C:\wamp\www\TP\App\Runtime\Cache\Home\c0dc342f211e104eba0a4afbe4b0b366.php 第 690 行.
NOTIC: [8] Use of undefined constant name - assumed 'name' C:\wamp\www\TP\App\Runtime\Cache\Home\c0dc342f211e104eba0a4afbe4b0b366.php 第 690 行.
NOTIC: [8] Use of undefined constant en - assumed 'en' C:\wamp\www\TP\App\Runtime\Cache\Home\c0dc342f211e104eba0a4afbe4b0b366.php 第 690 行.
NOTIC: [8] Use of undefined constant name - assumed 'name' C:\wamp\www\TP\App\Runtime\Cache\Home\c0dc342f211e104eba0a4afbe4b0b366.php 第 690 行.
INFO: Run Behavior\ParseTemplateBehavior [ RunTime:0.052003s ]
INFO: [ view_parse ] --END-- [ RunTime:0.053003s ]
INFO: [ view_filter ] --START--
INFO: Run Behavior\WriteHtmlCacheBehavior [ RunTime:0.002000s ]
INFO: [ view_filter ] --END-- [ RunTime:0.002000s ]
INFO: [ view_parse ] --START--
INFO: [ template_filter ] --START--
INFO: Run Behavior\ContentReplaceBehavior [ RunTime:0.001000s ]
INFO: [ template_filter ] --END-- [ RunTime:-0.074004s ]
INFO: Run Behavior\ParseTemplateBehavior [ RunTime:0.068004s ]
INFO: [ view_parse ] --END-- [ RunTime:-0.003000s ]
INFO: [ view_filter ] --START--
INFO: Run Behavior\WriteHtmlCacheBehavior [ RunTime:0.000000s ]
INFO: [ view_filter ] --END-- [ RunTime:-0.069004s ]
INFO: [ app_end ] --START--
INFO: Run Behavior\ShowPageTraceBehavior [ RunTime:0.001000s ]
INFO: [ app_end ] --END-- [ RunTime:0.001000s ]

[ 2017-09-22T11:38:57+08:00 ] ::1 /index.php/Home/Goods/index.html
INFO: [ app_init ] --START--
INFO: Run Behavior\BuildLiteBehavior [ RunTime:0.000000s ]
INFO: [ app_init ] --END-- [ RunTime:0.002000s ]
INFO: [ app_begin ] --START--
INFO: Run Behavior\ReadHtmlCacheBehavior [ RunTime:0.003000s ]
INFO: [ app_begin ] --END-- [ RunTime:0.004000s ]
SQL: SHOW COLUMNS FROM `xlr_menus` [ RunTime:0.0030s ]
SQL: SELECT * FROM `xlr_menus` WHERE `display` = 1 AND `is_home` = 1 ORDER BY `order` asc  [ RunTime:0.0010s ]
SQL: SHOW COLUMNS FROM `xlr_goods` [ RunTime:0.0030s ]
SQL: SELECT * FROM `xlr_goods`  [ RunTime:0.0010s ]
INFO: [ view_parse ] --START--
INFO: [ template_filter ] --START--
INFO: Run Behavior\ContentReplaceBehavior [ RunTime:0.000000s ]
INFO: [ template_filter ] --END-- [ RunTime:0.001001s ]
NOTIC: [8] Use of undefined constant en - assumed 'en' C:\wamp\www\TP\App\Runtime\Cache\Home\c0dc342f211e104eba0a4afbe4b0b366.php 第 690 行.
NOTIC: [8] Use of undefined constant name - assumed 'name' C:\wamp\www\TP\App\Runtime\Cache\Home\c0dc342f211e104eba0a4afbe4b0b366.php 第 690 行.
NOTIC: [8] Use of undefined constant en - assumed 'en' C:\wamp\www\TP\App\Runtime\Cache\Home\c0dc342f211e104eba0a4afbe4b0b366.php 第 690 行.
NOTIC: [8] Use of undefined constant name - assumed 'name' C:\wamp\www\TP\App\Runtime\Cache\Home\c0dc342f211e104eba0a4afbe4b0b366.php 第 690 行.
INFO: Run Behavior\ParseTemplateBehavior [ RunTime:0.022002s ]
INFO: [ view_parse ] --END-- [ RunTime:0.022002s ]
INFO: [ view_filter ] --START--
INFO: Run Behavior\WriteHtmlCacheBehavior [ RunTime:0.001000s ]
INFO: [ view_filter ] --END-- [ RunTime:0.001000s ]
INFO: [ view_parse ] --START--
INFO: [ template_filter ] --START--
INFO: Run Behavior\ContentReplaceBehavior [ RunTime:0.000000s ]
INFO: [ template_filter ] --END-- [ RunTime:-0.019001s ]
INFO: Run Behavior\ParseTemplateBehavior [ RunTime:0.018001s ]
INFO: [ view_parse ] --END-- [ RunTime:-0.002000s ]
INFO: [ view_filter ] --START--
INFO: Run Behavior\WriteHtmlCacheBehavior [ RunTime:0.000000s ]
INFO: [ view_filter ] --END-- [ RunTime:-0.019001s ]
INFO: [ app_end ] --START--
INFO: Run Behavior\ShowPageTraceBehavior [ RunTime:0.001000s ]
INFO: [ app_end ] --END-- [ RunTime:0.001000s ]

[ 2017-09-22T11:39:03+08:00 ] ::1 /index.php/Home/Index/index.html
INFO: [ app_init ] --START--
INFO: Run Behavior\BuildLiteBehavior [ RunTime:0.001001s ]
INFO: [ app_init ] --END-- [ RunTime:0.001001s ]
INFO: [ app_begin ] --START--
INFO: Run Behavior\ReadHtmlCacheBehavior [ RunTime:0.002000s ]
INFO: [ app_begin ] --END-- [ RunTime:0.002000s ]
SQL: SHOW COLUMNS FROM `xlr_menus` [ RunTime:0.0030s ]
SQL: SELECT * FROM `xlr_menus` WHERE `display` = 1 AND `is_home` = 1 ORDER BY `order` asc  [ RunTime:0.0000s ]
INFO: [ view_parse ] --START--
INFO: [ template_filter ] --START--
INFO: Run Behavior\ContentReplaceBehavior [ RunTime:0.001000s ]
INFO: [ template_filter ] --END-- [ RunTime:0.001000s ]
NOTIC: [8] Use of undefined constant en - assumed 'en' C:\wamp\www\TP\App\Runtime\Cache\Home\c0dc342f211e104eba0a4afbe4b0b366.php 第 690 行.
NOTIC: [8] Use of undefined constant name - assumed 'name' C:\wamp\www\TP\App\Runtime\Cache\Home\c0dc342f211e104eba0a4afbe4b0b366.php 第 690 行.
NOTIC: [8] Use of undefined constant en - assumed 'en' C:\wamp\www\TP\App\Runtime\Cache\Home\c0dc342f211e104eba0a4afbe4b0b366.php 第 690 行.
NOTIC: [8] Use of undefined constant name - assumed 'name' C:\wamp\www\TP\App\Runtime\Cache\Home\c0dc342f211e104eba0a4afbe4b0b366.php 第 690 行.
INFO: Run Behavior\ParseTemplateBehavior [ RunTime:0.020001s ]
INFO: [ view_parse ] --END-- [ RunTime:0.020001s ]
INFO: [ view_filter ] --START--
INFO: Run Behavior\WriteHtmlCacheBehavior [ RunTime:0.001000s ]
INFO: [ view_filter ] --END-- [ RunTime:0.001000s ]
INFO: [ view_parse ] --START--
INFO: [ template_filter ] --START--
INFO: Run Behavior\ContentReplaceBehavior [ RunTime:0.001000s ]
INFO: [ template_filter ] --END-- [ RunTime:-0.058003s ]
INFO: Run Behavior\ParseTemplateBehavior [ RunTime:0.056003s ]
INFO: [ view_parse ] --END-- [ RunTime:-0.002000s ]
INFO: [ view_filter ] --START--
INFO: Run Behavior\WriteHtmlCacheBehavior [ RunTime:0.000000s ]
INFO: [ view_filter ] --END-- [ RunTime:-0.058003s ]
INFO: [ app_end ] --START--
INFO: Run Behavior\ShowPageTraceBehavior [ RunTime:0.001000s ]
INFO: [ app_end ] --END-- [ RunTime:0.001000s ]

