[ 2017-09-26T08:54:19+08:00 ] 127.0.0.1 /index.php/Home/Index/index.html
INFO: [ app_init ] --START--
INFO: Run Behavior\BuildLiteBehavior [ RunTime:0.000028s ]
INFO: [ app_init ] --END-- [ RunTime:0.000666s ]
INFO: [ app_begin ] --START--
INFO: Run Behavior\ReadHtmlCacheBehavior [ RunTime:0.000901s ]
INFO: [ app_begin ] --END-- [ RunTime:0.001052s ]
SQL: SHOW COLUMNS FROM `xlr_menus` [ RunTime:0.0056s ]
SQL: SELECT * FROM `xlr_menus` WHERE `display` = 1 AND `is_home` = 1 ORDER BY `order` asc  [ RunTime:0.0004s ]
INFO: [ view_parse ] --START--
INFO: [ template_filter ] --START--
INFO: Run Behavior\ContentReplaceBehavior [ RunTime:0.000295s ]
INFO: [ template_filter ] --END-- [ RunTime:0.000419s ]
NOTIC: [8] Use of undefined constant en - assumed 'en' D:\wamp\www\TP\App\Runtime\Cache\Home\c0dc342f211e104eba0a4afbe4b0b366.php 第 690 行.
NOTIC: [8] Use of undefined constant name - assumed 'name' D:\wamp\www\TP\App\Runtime\Cache\Home\c0dc342f211e104eba0a4afbe4b0b366.php 第 690 行.
NOTIC: [8] Use of undefined constant en - assumed 'en' D:\wamp\www\TP\App\Runtime\Cache\Home\c0dc342f211e104eba0a4afbe4b0b366.php 第 690 行.
NOTIC: [8] Use of undefined constant name - assumed 'name' D:\wamp\www\TP\App\Runtime\Cache\Home\c0dc342f211e104eba0a4afbe4b0b366.php 第 690 行.
INFO: Run Behavior\ParseTemplateBehavior [ RunTime:0.020381s ]
INFO: [ view_parse ] --END-- [ RunTime:0.020497s ]
INFO: [ view_filter ] --START--
INFO: Run Behavior\WriteHtmlCacheBehavior [ RunTime:0.000674s ]
INFO: [ view_filter ] --END-- [ RunTime:0.000774s ]
INFO: [ view_parse ] --START--
INFO: [ template_filter ] --START--
INFO: Run Behavior\ContentReplaceBehavior [ RunTime:0.002297s ]
INFO: [ template_filter ] --END-- [ RunTime:-0.074567s ]
INFO: Run Behavior\ParseTemplateBehavior [ RunTime:0.073931s ]
INFO: [ view_parse ] --END-- [ RunTime:-0.003763s ]
INFO: [ view_filter ] --START--
INFO: Run Behavior\WriteHtmlCacheBehavior [ RunTime:0.000027s ]
INFO: [ view_filter ] --END-- [ RunTime:-0.077144s ]
NOTIC: [2] Cannot modify header information - headers already sent by (output started at D:\wamp\www\TP\ThinkPHP\Library\Think\View.class.php:95) D:\wamp\www\TP\ThinkPHP\Library\Think\View.class.php 第 91 行.
NOTIC: [2] Cannot modify header information - headers already sent by (output started at D:\wamp\www\TP\ThinkPHP\Library\Think\View.class.php:95) D:\wamp\www\TP\ThinkPHP\Library\Think\View.class.php 第 92 行.
NOTIC: [2] Cannot modify header information - headers already sent by (output started at D:\wamp\www\TP\ThinkPHP\Library\Think\View.class.php:95) D:\wamp\www\TP\ThinkPHP\Library\Think\View.class.php 第 93 行.
INFO: [ app_end ] --START--
INFO: Run Behavior\ShowPageTraceBehavior [ RunTime:0.001905s ]
INFO: [ app_end ] --END-- [ RunTime:0.002095s ]

[ 2017-09-26T09:46:12+08:00 ] 127.0.0.1 /index.php/Home/Index/index.html
INFO: [ app_init ] --START--
INFO: Run Behavior\BuildLiteBehavior [ RunTime:0.000027s ]
INFO: [ app_init ] --END-- [ RunTime:0.000770s ]
INFO: [ app_begin ] --START--
INFO: Run Behavior\ReadHtmlCacheBehavior [ RunTime:0.000906s ]
INFO: [ app_begin ] --END-- [ RunTime:0.001024s ]
SQL: SHOW COLUMNS FROM `xlr_menus` [ RunTime:0.0107s ]
SQL: SELECT * FROM `xlr_menus` WHERE `display` = 1 AND `is_home` = 1 ORDER BY `order` asc  [ RunTime:0.0005s ]
INFO: [ view_parse ] --START--
INFO: [ template_filter ] --START--
INFO: Run Behavior\ContentReplaceBehavior [ RunTime:0.000345s ]
INFO: [ template_filter ] --END-- [ RunTime:0.000488s ]
NOTIC: [8] Use of undefined constant en - assumed 'en' D:\wamp\www\TP\App\Runtime\Cache\Home\c0dc342f211e104eba0a4afbe4b0b366.php 第 690 行.
NOTIC: [8] Use of undefined constant name - assumed 'name' D:\wamp\www\TP\App\Runtime\Cache\Home\c0dc342f211e104eba0a4afbe4b0b366.php 第 690 行.
NOTIC: [8] Use of undefined constant en - assumed 'en' D:\wamp\www\TP\App\Runtime\Cache\Home\c0dc342f211e104eba0a4afbe4b0b366.php 第 690 行.
NOTIC: [8] Use of undefined constant name - assumed 'name' D:\wamp\www\TP\App\Runtime\Cache\Home\c0dc342f211e104eba0a4afbe4b0b366.php 第 690 行.
INFO: Run Behavior\ParseTemplateBehavior [ RunTime:0.024953s ]
INFO: [ view_parse ] --END-- [ RunTime:0.025125s ]
INFO: [ view_filter ] --START--
INFO: Run Behavior\WriteHtmlCacheBehavior [ RunTime:0.001088s ]
INFO: [ view_filter ] --END-- [ RunTime:0.001214s ]
INFO: [ view_parse ] --START--
INFO: [ template_filter ] --START--
INFO: Run Behavior\ContentReplaceBehavior [ RunTime:0.002145s ]
INFO: [ template_filter ] --END-- [ RunTime:-0.130151s ]
INFO: Run Behavior\ParseTemplateBehavior [ RunTime:0.127945s ]
INFO: [ view_parse ] --END-- [ RunTime:-0.003863s ]
INFO: [ view_filter ] --START--
INFO: Run Behavior\WriteHtmlCacheBehavior [ RunTime:0.000102s ]
INFO: [ view_filter ] --END-- [ RunTime:-0.131008s ]
NOTIC: [2] Cannot modify header information - headers already sent by (output started at D:\wamp\www\TP\ThinkPHP\Library\Think\View.class.php:95) D:\wamp\www\TP\ThinkPHP\Library\Think\View.class.php 第 91 行.
NOTIC: [2] Cannot modify header information - headers already sent by (output started at D:\wamp\www\TP\ThinkPHP\Library\Think\View.class.php:95) D:\wamp\www\TP\ThinkPHP\Library\Think\View.class.php 第 92 行.
NOTIC: [2] Cannot modify header information - headers already sent by (output started at D:\wamp\www\TP\ThinkPHP\Library\Think\View.class.php:95) D:\wamp\www\TP\ThinkPHP\Library\Think\View.class.php 第 93 行.
INFO: [ app_end ] --START--
INFO: Run Behavior\ShowPageTraceBehavior [ RunTime:0.004273s ]
INFO: [ app_end ] --END-- [ RunTime:0.004635s ]

[ 2017-09-26T09:51:40+08:00 ] 127.0.0.1 /index.php/Home/Index/index.html
INFO: [ app_init ] --START--
INFO: Run Behavior\BuildLiteBehavior [ RunTime:0.000023s ]
INFO: [ app_init ] --END-- [ RunTime:0.000467s ]
INFO: [ app_begin ] --START--
INFO: Run Behavior\ReadHtmlCacheBehavior [ RunTime:0.000656s ]
INFO: [ app_begin ] --END-- [ RunTime:0.000841s ]
SQL: SHOW COLUMNS FROM `xlr_menus` [ RunTime:0.0080s ]
SQL: SELECT * FROM `xlr_menus` WHERE `display` = 1 AND `is_home` = 1 ORDER BY `order` asc  [ RunTime:0.0005s ]
INFO: [ view_parse ] --START--
INFO: [ template_filter ] --START--
INFO: Run Behavior\ContentReplaceBehavior [ RunTime:0.000311s ]
INFO: [ template_filter ] --END-- [ RunTime:0.000483s ]
NOTIC: [8] Use of undefined constant en - assumed 'en' D:\wamp\www\TP\App\Runtime\Cache\Home\c0dc342f211e104eba0a4afbe4b0b366.php 第 690 行.
NOTIC: [8] Use of undefined constant name - assumed 'name' D:\wamp\www\TP\App\Runtime\Cache\Home\c0dc342f211e104eba0a4afbe4b0b366.php 第 690 行.
NOTIC: [8] Use of undefined constant en - assumed 'en' D:\wamp\www\TP\App\Runtime\Cache\Home\c0dc342f211e104eba0a4afbe4b0b366.php 第 690 行.
NOTIC: [8] Use of undefined constant name - assumed 'name' D:\wamp\www\TP\App\Runtime\Cache\Home\c0dc342f211e104eba0a4afbe4b0b366.php 第 690 行.
INFO: Run Behavior\ParseTemplateBehavior [ RunTime:0.023322s ]
INFO: [ view_parse ] --END-- [ RunTime:0.023525s ]
INFO: [ view_filter ] --START--
INFO: Run Behavior\WriteHtmlCacheBehavior [ RunTime:0.000853s ]
INFO: [ view_filter ] --END-- [ RunTime:0.001027s ]
INFO: [ view_parse ] --START--
INFO: [ template_filter ] --START--
INFO: Run Behavior\ContentReplaceBehavior [ RunTime:0.001675s ]
INFO: [ template_filter ] --END-- [ RunTime:-0.162131s ]
INFO: Run Behavior\ParseTemplateBehavior [ RunTime:0.157972s ]
INFO: [ view_parse ] --END-- [ RunTime:-0.005852s ]
INFO: [ view_filter ] --START--
INFO: Run Behavior\WriteHtmlCacheBehavior [ RunTime:0.000029s ]
INFO: [ view_filter ] --END-- [ RunTime:-0.162908s ]
NOTIC: [2] Cannot modify header information - headers already sent by (output started at D:\wamp\www\TP\ThinkPHP\Library\Think\View.class.php:95) D:\wamp\www\TP\ThinkPHP\Library\Think\View.class.php 第 91 行.
NOTIC: [2] Cannot modify header information - headers already sent by (output started at D:\wamp\www\TP\ThinkPHP\Library\Think\View.class.php:95) D:\wamp\www\TP\ThinkPHP\Library\Think\View.class.php 第 92 行.
NOTIC: [2] Cannot modify header information - headers already sent by (output started at D:\wamp\www\TP\ThinkPHP\Library\Think\View.class.php:95) D:\wamp\www\TP\ThinkPHP\Library\Think\View.class.php 第 93 行.
INFO: [ app_end ] --START--
INFO: Run Behavior\ShowPageTraceBehavior [ RunTime:0.003466s ]
INFO: [ app_end ] --END-- [ RunTime:0.003872s ]

[ 2017-09-26T10:14:52+08:00 ] 127.0.0.1 /index.php/Home/Index/index.html
INFO: [ app_init ] --START--
INFO: Run Behavior\BuildLiteBehavior [ RunTime:0.000029s ]
INFO: [ app_init ] --END-- [ RunTime:0.000602s ]
INFO: [ app_begin ] --START--
INFO: Run Behavior\ReadHtmlCacheBehavior [ RunTime:0.000597s ]
INFO: [ app_begin ] --END-- [ RunTime:0.000729s ]
SQL: SHOW COLUMNS FROM `xlr_menus` [ RunTime:0.0067s ]
SQL: SELECT * FROM `xlr_menus` WHERE `display` = 1 AND `is_home` = 1 ORDER BY `order` asc  [ RunTime:0.0004s ]
INFO: [ view_parse ] --START--
INFO: [ template_filter ] --START--
INFO: Run Behavior\ContentReplaceBehavior [ RunTime:0.000338s ]
INFO: [ template_filter ] --END-- [ RunTime:0.000457s ]
NOTIC: [8] Use of undefined constant en - assumed 'en' D:\wamp\www\TP\App\Runtime\Cache\Home\c0dc342f211e104eba0a4afbe4b0b366.php 第 690 行.
NOTIC: [8] Use of undefined constant name - assumed 'name' D:\wamp\www\TP\App\Runtime\Cache\Home\c0dc342f211e104eba0a4afbe4b0b366.php 第 690 行.
NOTIC: [8] Use of undefined constant en - assumed 'en' D:\wamp\www\TP\App\Runtime\Cache\Home\c0dc342f211e104eba0a4afbe4b0b366.php 第 690 行.
NOTIC: [8] Use of undefined constant name - assumed 'name' D:\wamp\www\TP\App\Runtime\Cache\Home\c0dc342f211e104eba0a4afbe4b0b366.php 第 690 行.
INFO: Run Behavior\ParseTemplateBehavior [ RunTime:0.022616s ]
INFO: [ view_parse ] --END-- [ RunTime:0.022737s ]
INFO: [ view_filter ] --START--
INFO: Run Behavior\WriteHtmlCacheBehavior [ RunTime:0.000390s ]
INFO: [ view_filter ] --END-- [ RunTime:0.000487s ]
INFO: [ view_parse ] --START--
INFO: [ template_filter ] --START--
INFO: Run Behavior\ContentReplaceBehavior [ RunTime:0.001662s ]
INFO: [ template_filter ] --END-- [ RunTime:-0.102444s ]
INFO: Run Behavior\ParseTemplateBehavior [ RunTime:0.101657s ]
INFO: [ view_parse ] --END-- [ RunTime:-0.003514s ]
INFO: [ view_filter ] --START--
INFO: Run Behavior\WriteHtmlCacheBehavior [ RunTime:0.000030s ]
INFO: [ view_filter ] --END-- [ RunTime:-0.104856s ]
NOTIC: [2] Cannot modify header information - headers already sent by (output started at D:\wamp\www\TP\ThinkPHP\Library\Think\View.class.php:95) D:\wamp\www\TP\ThinkPHP\Library\Think\View.class.php 第 91 行.
NOTIC: [2] Cannot modify header information - headers already sent by (output started at D:\wamp\www\TP\ThinkPHP\Library\Think\View.class.php:95) D:\wamp\www\TP\ThinkPHP\Library\Think\View.class.php 第 92 行.
NOTIC: [2] Cannot modify header information - headers already sent by (output started at D:\wamp\www\TP\ThinkPHP\Library\Think\View.class.php:95) D:\wamp\www\TP\ThinkPHP\Library\Think\View.class.php 第 93 行.
INFO: [ app_end ] --START--
INFO: Run Behavior\ShowPageTraceBehavior [ RunTime:0.000740s ]
INFO: [ app_end ] --END-- [ RunTime:0.001190s ]

