[ 2017-11-28T11:49:57+08:00 ] 127.0.0.1 /index.php/Home/Index/index.html
INFO: [ app_init ] --START--
INFO: Run Behavior\BuildLiteBehavior [ RunTime:0.000025s ]
INFO: [ app_init ] --END-- [ RunTime:0.000510s ]
INFO: [ app_begin ] --START--
INFO: Run Behavior\ReadHtmlCacheBehavior [ RunTime:0.000556s ]
INFO: [ app_begin ] --END-- [ RunTime:0.000785s ]
SQL: SHOW COLUMNS FROM `xlr_menus` [ RunTime:0.0081s ]
SQL: SELECT * FROM `xlr_menus` WHERE `display` = 1 AND `is_home` = 1 ORDER BY `order` asc  [ RunTime:0.0006s ]
INFO: [ view_parse ] --START--
INFO: [ template_filter ] --START--
INFO: Run Behavior\ContentReplaceBehavior [ RunTime:0.006175s ]
INFO: [ template_filter ] --END-- [ RunTime:0.006310s ]
NOTIC: [8] Use of undefined constant en - assumed 'en' D:\wamp\www\TP\App\Runtime\Cache\Home\c0dc342f211e104eba0a4afbe4b0b366.php 第 690 行.
NOTIC: [8] Use of undefined constant name - assumed 'name' D:\wamp\www\TP\App\Runtime\Cache\Home\c0dc342f211e104eba0a4afbe4b0b366.php 第 690 行.
NOTIC: [8] Use of undefined constant en - assumed 'en' D:\wamp\www\TP\App\Runtime\Cache\Home\c0dc342f211e104eba0a4afbe4b0b366.php 第 690 行.
NOTIC: [8] Use of undefined constant name - assumed 'name' D:\wamp\www\TP\App\Runtime\Cache\Home\c0dc342f211e104eba0a4afbe4b0b366.php 第 690 行.
INFO: Run Behavior\ParseTemplateBehavior [ RunTime:0.038226s ]
INFO: [ view_parse ] --END-- [ RunTime:0.038400s ]
INFO: [ view_filter ] --START--
INFO: Run Behavior\WriteHtmlCacheBehavior [ RunTime:0.000498s ]
INFO: [ view_filter ] --END-- [ RunTime:0.000597s ]
INFO: [ view_parse ] --START--
INFO: [ template_filter ] --START--
INFO: Run Behavior\ContentReplaceBehavior [ RunTime:0.001632s ]
INFO: [ template_filter ] --END-- [ RunTime:-0.120269s ]
INFO: Run Behavior\ParseTemplateBehavior [ RunTime:0.112030s ]
INFO: [ view_parse ] --END-- [ RunTime:-0.010338s ]
INFO: [ view_filter ] --START--
INFO: Run Behavior\WriteHtmlCacheBehavior [ RunTime:0.000029s ]
INFO: [ view_filter ] --END-- [ RunTime:-0.122027s ]
NOTIC: [2] Cannot modify header information - headers already sent by (output started at D:\wamp\www\TP\ThinkPHP\Library\Think\View.class.php:95) D:\wamp\www\TP\ThinkPHP\Library\Think\View.class.php 第 91 行.
NOTIC: [2] Cannot modify header information - headers already sent by (output started at D:\wamp\www\TP\ThinkPHP\Library\Think\View.class.php:95) D:\wamp\www\TP\ThinkPHP\Library\Think\View.class.php 第 92 行.
NOTIC: [2] Cannot modify header information - headers already sent by (output started at D:\wamp\www\TP\ThinkPHP\Library\Think\View.class.php:95) D:\wamp\www\TP\ThinkPHP\Library\Think\View.class.php 第 93 行.
INFO: [ app_end ] --START--
INFO: Run Behavior\ShowPageTraceBehavior [ RunTime:0.000710s ]
INFO: [ app_end ] --END-- [ RunTime:0.000830s ]

