[ 2017-11-30T22:59:53+08:00 ] ::1 /index.php/Home/Index/index.html
INFO: [ app_init ] --START--
INFO: Run Behavior\BuildLiteBehavior [ RunTime:0.000022s ]
INFO: [ app_init ] --END-- [ RunTime:0.000451s ]
INFO: [ app_begin ] --START--
INFO: Run Behavior\ReadHtmlCacheBehavior [ RunTime:0.000586s ]
INFO: [ app_begin ] --END-- [ RunTime:0.000706s ]
SQL: SHOW COLUMNS FROM `xlr_menus` [ RunTime:0.0061s ]
SQL: SELECT * FROM `xlr_menus` WHERE `display` = 1 AND `is_home` = 1 ORDER BY `order` asc  [ RunTime:0.0005s ]
INFO: [ view_parse ] --START--
INFO: [ template_filter ] --START--
INFO: Run Behavior\ContentReplaceBehavior [ RunTime:0.010055s ]
INFO: [ template_filter ] --END-- [ RunTime:0.010240s ]
NOTIC: [8] Use of undefined constant en - assumed 'en' D:\wamp\www\TP\App\Runtime\Cache\Home\c0dc342f211e104eba0a4afbe4b0b366.php 第 690 行.
NOTIC: [8] Use of undefined constant name - assumed 'name' D:\wamp\www\TP\App\Runtime\Cache\Home\c0dc342f211e104eba0a4afbe4b0b366.php 第 690 行.
NOTIC: [8] Use of undefined constant en - assumed 'en' D:\wamp\www\TP\App\Runtime\Cache\Home\c0dc342f211e104eba0a4afbe4b0b366.php 第 690 行.
NOTIC: [8] Use of undefined constant name - assumed 'name' D:\wamp\www\TP\App\Runtime\Cache\Home\c0dc342f211e104eba0a4afbe4b0b366.php 第 690 行.
INFO: Run Behavior\ParseTemplateBehavior [ RunTime:0.058491s ]
INFO: [ view_parse ] --END-- [ RunTime:0.058603s ]
INFO: [ view_filter ] --START--
INFO: Run Behavior\WriteHtmlCacheBehavior [ RunTime:0.000381s ]
INFO: [ view_filter ] --END-- [ RunTime:0.000472s ]
INFO: [ view_parse ] --START--
INFO: [ template_filter ] --START--
INFO: Run Behavior\ContentReplaceBehavior [ RunTime:0.001591s ]
INFO: [ template_filter ] --END-- [ RunTime:-0.262921s ]
INFO: Run Behavior\ParseTemplateBehavior [ RunTime:0.242302s ]
INFO: [ view_parse ] --END-- [ RunTime:-0.007928s ]
INFO: [ view_filter ] --START--
INFO: Run Behavior\WriteHtmlCacheBehavior [ RunTime:0.000027s ]
INFO: [ view_filter ] --END-- [ RunTime:-0.250158s ]
NOTIC: [2] Cannot modify header information - headers already sent by (output started at D:\wamp\www\TP\ThinkPHP\Library\Think\View.class.php:95) D:\wamp\www\TP\ThinkPHP\Library\Think\View.class.php 第 91 行.
NOTIC: [2] Cannot modify header information - headers already sent by (output started at D:\wamp\www\TP\ThinkPHP\Library\Think\View.class.php:95) D:\wamp\www\TP\ThinkPHP\Library\Think\View.class.php 第 92 行.
NOTIC: [2] Cannot modify header information - headers already sent by (output started at D:\wamp\www\TP\ThinkPHP\Library\Think\View.class.php:95) D:\wamp\www\TP\ThinkPHP\Library\Think\View.class.php 第 93 行.
INFO: [ app_end ] --START--
INFO: Run Behavior\ShowPageTraceBehavior [ RunTime:0.000643s ]
INFO: [ app_end ] --END-- [ RunTime:0.000847s ]

[ 2017-11-30T23:00:04+08:00 ] ::1 /index.php/Home/Index/6-1%E6%9C%8D%E5%8A%A1%E5%8D%8F%E8%AE%AE.html
INFO: [ app_init ] --START--
INFO: Run Behavior\BuildLiteBehavior [ RunTime:0.000028s ]
INFO: [ app_init ] --END-- [ RunTime:0.000714s ]
INFO: [ app_begin ] --START--
INFO: Run Behavior\ReadHtmlCacheBehavior [ RunTime:0.001015s ]
INFO: [ app_begin ] --END-- [ RunTime:0.001154s ]
SQL: SHOW COLUMNS FROM `xlr_menus` [ RunTime:0.2401s ]
SQL: SELECT * FROM `xlr_menus` WHERE `display` = 1 AND `is_home` = 1 ORDER BY `order` asc  [ RunTime:0.0009s ]
ERR: 非法操作:6-1服务协议

[ 2017-11-30T23:00:06+08:00 ] ::1 /index.php/Home/Index/index.html
INFO: [ app_init ] --START--
INFO: Run Behavior\BuildLiteBehavior [ RunTime:0.000039s ]
INFO: [ app_init ] --END-- [ RunTime:0.000760s ]
INFO: [ app_begin ] --START--
INFO: Run Behavior\ReadHtmlCacheBehavior [ RunTime:0.000780s ]
INFO: [ app_begin ] --END-- [ RunTime:0.000979s ]
SQL: SHOW COLUMNS FROM `xlr_menus` [ RunTime:0.0077s ]
SQL: SELECT * FROM `xlr_menus` WHERE `display` = 1 AND `is_home` = 1 ORDER BY `order` asc  [ RunTime:0.0004s ]
INFO: [ view_parse ] --START--
INFO: [ template_filter ] --START--
INFO: Run Behavior\ContentReplaceBehavior [ RunTime:0.000469s ]
INFO: [ template_filter ] --END-- [ RunTime:0.000710s ]
NOTIC: [8] Use of undefined constant en - assumed 'en' D:\wamp\www\TP\App\Runtime\Cache\Home\c0dc342f211e104eba0a4afbe4b0b366.php 第 690 行.
NOTIC: [8] Use of undefined constant name - assumed 'name' D:\wamp\www\TP\App\Runtime\Cache\Home\c0dc342f211e104eba0a4afbe4b0b366.php 第 690 行.
NOTIC: [8] Use of undefined constant en - assumed 'en' D:\wamp\www\TP\App\Runtime\Cache\Home\c0dc342f211e104eba0a4afbe4b0b366.php 第 690 行.
NOTIC: [8] Use of undefined constant name - assumed 'name' D:\wamp\www\TP\App\Runtime\Cache\Home\c0dc342f211e104eba0a4afbe4b0b366.php 第 690 行.
INFO: Run Behavior\ParseTemplateBehavior [ RunTime:0.028078s ]
INFO: [ view_parse ] --END-- [ RunTime:0.028235s ]
INFO: [ view_filter ] --START--
INFO: Run Behavior\WriteHtmlCacheBehavior [ RunTime:0.000648s ]
INFO: [ view_filter ] --END-- [ RunTime:0.000751s ]
INFO: [ view_parse ] --START--
INFO: [ template_filter ] --START--
INFO: Run Behavior\ContentReplaceBehavior [ RunTime:0.003471s ]
INFO: [ template_filter ] --END-- [ RunTime:-0.128290s ]
INFO: Run Behavior\ParseTemplateBehavior [ RunTime:0.134453s ]
INFO: [ view_parse ] --END-- [ RunTime:-0.001717s ]
INFO: [ view_filter ] --START--
INFO: Run Behavior\WriteHtmlCacheBehavior [ RunTime:0.000069s ]
INFO: [ view_filter ] --END-- [ RunTime:-0.135883s ]
NOTIC: [2] Cannot modify header information - headers already sent by (output started at D:\wamp\www\TP\ThinkPHP\Library\Think\View.class.php:95) D:\wamp\www\TP\ThinkPHP\Library\Think\View.class.php 第 91 行.
NOTIC: [2] Cannot modify header information - headers already sent by (output started at D:\wamp\www\TP\ThinkPHP\Library\Think\View.class.php:95) D:\wamp\www\TP\ThinkPHP\Library\Think\View.class.php 第 92 行.
NOTIC: [2] Cannot modify header information - headers already sent by (output started at D:\wamp\www\TP\ThinkPHP\Library\Think\View.class.php:95) D:\wamp\www\TP\ThinkPHP\Library\Think\View.class.php 第 93 行.
INFO: [ app_end ] --START--
INFO: Run Behavior\ShowPageTraceBehavior [ RunTime:0.002102s ]
INFO: [ app_end ] --END-- [ RunTime:0.002383s ]

[ 2017-11-30T23:00:28+08:00 ] ::1 /index.php/Home/Index/%E6%B3%A8%E5%86%8C.html
INFO: [ app_init ] --START--
INFO: Run Behavior\BuildLiteBehavior [ RunTime:0.000043s ]
INFO: [ app_init ] --END-- [ RunTime:0.000865s ]
INFO: [ app_begin ] --START--
INFO: Run Behavior\ReadHtmlCacheBehavior [ RunTime:0.001252s ]
INFO: [ app_begin ] --END-- [ RunTime:0.001462s ]
SQL: SHOW COLUMNS FROM `xlr_menus` [ RunTime:0.0058s ]
SQL: SELECT * FROM `xlr_menus` WHERE `display` = 1 AND `is_home` = 1 ORDER BY `order` asc  [ RunTime:0.0005s ]
ERR: 非法操作:注册

[ 2017-11-30T23:00:29+08:00 ] ::1 /index.php/Home/Index/index.html
INFO: [ app_init ] --START--
INFO: Run Behavior\BuildLiteBehavior [ RunTime:0.000022s ]
INFO: [ app_init ] --END-- [ RunTime:0.000462s ]
INFO: [ app_begin ] --START--
INFO: Run Behavior\ReadHtmlCacheBehavior [ RunTime:0.000541s ]
INFO: [ app_begin ] --END-- [ RunTime:0.000645s ]
SQL: SHOW COLUMNS FROM `xlr_menus` [ RunTime:0.0059s ]
SQL: SELECT * FROM `xlr_menus` WHERE `display` = 1 AND `is_home` = 1 ORDER BY `order` asc  [ RunTime:0.0003s ]
INFO: [ view_parse ] --START--
INFO: [ template_filter ] --START--
INFO: Run Behavior\ContentReplaceBehavior [ RunTime:0.000275s ]
INFO: [ template_filter ] --END-- [ RunTime:0.000394s ]
NOTIC: [8] Use of undefined constant en - assumed 'en' D:\wamp\www\TP\App\Runtime\Cache\Home\c0dc342f211e104eba0a4afbe4b0b366.php 第 690 行.
NOTIC: [8] Use of undefined constant name - assumed 'name' D:\wamp\www\TP\App\Runtime\Cache\Home\c0dc342f211e104eba0a4afbe4b0b366.php 第 690 行.
NOTIC: [8] Use of undefined constant en - assumed 'en' D:\wamp\www\TP\App\Runtime\Cache\Home\c0dc342f211e104eba0a4afbe4b0b366.php 第 690 行.
NOTIC: [8] Use of undefined constant name - assumed 'name' D:\wamp\www\TP\App\Runtime\Cache\Home\c0dc342f211e104eba0a4afbe4b0b366.php 第 690 行.
INFO: Run Behavior\ParseTemplateBehavior [ RunTime:0.017900s ]
INFO: [ view_parse ] --END-- [ RunTime:0.018010s ]
INFO: [ view_filter ] --START--
INFO: Run Behavior\WriteHtmlCacheBehavior [ RunTime:0.000363s ]
INFO: [ view_filter ] --END-- [ RunTime:0.000462s ]
INFO: [ view_parse ] --START--
INFO: [ template_filter ] --START--
INFO: Run Behavior\ContentReplaceBehavior [ RunTime:0.002066s ]
INFO: [ template_filter ] --END-- [ RunTime:-0.109267s ]
INFO: Run Behavior\ParseTemplateBehavior [ RunTime:0.113944s ]
INFO: [ view_parse ] --END-- [ RunTime:-0.000927s ]
INFO: [ view_filter ] --START--
INFO: Run Behavior\WriteHtmlCacheBehavior [ RunTime:0.000069s ]
INFO: [ view_filter ] --END-- [ RunTime:-0.114696s ]
NOTIC: [2] Cannot modify header information - headers already sent by (output started at D:\wamp\www\TP\ThinkPHP\Library\Think\View.class.php:95) D:\wamp\www\TP\ThinkPHP\Library\Think\View.class.php 第 91 行.
NOTIC: [2] Cannot modify header information - headers already sent by (output started at D:\wamp\www\TP\ThinkPHP\Library\Think\View.class.php:95) D:\wamp\www\TP\ThinkPHP\Library\Think\View.class.php 第 92 行.
NOTIC: [2] Cannot modify header information - headers already sent by (output started at D:\wamp\www\TP\ThinkPHP\Library\Think\View.class.php:95) D:\wamp\www\TP\ThinkPHP\Library\Think\View.class.php 第 93 行.
INFO: [ app_end ] --START--
INFO: Run Behavior\ShowPageTraceBehavior [ RunTime:0.001291s ]
INFO: [ app_end ] --END-- [ RunTime:0.011163s ]

