[ 2017-10-09T22:10:15+08:00 ] 127.0.0.1 /
INFO: [ app_init ] --START--
INFO: Run Behavior\BuildLiteBehavior [ RunTime:0.000026s ]
INFO: [ app_init ] --END-- [ RunTime:0.001001s ]
INFO: [ app_begin ] --START--
INFO: Run Behavior\ReadHtmlCacheBehavior [ RunTime:0.001301s ]
INFO: [ app_begin ] --END-- [ RunTime:0.001471s ]
SQL: SHOW COLUMNS FROM `xlr_menus` [ RunTime:0.0216s ]
SQL: SELECT * FROM `xlr_menus` WHERE `display` = 1 AND `pid` = 1 ORDER BY `order` asc  [ RunTime:0.0007s ]
SQL: SELECT * FROM `xlr_menus` WHERE `display` = 1 AND `pid` = 31 ORDER BY `order` asc  [ RunTime:0.0003s ]
SQL: SELECT * FROM `xlr_menus` WHERE `display` = 1 AND `pid` = 32 ORDER BY `order` asc  [ RunTime:0.0002s ]
SQL: SELECT * FROM `xlr_menus` WHERE `display` = 1 AND `pid` = 24 ORDER BY `order` asc  [ RunTime:0.0003s ]
SQL: SELECT * FROM `xlr_menus` WHERE `display` = 1 AND `pid` = 25 ORDER BY `order` asc  [ RunTime:0.0003s ]
SQL: SELECT * FROM `xlr_menus` WHERE `display` = 1 AND `pid` = 29 ORDER BY `order` asc  [ RunTime:0.0003s ]
SQL: SELECT * FROM `xlr_menus` WHERE `display` = 1 AND `pid` = 21 ORDER BY `order` asc  [ RunTime:0.0003s ]
SQL: SELECT * FROM `xlr_menus` WHERE `display` = 1 AND `pid` = 22 ORDER BY `order` asc  [ RunTime:0.0006s ]
SQL: SELECT * FROM `xlr_menus` WHERE `display` = 1 AND `pid` = 23 ORDER BY `order` asc  [ RunTime:0.0003s ]
SQL: SELECT * FROM `xlr_menus` WHERE `display` = 1 AND `pid` = 18 ORDER BY `order` asc  [ RunTime:0.0003s ]
SQL: SELECT * FROM `xlr_menus` WHERE `display` = 1 AND `pid` = 19 ORDER BY `order` asc  [ RunTime:0.0003s ]
SQL: SELECT * FROM `xlr_menus` WHERE `display` = 1 AND `pid` = 20 ORDER BY `order` asc  [ RunTime:0.0003s ]
SQL: SELECT * FROM `xlr_menus` WHERE `display` = 1 AND `pid` = 15 ORDER BY `order` asc  [ RunTime:0.0002s ]
SQL: SELECT * FROM `xlr_menus` WHERE `display` = 1 AND `pid` = 16 ORDER BY `order` asc  [ RunTime:0.0002s ]
SQL: SELECT * FROM `xlr_menus` WHERE `display` = 1 AND `pid` = 17 ORDER BY `order` asc  [ RunTime:0.0002s ]
SQL: SELECT * FROM `xlr_menus` WHERE `display` = 1 AND `pid` = 8 ORDER BY `order` asc  [ RunTime:0.0003s ]
SQL: SELECT * FROM `xlr_menus` WHERE `display` = 1 AND `pid` = 3 ORDER BY `order` asc  [ RunTime:0.0002s ]
SQL: SELECT * FROM `xlr_menus` WHERE `display` = 1 AND `pid` = 4 ORDER BY `order` asc  [ RunTime:0.0002s ]
SQL: SELECT * FROM `xlr_menus` WHERE `display` = 1 AND `pid` = 5 ORDER BY `order` asc  [ RunTime:0.0003s ]
SQL: SELECT * FROM `xlr_menus` WHERE `display` = 1 AND `pid` = 9 ORDER BY `order` asc  [ RunTime:0.0003s ]
SQL: SELECT * FROM `xlr_menus` WHERE `display` = 1 AND `pid` = 10 ORDER BY `order` asc  [ RunTime:0.0003s ]
SQL: SELECT * FROM `xlr_menus` WHERE `display` = 1 AND `pid` = 11 ORDER BY `order` asc  [ RunTime:0.0002s ]
SQL: SELECT * FROM `xlr_menus` WHERE `display` = 1 AND `pid` = 12 ORDER BY `order` asc  [ RunTime:0.0002s ]
SQL: SELECT * FROM `xlr_menus` WHERE `display` = 1 AND `pid` = 13 ORDER BY `order` asc  [ RunTime:0.0002s ]
SQL: SELECT * FROM `xlr_menus` WHERE `display` = 1 AND `pid` = 14 ORDER BY `order` asc  [ RunTime:0.0003s ]
SQL: SELECT * FROM `xlr_menus` WHERE `display` = 1 AND `pid` = 7 ORDER BY `order` asc  [ RunTime:0.0002s ]
SQL: SHOW COLUMNS FROM `xlr_cate` [ RunTime:0.0325s ]
SQL: SELECT * FROM `xlr_cate` WHERE `pid` = 0  [ RunTime:0.0004s ]
SQL: SELECT * FROM `xlr_cate` WHERE `pid` = 1  [ RunTime:0.0002s ]
SQL: SELECT * FROM `xlr_cate` WHERE `pid` = 4  [ RunTime:0.0002s ]
SQL: SELECT * FROM `xlr_cate` WHERE `pid` = 5  [ RunTime:0.0003s ]
SQL: SELECT * FROM `xlr_cate` WHERE `pid` = 6  [ RunTime:0.0002s ]
SQL: SELECT * FROM `xlr_cate` WHERE `pid` = 7  [ RunTime:0.0003s ]
SQL: SELECT * FROM `xlr_cate` WHERE `pid` = 11  [ RunTime:0.0002s ]
SQL: SELECT * FROM `xlr_cate` WHERE `pid` = 2  [ RunTime:0.0002s ]
SQL: SELECT * FROM `xlr_cate` WHERE `pid` = 13  [ RunTime:0.0002s ]
SQL: SELECT * FROM `xlr_cate` WHERE `pid` = 14  [ RunTime:0.0002s ]
SQL: SELECT * FROM `xlr_cate` WHERE `pid` = 15  [ RunTime:0.0002s ]
SQL: SELECT * FROM `xlr_cate` WHERE `pid` = 17  [ RunTime:0.0002s ]
SQL: SELECT * FROM `xlr_cate` WHERE `pid` = 18  [ RunTime:0.0002s ]
SQL: SELECT * FROM `xlr_cate` WHERE `pid` = 20  [ RunTime:0.0002s ]
SQL: SELECT * FROM `xlr_cate` WHERE `pid` = 3  [ RunTime:0.0002s ]
SQL: SELECT * FROM `xlr_cate` WHERE `pid` = 19  [ RunTime:0.0002s ]
SQL: SHOW COLUMNS FROM `xlr_attr` [ RunTime:0.0182s ]
SQL: SELECT * FROM `xlr_attr` WHERE `cate_id` = 0  [ RunTime:0.0003s ]
INFO: [ view_parse ] --START--
INFO: [ template_filter ] --START--
INFO: Run Behavior\ContentReplaceBehavior [ RunTime:0.011375s ]
INFO: [ template_filter ] --END-- [ RunTime:0.011511s ]
NOTIC: [8] Use of undefined constant en - assumed 'en' D:\wamp\www\TP\App\Runtime\Cache\Admin\ebbcb6553e826fbc091d4252662003b5.php 第 432 行.
NOTIC: [8] Use of undefined constant en - assumed 'en' D:\wamp\www\TP\App\Runtime\Cache\Admin\ebbcb6553e826fbc091d4252662003b5.php 第 432 行.
NOTIC: [8] Use of undefined constant en - assumed 'en' D:\wamp\www\TP\App\Runtime\Cache\Admin\ebbcb6553e826fbc091d4252662003b5.php 第 432 行.
NOTIC: [8] Use of undefined constant en - assumed 'en' D:\wamp\www\TP\App\Runtime\Cache\Admin\ebbcb6553e826fbc091d4252662003b5.php 第 432 行.
NOTIC: [8] Use of undefined constant en - assumed 'en' D:\wamp\www\TP\App\Runtime\Cache\Admin\ebbcb6553e826fbc091d4252662003b5.php 第 432 行.
NOTIC: [8] Use of undefined constant en - assumed 'en' D:\wamp\www\TP\App\Runtime\Cache\Admin\ebbcb6553e826fbc091d4252662003b5.php 第 432 行.
NOTIC: [8] Use of undefined constant en - assumed 'en' D:\wamp\www\TP\App\Runtime\Cache\Admin\ebbcb6553e826fbc091d4252662003b5.php 第 432 行.
NOTIC: [8] Use of undefined constant en - assumed 'en' D:\wamp\www\TP\App\Runtime\Cache\Admin\ebbcb6553e826fbc091d4252662003b5.php 第 432 行.
NOTIC: [8] Use of undefined constant en - assumed 'en' D:\wamp\www\TP\App\Runtime\Cache\Admin\ebbcb6553e826fbc091d4252662003b5.php 第 432 行.
NOTIC: [8] Use of undefined constant en - assumed 'en' D:\wamp\www\TP\App\Runtime\Cache\Admin\ebbcb6553e826fbc091d4252662003b5.php 第 432 行.
INFO: Run Behavior\ParseTemplateBehavior [ RunTime:0.100188s ]
INFO: [ view_parse ] --END-- [ RunTime:0.100327s ]
INFO: [ view_filter ] --START--
INFO: Run Behavior\WriteHtmlCacheBehavior [ RunTime:0.012555s ]
INFO: [ view_filter ] --END-- [ RunTime:0.012748s ]
INFO: [ view_parse ] --START--
INFO: [ template_filter ] --START--
INFO: Run Behavior\ContentReplaceBehavior [ RunTime:0.000218s ]
INFO: [ template_filter ] --END-- [ RunTime:-0.090248s ]
INFO: Run Behavior\ParseTemplateBehavior [ RunTime:0.053458s ]
INFO: [ view_parse ] --END-- [ RunTime:-0.017201s ]
INFO: [ view_filter ] --START--
INFO: Run Behavior\WriteHtmlCacheBehavior [ RunTime:0.000060s ]
INFO: [ view_filter ] --END-- [ RunTime:-0.058857s ]
NOTIC: [2] Cannot modify header information - headers already sent by (output started at D:\wamp\www\TP\ThinkPHP\Library\Think\View.class.php:95) D:\wamp\www\TP\ThinkPHP\Library\Think\View.class.php 第 91 行.
NOTIC: [2] Cannot modify header information - headers already sent by (output started at D:\wamp\www\TP\ThinkPHP\Library\Think\View.class.php:95) D:\wamp\www\TP\ThinkPHP\Library\Think\View.class.php 第 92 行.
NOTIC: [2] Cannot modify header information - headers already sent by (output started at D:\wamp\www\TP\ThinkPHP\Library\Think\View.class.php:95) D:\wamp\www\TP\ThinkPHP\Library\Think\View.class.php 第 93 行.
INFO: [ app_end ] --START--
INFO: Run Behavior\ShowPageTraceBehavior [ RunTime:0.054578s ]
INFO: [ app_end ] --END-- [ RunTime:0.054865s ]

[ 2017-10-09T22:51:45+08:00 ] 127.0.0.1 /
INFO: [ app_init ] --START--
INFO: Run Behavior\BuildLiteBehavior [ RunTime:0.000024s ]
INFO: [ app_init ] --END-- [ RunTime:0.000757s ]
INFO: [ app_begin ] --START--
INFO: Run Behavior\ReadHtmlCacheBehavior [ RunTime:0.001063s ]
INFO: [ app_begin ] --END-- [ RunTime:0.001174s ]
SQL: SHOW COLUMNS FROM `xlr_menus` [ RunTime:0.0075s ]
SQL: SELECT * FROM `xlr_menus` WHERE `display` = 1 AND `pid` = 1 ORDER BY `order` asc  [ RunTime:0.0005s ]
SQL: SELECT * FROM `xlr_menus` WHERE `display` = 1 AND `pid` = 31 ORDER BY `order` asc  [ RunTime:0.0004s ]
SQL: SELECT * FROM `xlr_menus` WHERE `display` = 1 AND `pid` = 32 ORDER BY `order` asc  [ RunTime:0.0003s ]
SQL: SELECT * FROM `xlr_menus` WHERE `display` = 1 AND `pid` = 24 ORDER BY `order` asc  [ RunTime:0.0003s ]
SQL: SELECT * FROM `xlr_menus` WHERE `display` = 1 AND `pid` = 25 ORDER BY `order` asc  [ RunTime:0.0002s ]
SQL: SELECT * FROM `xlr_menus` WHERE `display` = 1 AND `pid` = 29 ORDER BY `order` asc  [ RunTime:0.0002s ]
SQL: SELECT * FROM `xlr_menus` WHERE `display` = 1 AND `pid` = 21 ORDER BY `order` asc  [ RunTime:0.0002s ]
SQL: SELECT * FROM `xlr_menus` WHERE `display` = 1 AND `pid` = 22 ORDER BY `order` asc  [ RunTime:0.0002s ]
SQL: SELECT * FROM `xlr_menus` WHERE `display` = 1 AND `pid` = 23 ORDER BY `order` asc  [ RunTime:0.0002s ]
SQL: SELECT * FROM `xlr_menus` WHERE `display` = 1 AND `pid` = 18 ORDER BY `order` asc  [ RunTime:0.0002s ]
SQL: SELECT * FROM `xlr_menus` WHERE `display` = 1 AND `pid` = 19 ORDER BY `order` asc  [ RunTime:0.0002s ]
SQL: SELECT * FROM `xlr_menus` WHERE `display` = 1 AND `pid` = 20 ORDER BY `order` asc  [ RunTime:0.0002s ]
SQL: SELECT * FROM `xlr_menus` WHERE `display` = 1 AND `pid` = 15 ORDER BY `order` asc  [ RunTime:0.0003s ]
SQL: SELECT * FROM `xlr_menus` WHERE `display` = 1 AND `pid` = 16 ORDER BY `order` asc  [ RunTime:0.0004s ]
SQL: SELECT * FROM `xlr_menus` WHERE `display` = 1 AND `pid` = 17 ORDER BY `order` asc  [ RunTime:0.0003s ]
SQL: SELECT * FROM `xlr_menus` WHERE `display` = 1 AND `pid` = 8 ORDER BY `order` asc  [ RunTime:0.0002s ]
SQL: SELECT * FROM `xlr_menus` WHERE `display` = 1 AND `pid` = 3 ORDER BY `order` asc  [ RunTime:0.0002s ]
SQL: SELECT * FROM `xlr_menus` WHERE `display` = 1 AND `pid` = 4 ORDER BY `order` asc  [ RunTime:0.0002s ]
SQL: SELECT * FROM `xlr_menus` WHERE `display` = 1 AND `pid` = 5 ORDER BY `order` asc  [ RunTime:0.0002s ]
SQL: SELECT * FROM `xlr_menus` WHERE `display` = 1 AND `pid` = 9 ORDER BY `order` asc  [ RunTime:0.0003s ]
SQL: SELECT * FROM `xlr_menus` WHERE `display` = 1 AND `pid` = 10 ORDER BY `order` asc  [ RunTime:0.0002s ]
SQL: SELECT * FROM `xlr_menus` WHERE `display` = 1 AND `pid` = 11 ORDER BY `order` asc  [ RunTime:0.0002s ]
SQL: SELECT * FROM `xlr_menus` WHERE `display` = 1 AND `pid` = 12 ORDER BY `order` asc  [ RunTime:0.0003s ]
SQL: SELECT * FROM `xlr_menus` WHERE `display` = 1 AND `pid` = 13 ORDER BY `order` asc  [ RunTime:0.0002s ]
SQL: SELECT * FROM `xlr_menus` WHERE `display` = 1 AND `pid` = 14 ORDER BY `order` asc  [ RunTime:0.0003s ]
SQL: SELECT * FROM `xlr_menus` WHERE `display` = 1 AND `pid` = 7 ORDER BY `order` asc  [ RunTime:0.0003s ]
SQL: SHOW COLUMNS FROM `xlr_cate` [ RunTime:0.0044s ]
SQL: SELECT * FROM `xlr_cate` WHERE `pid` = 0  [ RunTime:0.0003s ]
SQL: SELECT * FROM `xlr_cate` WHERE `pid` = 1  [ RunTime:0.0002s ]
SQL: SELECT * FROM `xlr_cate` WHERE `pid` = 4  [ RunTime:0.0002s ]
SQL: SELECT * FROM `xlr_cate` WHERE `pid` = 5  [ RunTime:0.0008s ]
SQL: SELECT * FROM `xlr_cate` WHERE `pid` = 6  [ RunTime:0.0004s ]
SQL: SELECT * FROM `xlr_cate` WHERE `pid` = 7  [ RunTime:0.0002s ]
SQL: SELECT * FROM `xlr_cate` WHERE `pid` = 11  [ RunTime:0.0002s ]
SQL: SELECT * FROM `xlr_cate` WHERE `pid` = 2  [ RunTime:0.0006s ]
SQL: SELECT * FROM `xlr_cate` WHERE `pid` = 13  [ RunTime:0.0003s ]
SQL: SELECT * FROM `xlr_cate` WHERE `pid` = 14  [ RunTime:0.0002s ]
SQL: SELECT * FROM `xlr_cate` WHERE `pid` = 15  [ RunTime:0.0002s ]
SQL: SELECT * FROM `xlr_cate` WHERE `pid` = 17  [ RunTime:0.0002s ]
SQL: SELECT * FROM `xlr_cate` WHERE `pid` = 18  [ RunTime:0.0002s ]
SQL: SELECT * FROM `xlr_cate` WHERE `pid` = 20  [ RunTime:0.0003s ]
SQL: SELECT * FROM `xlr_cate` WHERE `pid` = 3  [ RunTime:0.0002s ]
SQL: SELECT * FROM `xlr_cate` WHERE `pid` = 19  [ RunTime:0.0002s ]
SQL: SHOW COLUMNS FROM `xlr_attr` [ RunTime:0.0050s ]
SQL: SELECT * FROM `xlr_attr` WHERE `cate_id` = 0  [ RunTime:0.0003s ]
INFO: [ view_parse ] --START--
INFO: [ template_filter ] --START--
INFO: Run Behavior\ContentReplaceBehavior [ RunTime:0.000618s ]
INFO: [ template_filter ] --END-- [ RunTime:0.000916s ]
NOTIC: [8] Use of undefined constant en - assumed 'en' D:\wamp\www\TP\App\Runtime\Cache\Admin\ebbcb6553e826fbc091d4252662003b5.php 第 432 行.
NOTIC: [8] Use of undefined constant en - assumed 'en' D:\wamp\www\TP\App\Runtime\Cache\Admin\ebbcb6553e826fbc091d4252662003b5.php 第 432 行.
NOTIC: [8] Use of undefined constant en - assumed 'en' D:\wamp\www\TP\App\Runtime\Cache\Admin\ebbcb6553e826fbc091d4252662003b5.php 第 432 行.
NOTIC: [8] Use of undefined constant en - assumed 'en' D:\wamp\www\TP\App\Runtime\Cache\Admin\ebbcb6553e826fbc091d4252662003b5.php 第 432 行.
NOTIC: [8] Use of undefined constant en - assumed 'en' D:\wamp\www\TP\App\Runtime\Cache\Admin\ebbcb6553e826fbc091d4252662003b5.php 第 432 行.
NOTIC: [8] Use of undefined constant en - assumed 'en' D:\wamp\www\TP\App\Runtime\Cache\Admin\ebbcb6553e826fbc091d4252662003b5.php 第 432 行.
NOTIC: [8] Use of undefined constant en - assumed 'en' D:\wamp\www\TP\App\Runtime\Cache\Admin\ebbcb6553e826fbc091d4252662003b5.php 第 432 行.
NOTIC: [8] Use of undefined constant en - assumed 'en' D:\wamp\www\TP\App\Runtime\Cache\Admin\ebbcb6553e826fbc091d4252662003b5.php 第 432 行.
NOTIC: [8] Use of undefined constant en - assumed 'en' D:\wamp\www\TP\App\Runtime\Cache\Admin\ebbcb6553e826fbc091d4252662003b5.php 第 432 行.
NOTIC: [8] Use of undefined constant en - assumed 'en' D:\wamp\www\TP\App\Runtime\Cache\Admin\ebbcb6553e826fbc091d4252662003b5.php 第 432 行.
INFO: Run Behavior\ParseTemplateBehavior [ RunTime:0.025068s ]
INFO: [ view_parse ] --END-- [ RunTime:0.025175s ]
INFO: [ view_filter ] --START--
INFO: Run Behavior\WriteHtmlCacheBehavior [ RunTime:0.000931s ]
INFO: [ view_filter ] --END-- [ RunTime:0.001026s ]
INFO: [ view_parse ] --START--
INFO: [ template_filter ] --START--
INFO: Run Behavior\ContentReplaceBehavior [ RunTime:0.000138s ]
INFO: [ template_filter ] --END-- [ RunTime:-0.014164s ]
INFO: Run Behavior\ParseTemplateBehavior [ RunTime:0.006898s ]
INFO: [ view_parse ] --END-- [ RunTime:-0.003038s ]
INFO: [ view_filter ] --START--
INFO: Run Behavior\WriteHtmlCacheBehavior [ RunTime:0.000028s ]
INFO: [ view_filter ] --END-- [ RunTime:-0.009035s ]
NOTIC: [2] Cannot modify header information - headers already sent by (output started at D:\wamp\www\TP\ThinkPHP\Library\Think\View.class.php:95) D:\wamp\www\TP\ThinkPHP\Library\Think\View.class.php 第 91 行.
NOTIC: [2] Cannot modify header information - headers already sent by (output started at D:\wamp\www\TP\ThinkPHP\Library\Think\View.class.php:95) D:\wamp\www\TP\ThinkPHP\Library\Think\View.class.php 第 92 行.
NOTIC: [2] Cannot modify header information - headers already sent by (output started at D:\wamp\www\TP\ThinkPHP\Library\Think\View.class.php:95) D:\wamp\www\TP\ThinkPHP\Library\Think\View.class.php 第 93 行.
INFO: [ app_end ] --START--
INFO: Run Behavior\ShowPageTraceBehavior [ RunTime:0.001147s ]
INFO: [ app_end ] --END-- [ RunTime:0.001267s ]

