[ 2017-10-11T12:50:31+08:00 ] 127.0.0.1 /
INFO: [ app_init ] --START--
INFO: Run Behavior\BuildLiteBehavior [ RunTime:0.000025s ]
INFO: [ app_init ] --END-- [ RunTime:0.044371s ]
INFO: [ app_begin ] --START--
INFO: Run Behavior\ReadHtmlCacheBehavior [ RunTime:0.002100s ]
INFO: [ app_begin ] --END-- [ RunTime:0.002251s ]
SQL: SHOW COLUMNS FROM `xlr_menus` [ RunTime:0.0622s ]
SQL: SELECT * FROM `xlr_menus` WHERE `display` = 1 AND `pid` = 1 ORDER BY `order` asc  [ RunTime:0.0260s ]
SQL: SELECT * FROM `xlr_menus` WHERE `display` = 1 AND `pid` = 31 ORDER BY `order` asc  [ RunTime:0.0004s ]
SQL: SELECT * FROM `xlr_menus` WHERE `display` = 1 AND `pid` = 32 ORDER BY `order` asc  [ RunTime:0.0004s ]
SQL: SELECT * FROM `xlr_menus` WHERE `display` = 1 AND `pid` = 24 ORDER BY `order` asc  [ RunTime:0.0004s ]
SQL: SELECT * FROM `xlr_menus` WHERE `display` = 1 AND `pid` = 25 ORDER BY `order` asc  [ RunTime:0.0005s ]
SQL: SELECT * FROM `xlr_menus` WHERE `display` = 1 AND `pid` = 29 ORDER BY `order` asc  [ RunTime:0.0004s ]
SQL: SELECT * FROM `xlr_menus` WHERE `display` = 1 AND `pid` = 21 ORDER BY `order` asc  [ RunTime:0.0004s ]
SQL: SELECT * FROM `xlr_menus` WHERE `display` = 1 AND `pid` = 22 ORDER BY `order` asc  [ RunTime:0.0004s ]
SQL: SELECT * FROM `xlr_menus` WHERE `display` = 1 AND `pid` = 23 ORDER BY `order` asc  [ RunTime:0.0003s ]
SQL: SELECT * FROM `xlr_menus` WHERE `display` = 1 AND `pid` = 18 ORDER BY `order` asc  [ RunTime:0.0004s ]
SQL: SELECT * FROM `xlr_menus` WHERE `display` = 1 AND `pid` = 19 ORDER BY `order` asc  [ RunTime:0.0002s ]
SQL: SELECT * FROM `xlr_menus` WHERE `display` = 1 AND `pid` = 20 ORDER BY `order` asc  [ RunTime:0.0003s ]
SQL: SELECT * FROM `xlr_menus` WHERE `display` = 1 AND `pid` = 15 ORDER BY `order` asc  [ RunTime:0.0002s ]
SQL: SELECT * FROM `xlr_menus` WHERE `display` = 1 AND `pid` = 16 ORDER BY `order` asc  [ RunTime:0.0002s ]
SQL: SELECT * FROM `xlr_menus` WHERE `display` = 1 AND `pid` = 17 ORDER BY `order` asc  [ RunTime:0.0003s ]
SQL: SELECT * FROM `xlr_menus` WHERE `display` = 1 AND `pid` = 8 ORDER BY `order` asc  [ RunTime:0.0003s ]
SQL: SELECT * FROM `xlr_menus` WHERE `display` = 1 AND `pid` = 3 ORDER BY `order` asc  [ RunTime:0.0003s ]
SQL: SELECT * FROM `xlr_menus` WHERE `display` = 1 AND `pid` = 4 ORDER BY `order` asc  [ RunTime:0.0002s ]
SQL: SELECT * FROM `xlr_menus` WHERE `display` = 1 AND `pid` = 5 ORDER BY `order` asc  [ RunTime:0.0002s ]
SQL: SELECT * FROM `xlr_menus` WHERE `display` = 1 AND `pid` = 9 ORDER BY `order` asc  [ RunTime:0.0003s ]
SQL: SELECT * FROM `xlr_menus` WHERE `display` = 1 AND `pid` = 10 ORDER BY `order` asc  [ RunTime:0.0002s ]
SQL: SELECT * FROM `xlr_menus` WHERE `display` = 1 AND `pid` = 11 ORDER BY `order` asc  [ RunTime:0.0002s ]
SQL: SELECT * FROM `xlr_menus` WHERE `display` = 1 AND `pid` = 12 ORDER BY `order` asc  [ RunTime:0.0003s ]
SQL: SELECT * FROM `xlr_menus` WHERE `display` = 1 AND `pid` = 13 ORDER BY `order` asc  [ RunTime:0.0003s ]
SQL: SELECT * FROM `xlr_menus` WHERE `display` = 1 AND `pid` = 14 ORDER BY `order` asc  [ RunTime:0.0003s ]
SQL: SELECT * FROM `xlr_menus` WHERE `display` = 1 AND `pid` = 7 ORDER BY `order` asc  [ RunTime:0.0003s ]
SQL: SHOW COLUMNS FROM `xlr_cate` [ RunTime:0.0043s ]
SQL: SELECT * FROM `xlr_cate` WHERE `pid` = 0  [ RunTime:0.0003s ]
SQL: SELECT * FROM `xlr_cate` WHERE `pid` = 1  [ RunTime:0.0002s ]
SQL: SELECT * FROM `xlr_cate` WHERE `pid` = 4  [ RunTime:0.0002s ]
SQL: SELECT * FROM `xlr_cate` WHERE `pid` = 5  [ RunTime:0.0003s ]
SQL: SELECT * FROM `xlr_cate` WHERE `pid` = 6  [ RunTime:0.0002s ]
SQL: SELECT * FROM `xlr_cate` WHERE `pid` = 7  [ RunTime:0.0002s ]
SQL: SELECT * FROM `xlr_cate` WHERE `pid` = 11  [ RunTime:0.0002s ]
SQL: SELECT * FROM `xlr_cate` WHERE `pid` = 2  [ RunTime:0.0002s ]
SQL: SELECT * FROM `xlr_cate` WHERE `pid` = 13  [ RunTime:0.0002s ]
SQL: SELECT * FROM `xlr_cate` WHERE `pid` = 14  [ RunTime:0.0002s ]
SQL: SELECT * FROM `xlr_cate` WHERE `pid` = 15  [ RunTime:0.0002s ]
SQL: SELECT * FROM `xlr_cate` WHERE `pid` = 17  [ RunTime:0.0002s ]
SQL: SELECT * FROM `xlr_cate` WHERE `pid` = 18  [ RunTime:0.0002s ]
SQL: SELECT * FROM `xlr_cate` WHERE `pid` = 20  [ RunTime:0.0002s ]
SQL: SELECT * FROM `xlr_cate` WHERE `pid` = 3  [ RunTime:0.0002s ]
SQL: SELECT * FROM `xlr_cate` WHERE `pid` = 19  [ RunTime:0.0002s ]
SQL: SHOW COLUMNS FROM `xlr_attr` [ RunTime:0.0050s ]
SQL: SELECT * FROM `xlr_attr` WHERE `cate_id` = 0  [ RunTime:0.0003s ]
INFO: [ view_parse ] --START--
INFO: [ template_filter ] --START--
INFO: Run Behavior\ContentReplaceBehavior [ RunTime:0.000713s ]
INFO: [ template_filter ] --END-- [ RunTime:0.000935s ]
NOTIC: [8] Use of undefined constant en - assumed 'en' D:\wamp\www\TP\App\Runtime\Cache\Admin\ebbcb6553e826fbc091d4252662003b5.php 第 432 行.
NOTIC: [8] Use of undefined constant en - assumed 'en' D:\wamp\www\TP\App\Runtime\Cache\Admin\ebbcb6553e826fbc091d4252662003b5.php 第 432 行.
NOTIC: [8] Use of undefined constant en - assumed 'en' D:\wamp\www\TP\App\Runtime\Cache\Admin\ebbcb6553e826fbc091d4252662003b5.php 第 432 行.
NOTIC: [8] Use of undefined constant en - assumed 'en' D:\wamp\www\TP\App\Runtime\Cache\Admin\ebbcb6553e826fbc091d4252662003b5.php 第 432 行.
NOTIC: [8] Use of undefined constant en - assumed 'en' D:\wamp\www\TP\App\Runtime\Cache\Admin\ebbcb6553e826fbc091d4252662003b5.php 第 432 行.
NOTIC: [8] Use of undefined constant en - assumed 'en' D:\wamp\www\TP\App\Runtime\Cache\Admin\ebbcb6553e826fbc091d4252662003b5.php 第 432 行.
NOTIC: [8] Use of undefined constant en - assumed 'en' D:\wamp\www\TP\App\Runtime\Cache\Admin\ebbcb6553e826fbc091d4252662003b5.php 第 432 行.
NOTIC: [8] Use of undefined constant en - assumed 'en' D:\wamp\www\TP\App\Runtime\Cache\Admin\ebbcb6553e826fbc091d4252662003b5.php 第 432 行.
NOTIC: [8] Use of undefined constant en - assumed 'en' D:\wamp\www\TP\App\Runtime\Cache\Admin\ebbcb6553e826fbc091d4252662003b5.php 第 432 行.
NOTIC: [8] Use of undefined constant en - assumed 'en' D:\wamp\www\TP\App\Runtime\Cache\Admin\ebbcb6553e826fbc091d4252662003b5.php 第 432 行.
INFO: Run Behavior\ParseTemplateBehavior [ RunTime:0.201395s ]
INFO: [ view_parse ] --END-- [ RunTime:0.201507s ]
INFO: [ view_filter ] --START--
INFO: Run Behavior\WriteHtmlCacheBehavior [ RunTime:0.020562s ]
INFO: [ view_filter ] --END-- [ RunTime:0.020669s ]
INFO: [ view_parse ] --START--
INFO: [ template_filter ] --START--
INFO: Run Behavior\ContentReplaceBehavior [ RunTime:0.000234s ]
INFO: [ template_filter ] --END-- [ RunTime:-0.099695s ]
INFO: Run Behavior\ParseTemplateBehavior [ RunTime:0.016114s ]
INFO: [ view_parse ] --END-- [ RunTime:-0.039184s ]
INFO: [ view_filter ] --START--
INFO: Run Behavior\WriteHtmlCacheBehavior [ RunTime:0.000051s ]
INFO: [ view_filter ] --END-- [ RunTime:-0.034883s ]
NOTIC: [2] Cannot modify header information - headers already sent by (output started at D:\wamp\www\TP\ThinkPHP\Library\Think\View.class.php:95) D:\wamp\www\TP\ThinkPHP\Library\Think\View.class.php 第 91 行.
NOTIC: [2] Cannot modify header information - headers already sent by (output started at D:\wamp\www\TP\ThinkPHP\Library\Think\View.class.php:95) D:\wamp\www\TP\ThinkPHP\Library\Think\View.class.php 第 92 行.
NOTIC: [2] Cannot modify header information - headers already sent by (output started at D:\wamp\www\TP\ThinkPHP\Library\Think\View.class.php:95) D:\wamp\www\TP\ThinkPHP\Library\Think\View.class.php 第 93 行.
INFO: [ app_end ] --START--
INFO: Run Behavior\ShowPageTraceBehavior [ RunTime:0.012088s ]
INFO: [ app_end ] --END-- [ RunTime:0.012321s ]

