[ 2018-04-01T13:51:54+08:00 ] ::1 /TP/
INFO: [ app_init ] --START--
INFO: Run Behavior\BuildLiteBehavior [ RunTime:0.000029s ]
INFO: [ app_init ] --END-- [ RunTime:0.037412s ]
INFO: [ app_begin ] --START--
INFO: Run Behavior\ReadHtmlCacheBehavior [ RunTime:0.019924s ]
INFO: [ app_begin ] --END-- [ RunTime:0.020013s ]
SQL: SHOW COLUMNS FROM `xlr_menus` [ RunTime:0.2128s ]
SQL: SELECT * FROM `xlr_menus` WHERE `display` = 1 AND `pid` = 1 ORDER BY `order` asc  [ RunTime:0.0155s ]
SQL: SELECT * FROM `xlr_menus` WHERE `display` = 1 AND `pid` = 31 ORDER BY `order` asc  [ RunTime:0.0003s ]
SQL: SELECT * FROM `xlr_menus` WHERE `display` = 1 AND `pid` = 32 ORDER BY `order` asc  [ RunTime:0.0002s ]
SQL: SELECT * FROM `xlr_menus` WHERE `display` = 1 AND `pid` = 24 ORDER BY `order` asc  [ RunTime:0.0002s ]
SQL: SELECT * FROM `xlr_menus` WHERE `display` = 1 AND `pid` = 25 ORDER BY `order` asc  [ RunTime:0.0002s ]
SQL: SELECT * FROM `xlr_menus` WHERE `display` = 1 AND `pid` = 29 ORDER BY `order` asc  [ RunTime:0.0002s ]
SQL: SELECT * FROM `xlr_menus` WHERE `display` = 1 AND `pid` = 21 ORDER BY `order` asc  [ RunTime:0.0002s ]
SQL: SELECT * FROM `xlr_menus` WHERE `display` = 1 AND `pid` = 22 ORDER BY `order` asc  [ RunTime:0.0002s ]
SQL: SELECT * FROM `xlr_menus` WHERE `display` = 1 AND `pid` = 23 ORDER BY `order` asc  [ RunTime:0.0002s ]
SQL: SELECT * FROM `xlr_menus` WHERE `display` = 1 AND `pid` = 18 ORDER BY `order` asc  [ RunTime:0.0002s ]
SQL: SELECT * FROM `xlr_menus` WHERE `display` = 1 AND `pid` = 19 ORDER BY `order` asc  [ RunTime:0.0002s ]
SQL: SELECT * FROM `xlr_menus` WHERE `display` = 1 AND `pid` = 20 ORDER BY `order` asc  [ RunTime:0.0002s ]
SQL: SELECT * FROM `xlr_menus` WHERE `display` = 1 AND `pid` = 15 ORDER BY `order` asc  [ RunTime:0.0002s ]
SQL: SELECT * FROM `xlr_menus` WHERE `display` = 1 AND `pid` = 16 ORDER BY `order` asc  [ RunTime:0.0002s ]
SQL: SELECT * FROM `xlr_menus` WHERE `display` = 1 AND `pid` = 17 ORDER BY `order` asc  [ RunTime:0.0002s ]
SQL: SELECT * FROM `xlr_menus` WHERE `display` = 1 AND `pid` = 8 ORDER BY `order` asc  [ RunTime:0.0002s ]
SQL: SELECT * FROM `xlr_menus` WHERE `display` = 1 AND `pid` = 3 ORDER BY `order` asc  [ RunTime:0.0002s ]
SQL: SELECT * FROM `xlr_menus` WHERE `display` = 1 AND `pid` = 4 ORDER BY `order` asc  [ RunTime:0.0002s ]
SQL: SELECT * FROM `xlr_menus` WHERE `display` = 1 AND `pid` = 5 ORDER BY `order` asc  [ RunTime:0.0002s ]
SQL: SELECT * FROM `xlr_menus` WHERE `display` = 1 AND `pid` = 9 ORDER BY `order` asc  [ RunTime:0.0002s ]
SQL: SELECT * FROM `xlr_menus` WHERE `display` = 1 AND `pid` = 10 ORDER BY `order` asc  [ RunTime:0.0002s ]
SQL: SELECT * FROM `xlr_menus` WHERE `display` = 1 AND `pid` = 11 ORDER BY `order` asc  [ RunTime:0.0003s ]
SQL: SELECT * FROM `xlr_menus` WHERE `display` = 1 AND `pid` = 12 ORDER BY `order` asc  [ RunTime:0.0002s ]
SQL: SELECT * FROM `xlr_menus` WHERE `display` = 1 AND `pid` = 13 ORDER BY `order` asc  [ RunTime:0.0002s ]
SQL: SELECT * FROM `xlr_menus` WHERE `display` = 1 AND `pid` = 14 ORDER BY `order` asc  [ RunTime:0.0003s ]
SQL: SELECT * FROM `xlr_menus` WHERE `display` = 1 AND `pid` = 7 ORDER BY `order` asc  [ RunTime:0.0005s ]
SQL: SHOW COLUMNS FROM `xlr_cate` [ RunTime:0.0087s ]
SQL: SELECT * FROM `xlr_cate` WHERE `pid` = 0  [ RunTime:0.0005s ]
SQL: SELECT * FROM `xlr_cate` WHERE `pid` = 1  [ RunTime:0.0004s ]
SQL: SELECT * FROM `xlr_cate` WHERE `pid` = 4  [ RunTime:0.0004s ]
SQL: SELECT * FROM `xlr_cate` WHERE `pid` = 5  [ RunTime:0.0003s ]
SQL: SELECT * FROM `xlr_cate` WHERE `pid` = 6  [ RunTime:0.0004s ]
SQL: SELECT * FROM `xlr_cate` WHERE `pid` = 7  [ RunTime:0.0004s ]
SQL: SELECT * FROM `xlr_cate` WHERE `pid` = 11  [ RunTime:0.0005s ]
SQL: SELECT * FROM `xlr_cate` WHERE `pid` = 2  [ RunTime:0.0006s ]
SQL: SELECT * FROM `xlr_cate` WHERE `pid` = 13  [ RunTime:0.0007s ]
SQL: SELECT * FROM `xlr_cate` WHERE `pid` = 14  [ RunTime:0.0013s ]
SQL: SELECT * FROM `xlr_cate` WHERE `pid` = 15  [ RunTime:0.0005s ]
SQL: SELECT * FROM `xlr_cate` WHERE `pid` = 17  [ RunTime:0.0006s ]
SQL: SELECT * FROM `xlr_cate` WHERE `pid` = 18  [ RunTime:0.0004s ]
SQL: SELECT * FROM `xlr_cate` WHERE `pid` = 20  [ RunTime:0.0005s ]
SQL: SELECT * FROM `xlr_cate` WHERE `pid` = 3  [ RunTime:0.0006s ]
SQL: SELECT * FROM `xlr_cate` WHERE `pid` = 19  [ RunTime:0.0004s ]
SQL: SHOW COLUMNS FROM `xlr_attr` [ RunTime:0.0108s ]
SQL: SELECT * FROM `xlr_attr` WHERE `cate_id` = 0  [ RunTime:0.0019s ]
INFO: [ view_parse ] --START--
INFO: [ template_filter ] --START--
INFO: Run Behavior\ContentReplaceBehavior [ RunTime:0.000313s ]
INFO: [ template_filter ] --END-- [ RunTime:0.000365s ]
NOTIC: [8] Use of undefined constant en - assumed 'en' D:\xampp\htdocs\TP\App\Runtime\Cache\Admin\ebbcb6553e826fbc091d4252662003b5.php 第 432 行.
NOTIC: [8] Use of undefined constant en - assumed 'en' D:\xampp\htdocs\TP\App\Runtime\Cache\Admin\ebbcb6553e826fbc091d4252662003b5.php 第 432 行.
NOTIC: [8] Use of undefined constant en - assumed 'en' D:\xampp\htdocs\TP\App\Runtime\Cache\Admin\ebbcb6553e826fbc091d4252662003b5.php 第 432 行.
NOTIC: [8] Use of undefined constant en - assumed 'en' D:\xampp\htdocs\TP\App\Runtime\Cache\Admin\ebbcb6553e826fbc091d4252662003b5.php 第 432 行.
NOTIC: [8] Use of undefined constant en - assumed 'en' D:\xampp\htdocs\TP\App\Runtime\Cache\Admin\ebbcb6553e826fbc091d4252662003b5.php 第 432 行.
NOTIC: [8] Use of undefined constant en - assumed 'en' D:\xampp\htdocs\TP\App\Runtime\Cache\Admin\ebbcb6553e826fbc091d4252662003b5.php 第 432 行.
NOTIC: [8] Use of undefined constant en - assumed 'en' D:\xampp\htdocs\TP\App\Runtime\Cache\Admin\ebbcb6553e826fbc091d4252662003b5.php 第 432 行.
NOTIC: [8] Use of undefined constant en - assumed 'en' D:\xampp\htdocs\TP\App\Runtime\Cache\Admin\ebbcb6553e826fbc091d4252662003b5.php 第 432 行.
NOTIC: [8] Use of undefined constant en - assumed 'en' D:\xampp\htdocs\TP\App\Runtime\Cache\Admin\ebbcb6553e826fbc091d4252662003b5.php 第 432 行.
NOTIC: [8] Use of undefined constant en - assumed 'en' D:\xampp\htdocs\TP\App\Runtime\Cache\Admin\ebbcb6553e826fbc091d4252662003b5.php 第 432 行.
INFO: Run Behavior\ParseTemplateBehavior [ RunTime:0.129664s ]
INFO: [ view_parse ] --END-- [ RunTime:0.129806s ]
INFO: [ view_filter ] --START--
INFO: Run Behavior\WriteHtmlCacheBehavior [ RunTime:0.029698s ]
INFO: [ view_filter ] --END-- [ RunTime:0.029751s ]
INFO: [ view_parse ] --START--
INFO: [ template_filter ] --START--
INFO: Run Behavior\ContentReplaceBehavior [ RunTime:0.000130s ]
INFO: [ template_filter ] --END-- [ RunTime:-0.114433s ]
INFO: Run Behavior\ParseTemplateBehavior [ RunTime:0.070348s ]
INFO: [ view_parse ] --END-- [ RunTime:-0.030678s ]
INFO: [ view_filter ] --START--
INFO: Run Behavior\WriteHtmlCacheBehavior [ RunTime:0.000027s ]
INFO: [ view_filter ] --END-- [ RunTime:-0.071389s ]
NOTIC: [2] Cannot modify header information - headers already sent by (output started at D:\xampp\htdocs\TP\ThinkPHP\Library\Think\View.class.php:95) D:\xampp\htdocs\TP\ThinkPHP\Library\Think\View.class.php 第 91 行.
NOTIC: [2] Cannot modify header information - headers already sent by (output started at D:\xampp\htdocs\TP\ThinkPHP\Library\Think\View.class.php:95) D:\xampp\htdocs\TP\ThinkPHP\Library\Think\View.class.php 第 92 行.
NOTIC: [2] Cannot modify header information - headers already sent by (output started at D:\xampp\htdocs\TP\ThinkPHP\Library\Think\View.class.php:95) D:\xampp\htdocs\TP\ThinkPHP\Library\Think\View.class.php 第 93 行.
INFO: [ app_end ] --START--
INFO: Run Behavior\ShowPageTraceBehavior [ RunTime:0.044088s ]
INFO: [ app_end ] --END-- [ RunTime:0.044186s ]

[ 2018-04-01T14:01:10+08:00 ] ::1 /TP/
INFO: [ app_init ] --START--
INFO: Run Behavior\BuildLiteBehavior [ RunTime:0.000010s ]
INFO: [ app_init ] --END-- [ RunTime:0.000367s ]
INFO: [ app_begin ] --START--
INFO: Run Behavior\ReadHtmlCacheBehavior [ RunTime:0.000426s ]
INFO: [ app_begin ] --END-- [ RunTime:0.000468s ]
SQL: SHOW COLUMNS FROM `xlr_menus` [ RunTime:0.0058s ]
SQL: SELECT * FROM `xlr_menus` WHERE `display` = 1 AND `pid` = 1 ORDER BY `order` asc  [ RunTime:0.0004s ]
SQL: SELECT * FROM `xlr_menus` WHERE `display` = 1 AND `pid` = 31 ORDER BY `order` asc  [ RunTime:0.0003s ]
SQL: SELECT * FROM `xlr_menus` WHERE `display` = 1 AND `pid` = 32 ORDER BY `order` asc  [ RunTime:0.0002s ]
SQL: SELECT * FROM `xlr_menus` WHERE `display` = 1 AND `pid` = 24 ORDER BY `order` asc  [ RunTime:0.0002s ]
SQL: SELECT * FROM `xlr_menus` WHERE `display` = 1 AND `pid` = 25 ORDER BY `order` asc  [ RunTime:0.0004s ]
SQL: SELECT * FROM `xlr_menus` WHERE `display` = 1 AND `pid` = 29 ORDER BY `order` asc  [ RunTime:0.0004s ]
SQL: SELECT * FROM `xlr_menus` WHERE `display` = 1 AND `pid` = 21 ORDER BY `order` asc  [ RunTime:0.0003s ]
SQL: SELECT * FROM `xlr_menus` WHERE `display` = 1 AND `pid` = 22 ORDER BY `order` asc  [ RunTime:0.0002s ]
SQL: SELECT * FROM `xlr_menus` WHERE `display` = 1 AND `pid` = 23 ORDER BY `order` asc  [ RunTime:0.0003s ]
SQL: SELECT * FROM `xlr_menus` WHERE `display` = 1 AND `pid` = 18 ORDER BY `order` asc  [ RunTime:0.0003s ]
SQL: SELECT * FROM `xlr_menus` WHERE `display` = 1 AND `pid` = 19 ORDER BY `order` asc  [ RunTime:0.0004s ]
SQL: SELECT * FROM `xlr_menus` WHERE `display` = 1 AND `pid` = 20 ORDER BY `order` asc  [ RunTime:0.0003s ]
SQL: SELECT * FROM `xlr_menus` WHERE `display` = 1 AND `pid` = 15 ORDER BY `order` asc  [ RunTime:0.0002s ]
SQL: SELECT * FROM `xlr_menus` WHERE `display` = 1 AND `pid` = 16 ORDER BY `order` asc  [ RunTime:0.0002s ]
SQL: SELECT * FROM `xlr_menus` WHERE `display` = 1 AND `pid` = 17 ORDER BY `order` asc  [ RunTime:0.0002s ]
SQL: SELECT * FROM `xlr_menus` WHERE `display` = 1 AND `pid` = 8 ORDER BY `order` asc  [ RunTime:0.0002s ]
SQL: SELECT * FROM `xlr_menus` WHERE `display` = 1 AND `pid` = 3 ORDER BY `order` asc  [ RunTime:0.0003s ]
SQL: SELECT * FROM `xlr_menus` WHERE `display` = 1 AND `pid` = 4 ORDER BY `order` asc  [ RunTime:0.0003s ]
SQL: SELECT * FROM `xlr_menus` WHERE `display` = 1 AND `pid` = 5 ORDER BY `order` asc  [ RunTime:0.0003s ]
SQL: SELECT * FROM `xlr_menus` WHERE `display` = 1 AND `pid` = 9 ORDER BY `order` asc  [ RunTime:0.0003s ]
SQL: SELECT * FROM `xlr_menus` WHERE `display` = 1 AND `pid` = 10 ORDER BY `order` asc  [ RunTime:0.0003s ]
SQL: SELECT * FROM `xlr_menus` WHERE `display` = 1 AND `pid` = 11 ORDER BY `order` asc  [ RunTime:0.0003s ]
SQL: SELECT * FROM `xlr_menus` WHERE `display` = 1 AND `pid` = 12 ORDER BY `order` asc  [ RunTime:0.0003s ]
SQL: SELECT * FROM `xlr_menus` WHERE `display` = 1 AND `pid` = 13 ORDER BY `order` asc  [ RunTime:0.0003s ]
SQL: SELECT * FROM `xlr_menus` WHERE `display` = 1 AND `pid` = 14 ORDER BY `order` asc  [ RunTime:0.0003s ]
SQL: SELECT * FROM `xlr_menus` WHERE `display` = 1 AND `pid` = 7 ORDER BY `order` asc  [ RunTime:0.0003s ]
SQL: SHOW COLUMNS FROM `xlr_cate` [ RunTime:0.0037s ]
SQL: SELECT * FROM `xlr_cate` WHERE `pid` = 0  [ RunTime:0.0003s ]
SQL: SELECT * FROM `xlr_cate` WHERE `pid` = 1  [ RunTime:0.0002s ]
SQL: SELECT * FROM `xlr_cate` WHERE `pid` = 4  [ RunTime:0.0002s ]
SQL: SELECT * FROM `xlr_cate` WHERE `pid` = 5  [ RunTime:0.0002s ]
SQL: SELECT * FROM `xlr_cate` WHERE `pid` = 6  [ RunTime:0.0002s ]
SQL: SELECT * FROM `xlr_cate` WHERE `pid` = 7  [ RunTime:0.0002s ]
SQL: SELECT * FROM `xlr_cate` WHERE `pid` = 11  [ RunTime:0.0002s ]
SQL: SELECT * FROM `xlr_cate` WHERE `pid` = 2  [ RunTime:0.0002s ]
SQL: SELECT * FROM `xlr_cate` WHERE `pid` = 13  [ RunTime:0.0002s ]
SQL: SELECT * FROM `xlr_cate` WHERE `pid` = 14  [ RunTime:0.0002s ]
SQL: SELECT * FROM `xlr_cate` WHERE `pid` = 15  [ RunTime:0.0002s ]
SQL: SELECT * FROM `xlr_cate` WHERE `pid` = 17  [ RunTime:0.0007s ]
SQL: SELECT * FROM `xlr_cate` WHERE `pid` = 18  [ RunTime:0.0002s ]
SQL: SELECT * FROM `xlr_cate` WHERE `pid` = 20  [ RunTime:0.0002s ]
SQL: SELECT * FROM `xlr_cate` WHERE `pid` = 3  [ RunTime:0.0004s ]
SQL: SELECT * FROM `xlr_cate` WHERE `pid` = 19  [ RunTime:0.0002s ]
SQL: SHOW COLUMNS FROM `xlr_attr` [ RunTime:0.0067s ]
SQL: SELECT * FROM `xlr_attr` WHERE `cate_id` = 0  [ RunTime:0.0005s ]
INFO: [ view_parse ] --START--
INFO: [ template_filter ] --START--
INFO: Run Behavior\ContentReplaceBehavior [ RunTime:0.000211s ]
INFO: [ template_filter ] --END-- [ RunTime:0.000275s ]
NOTIC: [8] Use of undefined constant en - assumed 'en' D:\xampp\htdocs\TP\App\Runtime\Cache\Admin\ebbcb6553e826fbc091d4252662003b5.php 第 432 行.
NOTIC: [8] Use of undefined constant en - assumed 'en' D:\xampp\htdocs\TP\App\Runtime\Cache\Admin\ebbcb6553e826fbc091d4252662003b5.php 第 432 行.
NOTIC: [8] Use of undefined constant en - assumed 'en' D:\xampp\htdocs\TP\App\Runtime\Cache\Admin\ebbcb6553e826fbc091d4252662003b5.php 第 432 行.
NOTIC: [8] Use of undefined constant en - assumed 'en' D:\xampp\htdocs\TP\App\Runtime\Cache\Admin\ebbcb6553e826fbc091d4252662003b5.php 第 432 行.
NOTIC: [8] Use of undefined constant en - assumed 'en' D:\xampp\htdocs\TP\App\Runtime\Cache\Admin\ebbcb6553e826fbc091d4252662003b5.php 第 432 行.
NOTIC: [8] Use of undefined constant en - assumed 'en' D:\xampp\htdocs\TP\App\Runtime\Cache\Admin\ebbcb6553e826fbc091d4252662003b5.php 第 432 行.
NOTIC: [8] Use of undefined constant en - assumed 'en' D:\xampp\htdocs\TP\App\Runtime\Cache\Admin\ebbcb6553e826fbc091d4252662003b5.php 第 432 行.
NOTIC: [8] Use of undefined constant en - assumed 'en' D:\xampp\htdocs\TP\App\Runtime\Cache\Admin\ebbcb6553e826fbc091d4252662003b5.php 第 432 行.
NOTIC: [8] Use of undefined constant en - assumed 'en' D:\xampp\htdocs\TP\App\Runtime\Cache\Admin\ebbcb6553e826fbc091d4252662003b5.php 第 432 行.
NOTIC: [8] Use of undefined constant en - assumed 'en' D:\xampp\htdocs\TP\App\Runtime\Cache\Admin\ebbcb6553e826fbc091d4252662003b5.php 第 432 行.
INFO: Run Behavior\ParseTemplateBehavior [ RunTime:0.016914s ]
INFO: [ view_parse ] --END-- [ RunTime:0.016982s ]
INFO: [ view_filter ] --START--
INFO: Run Behavior\WriteHtmlCacheBehavior [ RunTime:0.000306s ]
INFO: [ view_filter ] --END-- [ RunTime:0.000334s ]
INFO: [ view_parse ] --START--
INFO: [ template_filter ] --START--
INFO: Run Behavior\ContentReplaceBehavior [ RunTime:0.000266s ]
INFO: [ template_filter ] --END-- [ RunTime:-0.007563s ]
INFO: Run Behavior\ParseTemplateBehavior [ RunTime:0.006233s ]
INFO: [ view_parse ] --END-- [ RunTime:-0.000947s ]
INFO: [ view_filter ] --START--
INFO: Run Behavior\WriteHtmlCacheBehavior [ RunTime:0.000017s ]
INFO: [ view_filter ] --END-- [ RunTime:-0.006931s ]
NOTIC: [2] Cannot modify header information - headers already sent by (output started at D:\xampp\htdocs\TP\ThinkPHP\Library\Think\View.class.php:95) D:\xampp\htdocs\TP\ThinkPHP\Library\Think\View.class.php 第 91 行.
NOTIC: [2] Cannot modify header information - headers already sent by (output started at D:\xampp\htdocs\TP\ThinkPHP\Library\Think\View.class.php:95) D:\xampp\htdocs\TP\ThinkPHP\Library\Think\View.class.php 第 92 行.
NOTIC: [2] Cannot modify header information - headers already sent by (output started at D:\xampp\htdocs\TP\ThinkPHP\Library\Think\View.class.php:95) D:\xampp\htdocs\TP\ThinkPHP\Library\Think\View.class.php 第 93 行.
INFO: [ app_end ] --START--
INFO: Run Behavior\ShowPageTraceBehavior [ RunTime:0.001579s ]
INFO: [ app_end ] --END-- [ RunTime:0.001809s ]

[ 2018-04-01T15:49:07+08:00 ] ::1 /TP/
INFO: [ app_init ] --START--
INFO: Run Behavior\BuildLiteBehavior [ RunTime:0.000020s ]
INFO: [ app_init ] --END-- [ RunTime:0.000655s ]
INFO: [ app_begin ] --START--
INFO: Run Behavior\ReadHtmlCacheBehavior [ RunTime:0.000762s ]
INFO: [ app_begin ] --END-- [ RunTime:0.000817s ]
SQL: SHOW COLUMNS FROM `xlr_menus` [ RunTime:0.0096s ]
SQL: SELECT * FROM `xlr_menus` WHERE `display` = 1 AND `pid` = 1 ORDER BY `order` asc  [ RunTime:0.0004s ]
SQL: SELECT * FROM `xlr_menus` WHERE `display` = 1 AND `pid` = 31 ORDER BY `order` asc  [ RunTime:0.0003s ]
SQL: SELECT * FROM `xlr_menus` WHERE `display` = 1 AND `pid` = 32 ORDER BY `order` asc  [ RunTime:0.0003s ]
SQL: SELECT * FROM `xlr_menus` WHERE `display` = 1 AND `pid` = 24 ORDER BY `order` asc  [ RunTime:0.0003s ]
SQL: SELECT * FROM `xlr_menus` WHERE `display` = 1 AND `pid` = 25 ORDER BY `order` asc  [ RunTime:0.0003s ]
SQL: SELECT * FROM `xlr_menus` WHERE `display` = 1 AND `pid` = 29 ORDER BY `order` asc  [ RunTime:0.0003s ]
SQL: SELECT * FROM `xlr_menus` WHERE `display` = 1 AND `pid` = 21 ORDER BY `order` asc  [ RunTime:0.0003s ]
SQL: SELECT * FROM `xlr_menus` WHERE `display` = 1 AND `pid` = 22 ORDER BY `order` asc  [ RunTime:0.0003s ]
SQL: SELECT * FROM `xlr_menus` WHERE `display` = 1 AND `pid` = 23 ORDER BY `order` asc  [ RunTime:0.0003s ]
SQL: SELECT * FROM `xlr_menus` WHERE `display` = 1 AND `pid` = 18 ORDER BY `order` asc  [ RunTime:0.0003s ]
SQL: SELECT * FROM `xlr_menus` WHERE `display` = 1 AND `pid` = 19 ORDER BY `order` asc  [ RunTime:0.0003s ]
SQL: SELECT * FROM `xlr_menus` WHERE `display` = 1 AND `pid` = 20 ORDER BY `order` asc  [ RunTime:0.0003s ]
SQL: SELECT * FROM `xlr_menus` WHERE `display` = 1 AND `pid` = 15 ORDER BY `order` asc  [ RunTime:0.0003s ]
SQL: SELECT * FROM `xlr_menus` WHERE `display` = 1 AND `pid` = 16 ORDER BY `order` asc  [ RunTime:0.0003s ]
SQL: SELECT * FROM `xlr_menus` WHERE `display` = 1 AND `pid` = 17 ORDER BY `order` asc  [ RunTime:0.0003s ]
SQL: SELECT * FROM `xlr_menus` WHERE `display` = 1 AND `pid` = 8 ORDER BY `order` asc  [ RunTime:0.0003s ]
SQL: SELECT * FROM `xlr_menus` WHERE `display` = 1 AND `pid` = 3 ORDER BY `order` asc  [ RunTime:0.0003s ]
SQL: SELECT * FROM `xlr_menus` WHERE `display` = 1 AND `pid` = 4 ORDER BY `order` asc  [ RunTime:0.0003s ]
SQL: SELECT * FROM `xlr_menus` WHERE `display` = 1 AND `pid` = 5 ORDER BY `order` asc  [ RunTime:0.0003s ]
SQL: SELECT * FROM `xlr_menus` WHERE `display` = 1 AND `pid` = 9 ORDER BY `order` asc  [ RunTime:0.0003s ]
SQL: SELECT * FROM `xlr_menus` WHERE `display` = 1 AND `pid` = 10 ORDER BY `order` asc  [ RunTime:0.0003s ]
SQL: SELECT * FROM `xlr_menus` WHERE `display` = 1 AND `pid` = 11 ORDER BY `order` asc  [ RunTime:0.0003s ]
SQL: SELECT * FROM `xlr_menus` WHERE `display` = 1 AND `pid` = 12 ORDER BY `order` asc  [ RunTime:0.0003s ]
SQL: SELECT * FROM `xlr_menus` WHERE `display` = 1 AND `pid` = 13 ORDER BY `order` asc  [ RunTime:0.0003s ]
SQL: SELECT * FROM `xlr_menus` WHERE `display` = 1 AND `pid` = 14 ORDER BY `order` asc  [ RunTime:0.0003s ]
SQL: SELECT * FROM `xlr_menus` WHERE `display` = 1 AND `pid` = 7 ORDER BY `order` asc  [ RunTime:0.0003s ]
SQL: SHOW COLUMNS FROM `xlr_cate` [ RunTime:0.0494s ]
SQL: SELECT * FROM `xlr_cate` WHERE `pid` = 0  [ RunTime:0.0004s ]
SQL: SELECT * FROM `xlr_cate` WHERE `pid` = 1  [ RunTime:0.0003s ]
SQL: SELECT * FROM `xlr_cate` WHERE `pid` = 4  [ RunTime:0.0003s ]
SQL: SELECT * FROM `xlr_cate` WHERE `pid` = 5  [ RunTime:0.0003s ]
SQL: SELECT * FROM `xlr_cate` WHERE `pid` = 6  [ RunTime:0.0003s ]
SQL: SELECT * FROM `xlr_cate` WHERE `pid` = 7  [ RunTime:0.0002s ]
SQL: SELECT * FROM `xlr_cate` WHERE `pid` = 11  [ RunTime:0.0002s ]
SQL: SELECT * FROM `xlr_cate` WHERE `pid` = 2  [ RunTime:0.0002s ]
SQL: SELECT * FROM `xlr_cate` WHERE `pid` = 13  [ RunTime:0.0002s ]
SQL: SELECT * FROM `xlr_cate` WHERE `pid` = 14  [ RunTime:0.0002s ]
SQL: SELECT * FROM `xlr_cate` WHERE `pid` = 15  [ RunTime:0.0002s ]
SQL: SELECT * FROM `xlr_cate` WHERE `pid` = 17  [ RunTime:0.0002s ]
SQL: SELECT * FROM `xlr_cate` WHERE `pid` = 18  [ RunTime:0.0002s ]
SQL: SELECT * FROM `xlr_cate` WHERE `pid` = 20  [ RunTime:0.0002s ]
SQL: SELECT * FROM `xlr_cate` WHERE `pid` = 3  [ RunTime:0.0002s ]
SQL: SELECT * FROM `xlr_cate` WHERE `pid` = 19  [ RunTime:0.0002s ]
SQL: SHOW COLUMNS FROM `xlr_attr` [ RunTime:0.0104s ]
SQL: SELECT * FROM `xlr_attr` WHERE `cate_id` = 0  [ RunTime:0.0003s ]
INFO: [ view_parse ] --START--
INFO: [ template_filter ] --START--
INFO: Run Behavior\ContentReplaceBehavior [ RunTime:0.000122s ]
INFO: [ template_filter ] --END-- [ RunTime:0.000163s ]
NOTIC: [8] Use of undefined constant en - assumed 'en' D:\xampp\htdocs\TP\App\Runtime\Cache\Admin\ebbcb6553e826fbc091d4252662003b5.php 第 432 行.
NOTIC: [8] Use of undefined constant en - assumed 'en' D:\xampp\htdocs\TP\App\Runtime\Cache\Admin\ebbcb6553e826fbc091d4252662003b5.php 第 432 行.
NOTIC: [8] Use of undefined constant en - assumed 'en' D:\xampp\htdocs\TP\App\Runtime\Cache\Admin\ebbcb6553e826fbc091d4252662003b5.php 第 432 行.
NOTIC: [8] Use of undefined constant en - assumed 'en' D:\xampp\htdocs\TP\App\Runtime\Cache\Admin\ebbcb6553e826fbc091d4252662003b5.php 第 432 行.
NOTIC: [8] Use of undefined constant en - assumed 'en' D:\xampp\htdocs\TP\App\Runtime\Cache\Admin\ebbcb6553e826fbc091d4252662003b5.php 第 432 行.
NOTIC: [8] Use of undefined constant en - assumed 'en' D:\xampp\htdocs\TP\App\Runtime\Cache\Admin\ebbcb6553e826fbc091d4252662003b5.php 第 432 行.
NOTIC: [8] Use of undefined constant en - assumed 'en' D:\xampp\htdocs\TP\App\Runtime\Cache\Admin\ebbcb6553e826fbc091d4252662003b5.php 第 432 行.
NOTIC: [8] Use of undefined constant en - assumed 'en' D:\xampp\htdocs\TP\App\Runtime\Cache\Admin\ebbcb6553e826fbc091d4252662003b5.php 第 432 行.
NOTIC: [8] Use of undefined constant en - assumed 'en' D:\xampp\htdocs\TP\App\Runtime\Cache\Admin\ebbcb6553e826fbc091d4252662003b5.php 第 432 行.
NOTIC: [8] Use of undefined constant en - assumed 'en' D:\xampp\htdocs\TP\App\Runtime\Cache\Admin\ebbcb6553e826fbc091d4252662003b5.php 第 432 行.
INFO: Run Behavior\ParseTemplateBehavior [ RunTime:0.015138s ]
INFO: [ view_parse ] --END-- [ RunTime:0.015219s ]
INFO: [ view_filter ] --START--
INFO: Run Behavior\WriteHtmlCacheBehavior [ RunTime:0.000793s ]
INFO: [ view_filter ] --END-- [ RunTime:0.000849s ]
INFO: [ view_parse ] --START--
INFO: [ template_filter ] --START--
INFO: Run Behavior\ContentReplaceBehavior [ RunTime:0.000135s ]
INFO: [ template_filter ] --END-- [ RunTime:-0.023717s ]
INFO: Run Behavior\ParseTemplateBehavior [ RunTime:0.034214s ]
INFO: [ view_parse ] --END-- [ RunTime:-0.001599s ]
INFO: [ view_filter ] --START--
INFO: Run Behavior\WriteHtmlCacheBehavior [ RunTime:0.000009s ]
INFO: [ view_filter ] --END-- [ RunTime:-0.035019s ]
NOTIC: [2] Cannot modify header information - headers already sent by (output started at D:\xampp\htdocs\TP\ThinkPHP\Library\Think\View.class.php:95) D:\xampp\htdocs\TP\ThinkPHP\Library\Think\View.class.php 第 91 行.
NOTIC: [2] Cannot modify header information - headers already sent by (output started at D:\xampp\htdocs\TP\ThinkPHP\Library\Think\View.class.php:95) D:\xampp\htdocs\TP\ThinkPHP\Library\Think\View.class.php 第 92 行.
NOTIC: [2] Cannot modify header information - headers already sent by (output started at D:\xampp\htdocs\TP\ThinkPHP\Library\Think\View.class.php:95) D:\xampp\htdocs\TP\ThinkPHP\Library\Think\View.class.php 第 93 行.
INFO: [ app_end ] --START--
INFO: Run Behavior\ShowPageTraceBehavior [ RunTime:0.000765s ]
INFO: [ app_end ] --END-- [ RunTime:0.000811s ]

[ 2018-04-01T17:42:40+08:00 ] ::1 /TP/
INFO: [ app_init ] --START--
INFO: Run Behavior\BuildLiteBehavior [ RunTime:0.000016s ]
INFO: [ app_init ] --END-- [ RunTime:0.000655s ]
INFO: [ app_begin ] --START--
INFO: Run Behavior\ReadHtmlCacheBehavior [ RunTime:0.000742s ]
INFO: [ app_begin ] --END-- [ RunTime:0.000791s ]
SQL: SHOW COLUMNS FROM `xlr_menus` [ RunTime:0.0101s ]
SQL: SELECT * FROM `xlr_menus` WHERE `display` = 1 AND `pid` = 1 ORDER BY `order` asc  [ RunTime:0.0004s ]
SQL: SELECT * FROM `xlr_menus` WHERE `display` = 1 AND `pid` = 31 ORDER BY `order` asc  [ RunTime:0.0003s ]
SQL: SELECT * FROM `xlr_menus` WHERE `display` = 1 AND `pid` = 32 ORDER BY `order` asc  [ RunTime:0.0002s ]
SQL: SELECT * FROM `xlr_menus` WHERE `display` = 1 AND `pid` = 24 ORDER BY `order` asc  [ RunTime:0.0003s ]
SQL: SELECT * FROM `xlr_menus` WHERE `display` = 1 AND `pid` = 25 ORDER BY `order` asc  [ RunTime:0.0003s ]
SQL: SELECT * FROM `xlr_menus` WHERE `display` = 1 AND `pid` = 29 ORDER BY `order` asc  [ RunTime:0.0003s ]
SQL: SELECT * FROM `xlr_menus` WHERE `display` = 1 AND `pid` = 21 ORDER BY `order` asc  [ RunTime:0.0003s ]
SQL: SELECT * FROM `xlr_menus` WHERE `display` = 1 AND `pid` = 22 ORDER BY `order` asc  [ RunTime:0.0003s ]
SQL: SELECT * FROM `xlr_menus` WHERE `display` = 1 AND `pid` = 23 ORDER BY `order` asc  [ RunTime:0.0003s ]
SQL: SELECT * FROM `xlr_menus` WHERE `display` = 1 AND `pid` = 18 ORDER BY `order` asc  [ RunTime:0.0003s ]
SQL: SELECT * FROM `xlr_menus` WHERE `display` = 1 AND `pid` = 19 ORDER BY `order` asc  [ RunTime:0.0003s ]
SQL: SELECT * FROM `xlr_menus` WHERE `display` = 1 AND `pid` = 20 ORDER BY `order` asc  [ RunTime:0.0003s ]
SQL: SELECT * FROM `xlr_menus` WHERE `display` = 1 AND `pid` = 15 ORDER BY `order` asc  [ RunTime:0.0010s ]
SQL: SELECT * FROM `xlr_menus` WHERE `display` = 1 AND `pid` = 16 ORDER BY `order` asc  [ RunTime:0.0002s ]
SQL: SELECT * FROM `xlr_menus` WHERE `display` = 1 AND `pid` = 17 ORDER BY `order` asc  [ RunTime:0.0002s ]
SQL: SELECT * FROM `xlr_menus` WHERE `display` = 1 AND `pid` = 8 ORDER BY `order` asc  [ RunTime:0.0002s ]
SQL: SELECT * FROM `xlr_menus` WHERE `display` = 1 AND `pid` = 3 ORDER BY `order` asc  [ RunTime:0.0003s ]
SQL: SELECT * FROM `xlr_menus` WHERE `display` = 1 AND `pid` = 4 ORDER BY `order` asc  [ RunTime:0.0002s ]
SQL: SELECT * FROM `xlr_menus` WHERE `display` = 1 AND `pid` = 5 ORDER BY `order` asc  [ RunTime:0.0003s ]
SQL: SELECT * FROM `xlr_menus` WHERE `display` = 1 AND `pid` = 9 ORDER BY `order` asc  [ RunTime:0.0003s ]
SQL: SELECT * FROM `xlr_menus` WHERE `display` = 1 AND `pid` = 10 ORDER BY `order` asc  [ RunTime:0.0003s ]
SQL: SELECT * FROM `xlr_menus` WHERE `display` = 1 AND `pid` = 11 ORDER BY `order` asc  [ RunTime:0.0003s ]
SQL: SELECT * FROM `xlr_menus` WHERE `display` = 1 AND `pid` = 12 ORDER BY `order` asc  [ RunTime:0.0003s ]
SQL: SELECT * FROM `xlr_menus` WHERE `display` = 1 AND `pid` = 13 ORDER BY `order` asc  [ RunTime:0.0003s ]
SQL: SELECT * FROM `xlr_menus` WHERE `display` = 1 AND `pid` = 14 ORDER BY `order` asc  [ RunTime:0.0003s ]
SQL: SELECT * FROM `xlr_menus` WHERE `display` = 1 AND `pid` = 7 ORDER BY `order` asc  [ RunTime:0.0003s ]
SQL: SHOW COLUMNS FROM `xlr_cate` [ RunTime:0.0092s ]
SQL: SELECT * FROM `xlr_cate` WHERE `pid` = 0  [ RunTime:0.0005s ]
SQL: SELECT * FROM `xlr_cate` WHERE `pid` = 1  [ RunTime:0.0003s ]
SQL: SELECT * FROM `xlr_cate` WHERE `pid` = 4  [ RunTime:0.0005s ]
SQL: SELECT * FROM `xlr_cate` WHERE `pid` = 5  [ RunTime:0.0005s ]
SQL: SELECT * FROM `xlr_cate` WHERE `pid` = 6  [ RunTime:0.0005s ]
SQL: SELECT * FROM `xlr_cate` WHERE `pid` = 7  [ RunTime:0.0005s ]
SQL: SELECT * FROM `xlr_cate` WHERE `pid` = 11  [ RunTime:0.0004s ]
SQL: SELECT * FROM `xlr_cate` WHERE `pid` = 2  [ RunTime:0.0004s ]
SQL: SELECT * FROM `xlr_cate` WHERE `pid` = 13  [ RunTime:0.0004s ]
SQL: SELECT * FROM `xlr_cate` WHERE `pid` = 14  [ RunTime:0.0007s ]
SQL: SELECT * FROM `xlr_cate` WHERE `pid` = 15  [ RunTime:0.0005s ]
SQL: SELECT * FROM `xlr_cate` WHERE `pid` = 17  [ RunTime:0.0004s ]
SQL: SELECT * FROM `xlr_cate` WHERE `pid` = 18  [ RunTime:0.0005s ]
SQL: SELECT * FROM `xlr_cate` WHERE `pid` = 20  [ RunTime:0.0003s ]
SQL: SELECT * FROM `xlr_cate` WHERE `pid` = 3  [ RunTime:0.0003s ]
SQL: SELECT * FROM `xlr_cate` WHERE `pid` = 19  [ RunTime:0.0004s ]
SQL: SHOW COLUMNS FROM `xlr_attr` [ RunTime:0.0097s ]
SQL: SELECT * FROM `xlr_attr` WHERE `cate_id` = 0  [ RunTime:0.0002s ]
INFO: [ view_parse ] --START--
INFO: [ template_filter ] --START--
INFO: Run Behavior\ContentReplaceBehavior [ RunTime:0.000176s ]
INFO: [ template_filter ] --END-- [ RunTime:0.000222s ]
NOTIC: [8] Use of undefined constant en - assumed 'en' D:\xampp\htdocs\TP\App\Runtime\Cache\Admin\ebbcb6553e826fbc091d4252662003b5.php 第 432 行.
NOTIC: [8] Use of undefined constant en - assumed 'en' D:\xampp\htdocs\TP\App\Runtime\Cache\Admin\ebbcb6553e826fbc091d4252662003b5.php 第 432 行.
NOTIC: [8] Use of undefined constant en - assumed 'en' D:\xampp\htdocs\TP\App\Runtime\Cache\Admin\ebbcb6553e826fbc091d4252662003b5.php 第 432 行.
NOTIC: [8] Use of undefined constant en - assumed 'en' D:\xampp\htdocs\TP\App\Runtime\Cache\Admin\ebbcb6553e826fbc091d4252662003b5.php 第 432 行.
NOTIC: [8] Use of undefined constant en - assumed 'en' D:\xampp\htdocs\TP\App\Runtime\Cache\Admin\ebbcb6553e826fbc091d4252662003b5.php 第 432 行.
NOTIC: [8] Use of undefined constant en - assumed 'en' D:\xampp\htdocs\TP\App\Runtime\Cache\Admin\ebbcb6553e826fbc091d4252662003b5.php 第 432 行.
NOTIC: [8] Use of undefined constant en - assumed 'en' D:\xampp\htdocs\TP\App\Runtime\Cache\Admin\ebbcb6553e826fbc091d4252662003b5.php 第 432 行.
NOTIC: [8] Use of undefined constant en - assumed 'en' D:\xampp\htdocs\TP\App\Runtime\Cache\Admin\ebbcb6553e826fbc091d4252662003b5.php 第 432 行.
NOTIC: [8] Use of undefined constant en - assumed 'en' D:\xampp\htdocs\TP\App\Runtime\Cache\Admin\ebbcb6553e826fbc091d4252662003b5.php 第 432 行.
NOTIC: [8] Use of undefined constant en - assumed 'en' D:\xampp\htdocs\TP\App\Runtime\Cache\Admin\ebbcb6553e826fbc091d4252662003b5.php 第 432 行.
INFO: Run Behavior\ParseTemplateBehavior [ RunTime:0.016305s ]
INFO: [ view_parse ] --END-- [ RunTime:0.016346s ]
INFO: [ view_filter ] --START--
INFO: Run Behavior\WriteHtmlCacheBehavior [ RunTime:0.000551s ]
INFO: [ view_filter ] --END-- [ RunTime:0.000581s ]
INFO: [ view_parse ] --START--
INFO: [ template_filter ] --START--
INFO: Run Behavior\ContentReplaceBehavior [ RunTime:0.000073s ]
INFO: [ template_filter ] --END-- [ RunTime:-0.008613s ]
INFO: Run Behavior\ParseTemplateBehavior [ RunTime:0.009132s ]
INFO: [ view_parse ] --END-- [ RunTime:-0.001143s ]
INFO: [ view_filter ] --START--
INFO: Run Behavior\WriteHtmlCacheBehavior [ RunTime:0.000015s ]
INFO: [ view_filter ] --END-- [ RunTime:-0.009767s ]
NOTIC: [2] Cannot modify header information - headers already sent by (output started at D:\xampp\htdocs\TP\ThinkPHP\Library\Think\View.class.php:95) D:\xampp\htdocs\TP\ThinkPHP\Library\Think\View.class.php 第 91 行.
NOTIC: [2] Cannot modify header information - headers already sent by (output started at D:\xampp\htdocs\TP\ThinkPHP\Library\Think\View.class.php:95) D:\xampp\htdocs\TP\ThinkPHP\Library\Think\View.class.php 第 92 行.
NOTIC: [2] Cannot modify header information - headers already sent by (output started at D:\xampp\htdocs\TP\ThinkPHP\Library\Think\View.class.php:95) D:\xampp\htdocs\TP\ThinkPHP\Library\Think\View.class.php 第 93 行.
INFO: [ app_end ] --START--
INFO: Run Behavior\ShowPageTraceBehavior [ RunTime:0.001269s ]
INFO: [ app_end ] --END-- [ RunTime:0.001340s ]

