[ 2018-03-28T15:27:16+08:00 ] ::1 /TP/
INFO: [ app_init ] --START--
INFO: Run Behavior\BuildLiteBehavior [ RunTime:0.000021s ]
INFO: [ app_init ] --END-- [ RunTime:0.020679s ]
INFO: [ app_begin ] --START--
INFO: Run Behavior\ReadHtmlCacheBehavior [ RunTime:0.001293s ]
INFO: [ app_begin ] --END-- [ RunTime:0.001382s ]
SQL: SHOW COLUMNS FROM `xlr_menus` [ RunTime:0.0724s ]
SQL: SELECT * FROM `xlr_menus` WHERE `display` = 1 AND `pid` = 1 ORDER BY `order` asc  [ RunTime:0.0006s ]
SQL: SELECT * FROM `xlr_menus` WHERE `display` = 1 AND `pid` = 31 ORDER BY `order` asc  [ RunTime:0.0003s ]
SQL: SELECT * FROM `xlr_menus` WHERE `display` = 1 AND `pid` = 32 ORDER BY `order` asc  [ RunTime:0.0002s ]
SQL: SELECT * FROM `xlr_menus` WHERE `display` = 1 AND `pid` = 24 ORDER BY `order` asc  [ RunTime:0.0002s ]
SQL: SELECT * FROM `xlr_menus` WHERE `display` = 1 AND `pid` = 25 ORDER BY `order` asc  [ RunTime:0.0002s ]
SQL: SELECT * FROM `xlr_menus` WHERE `display` = 1 AND `pid` = 29 ORDER BY `order` asc  [ RunTime:0.0002s ]
SQL: SELECT * FROM `xlr_menus` WHERE `display` = 1 AND `pid` = 21 ORDER BY `order` asc  [ RunTime:0.0002s ]
SQL: SELECT * FROM `xlr_menus` WHERE `display` = 1 AND `pid` = 22 ORDER BY `order` asc  [ RunTime:0.0002s ]
SQL: SELECT * FROM `xlr_menus` WHERE `display` = 1 AND `pid` = 23 ORDER BY `order` asc  [ RunTime:0.0002s ]
SQL: SELECT * FROM `xlr_menus` WHERE `display` = 1 AND `pid` = 18 ORDER BY `order` asc  [ RunTime:0.0003s ]
SQL: SELECT * FROM `xlr_menus` WHERE `display` = 1 AND `pid` = 19 ORDER BY `order` asc  [ RunTime:0.0002s ]
SQL: SELECT * FROM `xlr_menus` WHERE `display` = 1 AND `pid` = 20 ORDER BY `order` asc  [ RunTime:0.0002s ]
SQL: SELECT * FROM `xlr_menus` WHERE `display` = 1 AND `pid` = 15 ORDER BY `order` asc  [ RunTime:0.0003s ]
SQL: SELECT * FROM `xlr_menus` WHERE `display` = 1 AND `pid` = 16 ORDER BY `order` asc  [ RunTime:0.0003s ]
SQL: SELECT * FROM `xlr_menus` WHERE `display` = 1 AND `pid` = 17 ORDER BY `order` asc  [ RunTime:0.0003s ]
SQL: SELECT * FROM `xlr_menus` WHERE `display` = 1 AND `pid` = 8 ORDER BY `order` asc  [ RunTime:0.0004s ]
SQL: SELECT * FROM `xlr_menus` WHERE `display` = 1 AND `pid` = 3 ORDER BY `order` asc  [ RunTime:0.0005s ]
SQL: SELECT * FROM `xlr_menus` WHERE `display` = 1 AND `pid` = 4 ORDER BY `order` asc  [ RunTime:0.0002s ]
SQL: SELECT * FROM `xlr_menus` WHERE `display` = 1 AND `pid` = 5 ORDER BY `order` asc  [ RunTime:0.0002s ]
SQL: SELECT * FROM `xlr_menus` WHERE `display` = 1 AND `pid` = 9 ORDER BY `order` asc  [ RunTime:0.0003s ]
SQL: SELECT * FROM `xlr_menus` WHERE `display` = 1 AND `pid` = 10 ORDER BY `order` asc  [ RunTime:0.0002s ]
SQL: SELECT * FROM `xlr_menus` WHERE `display` = 1 AND `pid` = 11 ORDER BY `order` asc  [ RunTime:0.0002s ]
SQL: SELECT * FROM `xlr_menus` WHERE `display` = 1 AND `pid` = 12 ORDER BY `order` asc  [ RunTime:0.0002s ]
SQL: SELECT * FROM `xlr_menus` WHERE `display` = 1 AND `pid` = 13 ORDER BY `order` asc  [ RunTime:0.0002s ]
SQL: SELECT * FROM `xlr_menus` WHERE `display` = 1 AND `pid` = 14 ORDER BY `order` asc  [ RunTime:0.0002s ]
SQL: SELECT * FROM `xlr_menus` WHERE `display` = 1 AND `pid` = 7 ORDER BY `order` asc  [ RunTime:0.0002s ]
SQL: SHOW COLUMNS FROM `xlr_cate` [ RunTime:0.0093s ]
SQL: SELECT * FROM `xlr_cate` WHERE `pid` = 0  [ RunTime:0.0003s ]
SQL: SELECT * FROM `xlr_cate` WHERE `pid` = 1  [ RunTime:0.0002s ]
SQL: SELECT * FROM `xlr_cate` WHERE `pid` = 4  [ RunTime:0.0002s ]
SQL: SELECT * FROM `xlr_cate` WHERE `pid` = 5  [ RunTime:0.0002s ]
SQL: SELECT * FROM `xlr_cate` WHERE `pid` = 6  [ RunTime:0.0002s ]
SQL: SELECT * FROM `xlr_cate` WHERE `pid` = 7  [ RunTime:0.0002s ]
SQL: SELECT * FROM `xlr_cate` WHERE `pid` = 11  [ RunTime:0.0002s ]
SQL: SELECT * FROM `xlr_cate` WHERE `pid` = 2  [ RunTime:0.0002s ]
SQL: SELECT * FROM `xlr_cate` WHERE `pid` = 13  [ RunTime:0.0002s ]
SQL: SELECT * FROM `xlr_cate` WHERE `pid` = 14  [ RunTime:0.0004s ]
SQL: SELECT * FROM `xlr_cate` WHERE `pid` = 15  [ RunTime:0.0003s ]
SQL: SELECT * FROM `xlr_cate` WHERE `pid` = 17  [ RunTime:0.0002s ]
SQL: SELECT * FROM `xlr_cate` WHERE `pid` = 18  [ RunTime:0.0003s ]
SQL: SELECT * FROM `xlr_cate` WHERE `pid` = 20  [ RunTime:0.0002s ]
SQL: SELECT * FROM `xlr_cate` WHERE `pid` = 3  [ RunTime:0.0004s ]
SQL: SELECT * FROM `xlr_cate` WHERE `pid` = 19  [ RunTime:0.0005s ]
SQL: SHOW COLUMNS FROM `xlr_attr` [ RunTime:0.0260s ]
SQL: SELECT * FROM `xlr_attr` WHERE `cate_id` = 0  [ RunTime:0.0003s ]
INFO: [ view_parse ] --START--
INFO: [ template_filter ] --START--
INFO: Run Behavior\ContentReplaceBehavior [ RunTime:0.000569s ]
INFO: [ template_filter ] --END-- [ RunTime:0.000856s ]
NOTIC: [8] Use of undefined constant en - assumed 'en' D:\xampp\htdocs\TP\App\Runtime\Cache\Admin\ebbcb6553e826fbc091d4252662003b5.php 第 432 行.
NOTIC: [8] Use of undefined constant en - assumed 'en' D:\xampp\htdocs\TP\App\Runtime\Cache\Admin\ebbcb6553e826fbc091d4252662003b5.php 第 432 行.
NOTIC: [8] Use of undefined constant en - assumed 'en' D:\xampp\htdocs\TP\App\Runtime\Cache\Admin\ebbcb6553e826fbc091d4252662003b5.php 第 432 行.
NOTIC: [8] Use of undefined constant en - assumed 'en' D:\xampp\htdocs\TP\App\Runtime\Cache\Admin\ebbcb6553e826fbc091d4252662003b5.php 第 432 行.
NOTIC: [8] Use of undefined constant en - assumed 'en' D:\xampp\htdocs\TP\App\Runtime\Cache\Admin\ebbcb6553e826fbc091d4252662003b5.php 第 432 行.
NOTIC: [8] Use of undefined constant en - assumed 'en' D:\xampp\htdocs\TP\App\Runtime\Cache\Admin\ebbcb6553e826fbc091d4252662003b5.php 第 432 行.
NOTIC: [8] Use of undefined constant en - assumed 'en' D:\xampp\htdocs\TP\App\Runtime\Cache\Admin\ebbcb6553e826fbc091d4252662003b5.php 第 432 行.
NOTIC: [8] Use of undefined constant en - assumed 'en' D:\xampp\htdocs\TP\App\Runtime\Cache\Admin\ebbcb6553e826fbc091d4252662003b5.php 第 432 行.
NOTIC: [8] Use of undefined constant en - assumed 'en' D:\xampp\htdocs\TP\App\Runtime\Cache\Admin\ebbcb6553e826fbc091d4252662003b5.php 第 432 行.
NOTIC: [8] Use of undefined constant en - assumed 'en' D:\xampp\htdocs\TP\App\Runtime\Cache\Admin\ebbcb6553e826fbc091d4252662003b5.php 第 432 行.
INFO: Run Behavior\ParseTemplateBehavior [ RunTime:0.114154s ]
INFO: [ view_parse ] --END-- [ RunTime:0.114217s ]
INFO: [ view_filter ] --START--
INFO: Run Behavior\WriteHtmlCacheBehavior [ RunTime:0.018784s ]
INFO: [ view_filter ] --END-- [ RunTime:0.018839s ]
INFO: [ view_parse ] --START--
INFO: [ template_filter ] --START--
INFO: Run Behavior\ContentReplaceBehavior [ RunTime:0.000069s ]
INFO: [ template_filter ] --END-- [ RunTime:-0.063946s ]
INFO: Run Behavior\ParseTemplateBehavior [ RunTime:0.024662s ]
INFO: [ view_parse ] --END-- [ RunTime:-0.020043s ]
INFO: [ view_filter ] --START--
INFO: Run Behavior\WriteHtmlCacheBehavior [ RunTime:0.000022s ]
INFO: [ view_filter ] --END-- [ RunTime:-0.025997s ]
NOTIC: [2] Cannot modify header information - headers already sent by (output started at D:\xampp\htdocs\TP\ThinkPHP\Library\Think\View.class.php:95) D:\xampp\htdocs\TP\ThinkPHP\Library\Think\View.class.php 第 91 行.
NOTIC: [2] Cannot modify header information - headers already sent by (output started at D:\xampp\htdocs\TP\ThinkPHP\Library\Think\View.class.php:95) D:\xampp\htdocs\TP\ThinkPHP\Library\Think\View.class.php 第 92 行.
NOTIC: [2] Cannot modify header information - headers already sent by (output started at D:\xampp\htdocs\TP\ThinkPHP\Library\Think\View.class.php:95) D:\xampp\htdocs\TP\ThinkPHP\Library\Think\View.class.php 第 93 行.
INFO: [ app_end ] --START--
INFO: Run Behavior\ShowPageTraceBehavior [ RunTime:0.023734s ]
INFO: [ app_end ] --END-- [ RunTime:0.023821s ]

